Log file open, 12/19/22 13:40:12
LogInit: Display: Running engine for game: U03_ThirdPerson
LogPlatformFile: Not using cached read wrapper
LogTaskGraph: Started task graph with 5 named threads and 20 total threads with 3 sets of task threads.
LogStats: Stats thread started at 0.360013
LogD3D11RHI: Loaded GFSDK_Aftermath_Lib.x64.dll
LogICUInternationalization: ICU TimeZone Detection - Raw Offset: +9:00, Platform Override: ''
LogPluginManager: Mounting plugin Paper2D
LogPluginManager: Mounting plugin AISupport
LogPluginManager: Mounting plugin LightPropagationVolume
LogPluginManager: Mounting plugin CameraShakePreviewer
LogPluginManager: Mounting plugin ActorLayerUtilities
LogPluginManager: Mounting plugin AnimationSharing
LogPluginManager: Mounting plugin CLionSourceCodeAccess
LogPluginManager: Mounting plugin CodeLiteSourceCodeAccess
LogPluginManager: Mounting plugin GitSourceControl
LogPluginManager: Mounting plugin KDevelopSourceCodeAccess
LogPluginManager: Mounting plugin NullSourceCodeAccess
LogPluginManager: Mounting plugin PerforceSourceControl
LogPluginManager: Mounting plugin PlasticSourceControl
LogPluginManager: Mounting plugin RiderSourceCodeAccess
LogPluginManager: Mounting plugin SubversionSourceControl
LogPluginManager: Mounting plugin UObjectPlugin
LogPluginManager: Mounting plugin VisualStudioCodeSourceCodeAccess
LogPluginManager: Mounting plugin VisualStudioSourceCodeAccess
LogPluginManager: Mounting plugin XCodeSourceCodeAccess
LogPluginManager: Mounting plugin AssetManagerEditor
LogPluginManager: Mounting plugin CryptoKeys
LogPluginManager: Mounting plugin CurveEditorTools
LogPluginManager: Mounting plugin DataValidation
LogPluginManager: Mounting plugin EditorScriptingUtilities
LogPluginManager: Mounting plugin FacialAnimation
LogPluginManager: Mounting plugin GameplayTagsEditor
LogPluginManager: Mounting plugin GeometryMode
LogPluginManager: Mounting plugin MacGraphicsSwitching
LogPluginManager: Mounting plugin MaterialAnalyzer
LogPluginManager: Mounting plugin MobileLauncherProfileWizard
LogPluginManager: Mounting plugin PluginBrowser
LogPluginManager: Mounting plugin SpeedTreeImporter
LogPluginManager: Mounting plugin DatasmithContent
LogPluginManager: Mounting plugin VariantManagerContent
LogPluginManager: Mounting plugin AlembicImporter
LogPluginManager: Mounting plugin AutomationUtils
LogPluginManager: Mounting plugin BackChannel
LogPluginManager: Mounting plugin ChaosCloth
LogPluginManager: Mounting plugin ChaosClothEditor
LogPluginManager: Mounting plugin ChaosEditor
LogPluginManager: Mounting plugin ChaosNiagara
LogPluginManager: Mounting plugin ChaosSolverPlugin
LogPluginManager: Mounting plugin CharacterAI
LogPluginManager: Mounting plugin GeometryCache
LogPluginManager: Mounting plugin GeometryCollectionPlugin
LogPluginManager: Mounting plugin GeometryProcessing
LogPluginManager: Mounting plugin PlanarCut
LogPluginManager: Mounting plugin PlatformCrypto
LogPluginManager: Mounting plugin ProxyLODPlugin
LogPluginManager: Mounting plugin SkeletalReduction
LogPluginManager: Mounting plugin Niagara
LogPluginManager: Mounting plugin MagicLeap
LogPluginManager: Mounting plugin MagicLeapLightEstimation
LogPluginManager: Mounting plugin MagicLeapMedia
LogPluginManager: Mounting plugin MagicLeapPassableWorld
LogPluginManager: Mounting plugin MLSDK
LogPluginManager: Mounting plugin AndroidMedia
LogPluginManager: Mounting plugin AvfMedia
LogPluginManager: Mounting plugin ImgMedia
LogPluginManager: Mounting plugin MediaCompositing
LogPluginManager: Mounting plugin MediaPlayerEditor
LogPluginManager: Mounting plugin WebMMedia
LogPluginManager: Mounting plugin WmfMedia
LogPluginManager: Mounting plugin MeshPainting
LogPluginManager: Mounting plugin TcpMessaging
LogPluginManager: Mounting plugin UdpMessaging
LogPluginManager: Mounting plugin ActorSequence
LogPluginManager: Mounting plugin LevelSequenceEditor
LogPluginManager: Mounting plugin MatineeToLevelSequence
LogPluginManager: Mounting plugin MovieRenderPipeline
LogPluginManager: Mounting plugin TemplateSequence
LogPluginManager: Mounting plugin NetcodeUnitTest
LogPluginManager: Mounting plugin NUTUnrealEngine4
LogPluginManager: Mounting plugin OnlineSubsystemGooglePlay
LogPluginManager: Mounting plugin OnlineSubsystemIOS
LogPluginManager: Mounting plugin OnlineSubsystem
LogPluginManager: Mounting plugin OnlineSubsystemNull
LogPluginManager: Mounting plugin OnlineSubsystemUtils
LogPluginManager: Mounting plugin LauncherChunkInstaller
LogPluginManager: Mounting plugin AndroidDeviceProfileSelector
LogPluginManager: Mounting plugin AndroidMoviePlayer
LogPluginManager: Mounting plugin AndroidPermission
LogPluginManager: Mounting plugin AppleImageUtils
LogPluginManager: Mounting plugin AppleMoviePlayer
LogPluginManager: Mounting plugin ArchVisCharacter
LogPluginManager: Mounting plugin AssetTags
LogPluginManager: Mounting plugin AudioCapture
LogPluginManager: Mounting plugin CableComponent
LogPluginManager: Mounting plugin CustomMeshComponent
LogPluginManager: Mounting plugin EditableMesh
LogPluginManager: Mounting plugin ExampleDeviceProfileSelector
LogPluginManager: Mounting plugin GoogleCloudMessaging
LogPluginManager: Mounting plugin GooglePAD
LogPluginManager: Mounting plugin IOSDeviceProfileSelector
LogPluginManager: Mounting plugin LinuxDeviceProfileSelector
LogPluginManager: Mounting plugin LocationServicesBPLibrary
LogPluginManager: Mounting plugin MobilePatchingUtils
LogPluginManager: Mounting plugin OculusVR
LogPluginManager: Mounting plugin PhysXVehicles
LogPluginManager: Mounting plugin PostSplashScreen
LogPluginManager: Mounting plugin ProceduralMeshComponent
LogPluginManager: Mounting plugin RuntimePhysXCooking
LogPluginManager: Mounting plugin SignificanceManager
LogPluginManager: Mounting plugin SoundFields
LogPluginManager: Mounting plugin SteamVR
LogPluginManager: Mounting plugin Synthesis
LogPluginManager: Mounting plugin WebMMoviePlayer
LogPluginManager: Mounting plugin WindowsMoviePlayer
LogPluginManager: Mounting plugin ScreenshotTools
LogInit: Using libcurl 7.55.1-DEV
LogInit:  - built for x86_64-pc-win32
LogInit:  - supports SSL with OpenSSL/1.1.1
LogInit:  - supports HTTP deflate (compression) using libz 1.2.8
LogInit:  - other features:
LogInit:      CURL_VERSION_SSL
LogInit:      CURL_VERSION_LIBZ
LogInit:      CURL_VERSION_IPV6
LogInit:      CURL_VERSION_ASYNCHDNS
LogInit:      CURL_VERSION_LARGEFILE
LogInit:      CURL_VERSION_IDN
LogInit:  CurlRequestOptions (configurable via config and command line):
LogInit:  - bVerifyPeer = true  - Libcurl will verify peer certificate
LogInit:  - bUseHttpProxy = false  - Libcurl will NOT use HTTP proxy
LogInit:  - bDontReuseConnections = false  - Libcurl will reuse connections
LogInit:  - MaxHostConnections = 16  - Libcurl will limit the number of connections to a host
LogInit:  - LocalHostAddr = Default
LogInit:  - BufferSize = 65536
LogOnline: OSS: Creating online subsystem instance for: NULL
LogInit: WinSock: version 1.1 (2.2), MaxSocks=32767, MaxUdp=65467
LogOnline: OSS: TryLoadSubsystemAndSetDefault: Loaded subsystem for module [NULL]
LogInit: Build: ++UE4+Release-4.25-CL-14469661
LogInit: Engine Version: 4.25.4-14469661+++UE4+Release-4.25
LogInit: Compatible Engine Version: 4.25.0-13144385+++UE4+Release-4.25
LogInit: Net CL: 13144385
LogInit: OS: Windows 10 (Release 2009) (), CPU: Intel(R) Core(TM) i5-9400F CPU @ 2.90GHz, GPU: NVIDIA GeForce GTX 1050
LogInit: Compiled (64-bit): Oct 11 2020 08:10:49
LogInit: Compiled with Visual C++: 19.24.28315.00
LogInit: Build Configuration: Development
LogInit: Branch Name: ++UE4+Release-4.25
LogInit: Command Line: 
LogInit: Base Directory: D:/ue4/UE_4.25/Engine/Binaries/Win64/
LogInit: Allocator: TBB
LogInit: Installed Engine Build: 1
LogDevObjectVersion: Number of dev versions registered: 26
LogDevObjectVersion:   Dev-Blueprints (B0D832E4-1F89-4F0D-ACCF-7EB736FD4AA2): 10
LogDevObjectVersion:   Dev-Build (E1C64328-A22C-4D53-A36C-8E866417BD8C): 0
LogDevObjectVersion:   Dev-Core (375EC13C-06E4-48FB-B500-84F0262A717E): 4
LogDevObjectVersion:   Dev-Editor (E4B068ED-F494-42E9-A231-DA0B2E46BB41): 38
LogDevObjectVersion:   Dev-Framework (CFFC743F-43B0-4480-9391-14DF171D2073): 37
LogDevObjectVersion:   Dev-Mobile (B02B49B5-BB20-44E9-A304-32B752E40360): 2
LogDevObjectVersion:   Dev-Networking (A4E4105C-59A1-49B5-A7C5-40C4547EDFEE): 0
LogDevObjectVersion:   Dev-Online (39C831C9-5AE6-47DC-9A44-9C173E1C8E7C): 0
LogDevObjectVersion:   Dev-Physics (78F01B33-EBEA-4F98-B9B4-84EACCB95AA2): 4
LogDevObjectVersion:   Dev-Platform (6631380F-2D4D-43E0-8009-CF276956A95A): 0
LogDevObjectVersion:   Dev-Rendering (12F88B9F-8875-4AFC-A67C-D90C383ABD29): 43
LogDevObjectVersion:   Dev-Sequencer (7B5AE74C-D270-4C10-A958-57980B212A5A): 12
LogDevObjectVersion:   Dev-VR (D7296918-1DD6-4BDD-9DE2-64A83CC13884): 3
LogDevObjectVersion:   Dev-LoadTimes (C2A15278-BFE7-4AFE-6C17-90FF531DF755): 1
LogDevObjectVersion:   Private-Geometry (6EACA3D4-40EC-4CC1-B786-8BED09428FC5): 3
LogDevObjectVersion:   Dev-AnimPhys (29E575DD-E0A3-4627-9D10-D276232CDCEA): 17
LogDevObjectVersion:   Dev-Anim (AF43A65D-7FD3-4947-9873-3E8ED9C1BB05): 7
LogDevObjectVersion:   Dev-ReflectionCapture (6B266CEC-1EC7-4B8F-A30B-E4D90942FC07): 1
LogDevObjectVersion:   Dev-Automation (0DF73D61-A23F-47EA-B727-89E90C41499A): 1
LogDevObjectVersion:   FortniteMain (601D1886-AC64-4F84-AA16-D3DE0DEAC7D6): 31
LogDevObjectVersion:   Dev-Enterprise (9DFFBCD6-494F-0158-E221-12823C92A888): 10
LogDevObjectVersion:   Dev-Niagara (F2AED0AC-9AFE-416F-8664-AA7FFA26D6FC): 1
LogDevObjectVersion:   Dev-Destruction (174F1F0B-B4C6-45A5-B13F-2EE8D0FB917D): 10
LogDevObjectVersion:   Dev-Physics-Ext (35F94A83-E258-406C-A318-09F59610247C): 37
LogDevObjectVersion:   Dev-PhysicsMaterial-Chaos (B68FC16E-8B1B-42E2-B453-215C058844FE): 1
LogDevObjectVersion:   Dev-CineCamera (B2E18506-4273-CFC2-A54E-F4BB758BBA07): 1
LogInit: Presizing for max 25165824 objects, including 0 objects not considered by GC, pre-allocating 0 bytes for permanent pool.
LogConfig: Applying CVar settings from Section [/Script/Engine.StreamingSettings] File [D:/U03_ThirdPerson/U03_ThirdPerson_bk/Saved/Config/Windows/Engine.ini]
LogConfig: Setting CVar [[s.MinBulkDataSizeForAsyncLoading:131072]]
LogConfig: Setting CVar [[s.AsyncLoadingThreadEnabled:0]]
LogConfig: Setting CVar [[s.EventDrivenLoaderEnabled:1]]
LogConfig: Setting CVar [[s.WarnIfTimeLimitExceeded:0]]
LogConfig: Setting CVar [[s.TimeLimitExceededMultiplier:1.5]]
LogConfig: Setting CVar [[s.TimeLimitExceededMinTime:0.005]]
LogConfig: Setting CVar [[s.UseBackgroundLevelStreaming:1]]
LogConfig: Setting CVar [[s.PriorityAsyncLoadingExtraTime:15.0]]
LogConfig: Setting CVar [[s.LevelStreamingActorsUpdateTimeLimit:5.0]]
LogConfig: Setting CVar [[s.PriorityLevelStreamingActorsUpdateExtraTime:5.0]]
LogConfig: Setting CVar [[s.LevelStreamingComponentsRegistrationGranularity:10]]
LogConfig: Setting CVar [[s.UnregisterComponentsTimeLimit:1.0]]
LogConfig: Setting CVar [[s.LevelStreamingComponentsUnregistrationGranularity:5]]
LogConfig: Setting CVar [[s.FlushStreamingOnExit:1]]
LogInit: Object subsystem initialized
LogConfig: Setting CVar [[con.DebugEarlyDefault:1]]
LogConfig: Setting CVar [[r.setres:1280x720]]
[2022.12.19-04.40.15:458][  0]LogConfig: Setting CVar [[r.VSync:0]]
[2022.12.19-04.40.15:458][  0]LogConfig: Setting CVar [[r.RHICmdBypass:0]]
[2022.12.19-04.40.15:458][  0]LogConfig: Applying CVar settings from Section [/Script/Engine.RendererSettings] File [D:/U03_ThirdPerson/U03_ThirdPerson_bk/Saved/Config/Windows/Engine.ini]
[2022.12.19-04.40.15:458][  0]LogConfig: Setting CVar [[r.GPUCrashDebugging:0]]
[2022.12.19-04.40.15:458][  0]LogConfig: Setting CVar [[r.CustomDepth:3]]
[2022.12.19-04.40.15:458][  0]LogConfig: Applying CVar settings from Section [/Script/Engine.RendererOverrideSettings] File [D:/U03_ThirdPerson/U03_ThirdPerson_bk/Saved/Config/Windows/Engine.ini]
[2022.12.19-04.40.15:458][  0]LogConfig: Applying CVar settings from Section [/Script/Engine.StreamingSettings] File [D:/U03_ThirdPerson/U03_ThirdPerson_bk/Saved/Config/Windows/Engine.ini]
[2022.12.19-04.40.15:458][  0]LogConfig: Setting CVar [[s.MinBulkDataSizeForAsyncLoading:131072]]
[2022.12.19-04.40.15:458][  0]LogConfig: Setting CVar [[s.AsyncLoadingThreadEnabled:0]]
[2022.12.19-04.40.15:458][  0]LogConfig: Setting CVar [[s.EventDrivenLoaderEnabled:1]]
[2022.12.19-04.40.15:458][  0]LogConfig: Setting CVar [[s.WarnIfTimeLimitExceeded:0]]
[2022.12.19-04.40.15:458][  0]LogConfig: Setting CVar [[s.TimeLimitExceededMultiplier:1.5]]
[2022.12.19-04.40.15:458][  0]LogConfig: Setting CVar [[s.TimeLimitExceededMinTime:0.005]]
[2022.12.19-04.40.15:458][  0]LogConfig: Setting CVar [[s.UseBackgroundLevelStreaming:1]]
[2022.12.19-04.40.15:458][  0]LogConfig: Setting CVar [[s.PriorityAsyncLoadingExtraTime:15.0]]
[2022.12.19-04.40.15:458][  0]LogConfig: Setting CVar [[s.LevelStreamingActorsUpdateTimeLimit:5.0]]
[2022.12.19-04.40.15:458][  0]LogConfig: Setting CVar [[s.PriorityLevelStreamingActorsUpdateExtraTime:5.0]]
[2022.12.19-04.40.15:458][  0]LogConfig: Setting CVar [[s.LevelStreamingComponentsRegistrationGranularity:10]]
[2022.12.19-04.40.15:458][  0]LogConfig: Setting CVar [[s.UnregisterComponentsTimeLimit:1.0]]
[2022.12.19-04.40.15:458][  0]LogConfig: Setting CVar [[s.LevelStreamingComponentsUnregistrationGranularity:5]]
[2022.12.19-04.40.15:458][  0]LogConfig: Setting CVar [[s.FlushStreamingOnExit:1]]
[2022.12.19-04.40.15:458][  0]LogConfig: Applying CVar settings from Section [/Script/Engine.GarbageCollectionSettings] File [D:/U03_ThirdPerson/U03_ThirdPerson_bk/Saved/Config/Windows/Engine.ini]
[2022.12.19-04.40.15:458][  0]LogConfig: Setting CVar [[gc.MaxObjectsNotConsideredByGC:1]]
[2022.12.19-04.40.15:458][  0]LogConfig: Setting CVar [[gc.SizeOfPermanentObjectPool:0]]
[2022.12.19-04.40.15:458][  0]LogConfig: Setting CVar [[gc.FlushStreamingOnGC:0]]
[2022.12.19-04.40.15:458][  0]LogConfig: Setting CVar [[gc.NumRetriesBeforeForcingGC:10]]
[2022.12.19-04.40.15:458][  0]LogConfig: Setting CVar [[gc.AllowParallelGC:1]]
[2022.12.19-04.40.15:458][  0]LogConfig: Setting CVar [[gc.TimeBetweenPurgingPendingKillObjects:61.1]]
[2022.12.19-04.40.15:458][  0]LogConfig: Setting CVar [[gc.MaxObjectsInEditor:25165824]]
[2022.12.19-04.40.15:458][  0]LogConfig: Setting CVar [[gc.IncrementalBeginDestroyEnabled:1]]
[2022.12.19-04.40.15:458][  0]LogConfig: Setting CVar [[gc.CreateGCClusters:1]]
[2022.12.19-04.40.15:458][  0]LogConfig: Setting CVar [[gc.MinGCClusterSize:5]]
[2022.12.19-04.40.15:458][  0]LogConfig: Setting CVar [[gc.ActorClusteringEnabled:0]]
[2022.12.19-04.40.15:458][  0]LogConfig: Setting CVar [[gc.BlueprintClusteringEnabled:0]]
[2022.12.19-04.40.15:458][  0]LogConfig: Setting CVar [[gc.UseDisregardForGCOnDedicatedServers:0]]
[2022.12.19-04.40.15:458][  0]LogConfig: Applying CVar settings from Section [/Script/Engine.NetworkSettings] File [D:/U03_ThirdPerson/U03_ThirdPerson_bk/Saved/Config/Windows/Engine.ini]
[2022.12.19-04.40.15:458][  0]LogConfig: Applying CVar settings from Section [/Script/UnrealEd.CookerSettings] File [D:/U03_ThirdPerson/U03_ThirdPerson_bk/Saved/Config/Windows/Engine.ini]
[2022.12.19-04.40.15:460][  0]LogConfig: Applying CVar settings from Section [ViewDistanceQuality@3] File [D:/U03_ThirdPerson/U03_ThirdPerson_bk/Saved/Config/Windows/Scalability.ini]
[2022.12.19-04.40.15:460][  0]LogConfig: Setting CVar [[r.SkeletalMeshLODBias:0]]
[2022.12.19-04.40.15:460][  0]LogConfig: Setting CVar [[r.ViewDistanceScale:1.0]]
[2022.12.19-04.40.15:460][  0]LogConfig: Applying CVar settings from Section [AntiAliasingQuality@3] File [D:/U03_ThirdPerson/U03_ThirdPerson_bk/Saved/Config/Windows/Scalability.ini]
[2022.12.19-04.40.15:460][  0]LogConfig: Setting CVar [[r.PostProcessAAQuality:4]]
[2022.12.19-04.40.15:460][  0]LogConfig: Applying CVar settings from Section [ShadowQuality@3] File [D:/U03_ThirdPerson/U03_ThirdPerson_bk/Saved/Config/Windows/Scalability.ini]
[2022.12.19-04.40.15:460][  0]LogConfig: Setting CVar [[r.LightFunctionQuality:1]]
[2022.12.19-04.40.15:460][  0]LogConfig: Setting CVar [[r.ShadowQuality:5]]
[2022.12.19-04.40.15:460][  0]LogConfig: Setting CVar [[r.Shadow.CSM.MaxCascades:10]]
[2022.12.19-04.40.15:460][  0]LogConfig: Setting CVar [[r.Shadow.MaxResolution:2048]]
[2022.12.19-04.40.15:460][  0]LogConfig: Setting CVar [[r.Shadow.MaxCSMResolution:2048]]
[2022.12.19-04.40.15:460][  0]LogConfig: Setting CVar [[r.Shadow.RadiusThreshold:0.01]]
[2022.12.19-04.40.15:460][  0]LogConfig: Setting CVar [[r.Shadow.DistanceScale:1.0]]
[2022.12.19-04.40.15:460][  0]LogConfig: Setting CVar [[r.Shadow.CSM.TransitionScale:1.0]]
[2022.12.19-04.40.15:460][  0]LogConfig: Setting CVar [[r.Shadow.PreShadowResolutionFactor:1.0]]
[2022.12.19-04.40.15:460][  0]LogConfig: Setting CVar [[r.DistanceFieldShadowing:1]]
[2022.12.19-04.40.15:460][  0]LogConfig: Setting CVar [[r.DistanceFieldAO:1]]
[2022.12.19-04.40.15:460][  0]LogConfig: Setting CVar [[r.AOQuality:2]]
[2022.12.19-04.40.15:460][  0]LogConfig: Setting CVar [[r.VolumetricFog:1]]
[2022.12.19-04.40.15:460][  0]LogConfig: Setting CVar [[r.VolumetricFog.GridPixelSize:8]]
[2022.12.19-04.40.15:460][  0]LogConfig: Setting CVar [[r.VolumetricFog.GridSizeZ:128]]
[2022.12.19-04.40.15:460][  0]LogConfig: Setting CVar [[r.VolumetricFog.HistoryMissSupersampleCount:4]]
[2022.12.19-04.40.15:460][  0]LogConfig: Setting CVar [[r.LightMaxDrawDistanceScale:1]]
[2022.12.19-04.40.15:460][  0]LogConfig: Setting CVar [[r.CapsuleShadows:1]]
[2022.12.19-04.40.15:460][  0]LogConfig: Applying CVar settings from Section [PostProcessQuality@3] File [D:/U03_ThirdPerson/U03_ThirdPerson_bk/Saved/Config/Windows/Scalability.ini]
[2022.12.19-04.40.15:460][  0]LogConfig: Setting CVar [[r.MotionBlurQuality:4]]
[2022.12.19-04.40.15:460][  0]LogConfig: Setting CVar [[r.AmbientOcclusionMipLevelFactor:0.4]]
[2022.12.19-04.40.15:460][  0]LogConfig: Setting CVar [[r.AmbientOcclusionMaxQuality:100]]
[2022.12.19-04.40.15:460][  0]LogConfig: Setting CVar [[r.AmbientOcclusionLevels:-1]]
[2022.12.19-04.40.15:460][  0]LogConfig: Setting CVar [[r.AmbientOcclusionRadiusScale:1.0]]
[2022.12.19-04.40.15:460][  0]LogConfig: Setting CVar [[r.DepthOfFieldQuality:2]]
[2022.12.19-04.40.15:460][  0]LogConfig: Setting CVar [[r.RenderTargetPoolMin:400]]
[2022.12.19-04.40.15:460][  0]LogConfig: Setting CVar [[r.LensFlareQuality:2]]
[2022.12.19-04.40.15:460][  0]LogConfig: Setting CVar [[r.SceneColorFringeQuality:1]]
[2022.12.19-04.40.15:460][  0]LogConfig: Setting CVar [[r.EyeAdaptationQuality:2]]
[2022.12.19-04.40.15:460][  0]LogConfig: Setting CVar [[r.BloomQuality:5]]
[2022.12.19-04.40.15:460][  0]LogConfig: Setting CVar [[r.FastBlurThreshold:100]]
[2022.12.19-04.40.15:460][  0]LogConfig: Setting CVar [[r.Upscale.Quality:3]]
[2022.12.19-04.40.15:460][  0]LogConfig: Setting CVar [[r.Tonemapper.GrainQuantization:1]]
[2022.12.19-04.40.15:460][  0]LogConfig: Setting CVar [[r.LightShaftQuality:1]]
[2022.12.19-04.40.15:460][  0]LogConfig: Setting CVar [[r.Filter.SizeScale:1]]
[2022.12.19-04.40.15:460][  0]LogConfig: Setting CVar [[r.Tonemapper.Quality:5]]
[2022.12.19-04.40.15:460][  0]LogConfig: Setting CVar [[r.DOF.Gather.AccumulatorQuality:1        ; higher gathering accumulator quality]]
[2022.12.19-04.40.15:460][  0]LogConfig: Setting CVar [[r.DOF.Gather.PostfilterMethod:1          ; Median3x3 postfilering method]]
[2022.12.19-04.40.15:460][  0]LogConfig: Setting CVar [[r.DOF.Gather.EnableBokehSettings:0       ; no bokeh simulation when gathering]]
[2022.12.19-04.40.15:460][  0]LogConfig: Setting CVar [[r.DOF.Gather.RingCount:4                 ; medium number of samples when gathering]]
[2022.12.19-04.40.15:460][  0]LogConfig: Setting CVar [[r.DOF.Scatter.ForegroundCompositing:1    ; additive foreground scattering]]
[2022.12.19-04.40.15:460][  0]LogConfig: Setting CVar [[r.DOF.Scatter.BackgroundCompositing:2    ; additive background scattering]]
[2022.12.19-04.40.15:460][  0]LogConfig: Setting CVar [[r.DOF.Scatter.EnableBokehSettings:1      ; bokeh simulation when scattering]]
[2022.12.19-04.40.15:460][  0]LogConfig: Setting CVar [[r.DOF.Scatter.MaxSpriteRatio:0.1         ; only a maximum of 10% of scattered bokeh]]
[2022.12.19-04.40.15:460][  0]LogConfig: Setting CVar [[r.DOF.Recombine.Quality:1                ; cheap slight out of focus]]
[2022.12.19-04.40.15:460][  0]LogConfig: Setting CVar [[r.DOF.Recombine.EnableBokehSettings:0    ; no bokeh simulation on slight out of focus]]
[2022.12.19-04.40.15:460][  0]LogConfig: Setting CVar [[r.DOF.TemporalAAQuality:1                ; more stable temporal accumulation]]
[2022.12.19-04.40.15:460][  0]LogConfig: Setting CVar [[r.DOF.Kernel.MaxForegroundRadius:0.025]]
[2022.12.19-04.40.15:460][  0]LogConfig: Setting CVar [[r.DOF.Kernel.MaxBackgroundRadius:0.025]]
[2022.12.19-04.40.15:460][  0]LogConfig: Applying CVar settings from Section [TextureQuality@3] File [D:/U03_ThirdPerson/U03_ThirdPerson_bk/Saved/Config/Windows/Scalability.ini]
[2022.12.19-04.40.15:461][  0]LogConfig: Setting CVar [[r.Streaming.MipBias:0]]
[2022.12.19-04.40.15:461][  0]LogConfig: Setting CVar [[r.Streaming.AmortizeCPUToGPUCopy:0]]
[2022.12.19-04.40.15:461][  0]LogConfig: Setting CVar [[r.Streaming.MaxNumTexturesToStreamPerFrame:0]]
[2022.12.19-04.40.15:461][  0]LogConfig: Setting CVar [[r.Streaming.Boost:1]]
[2022.12.19-04.40.15:461][  0]LogConfig: Setting CVar [[r.MaxAnisotropy:8]]
[2022.12.19-04.40.15:461][  0]LogConfig: Setting CVar [[r.VT.MaxAnisotropy:8]]
[2022.12.19-04.40.15:461][  0]LogConfig: Setting CVar [[r.Streaming.LimitPoolSizeToVRAM:0]]
[2022.12.19-04.40.15:461][  0]LogConfig: Setting CVar [[r.Streaming.PoolSize:1000]]
[2022.12.19-04.40.15:461][  0]LogConfig: Setting CVar [[r.Streaming.MaxEffectiveScreenSize:0]]
[2022.12.19-04.40.15:461][  0]LogConfig: Applying CVar settings from Section [EffectsQuality@3] File [D:/U03_ThirdPerson/U03_ThirdPerson_bk/Saved/Config/Windows/Scalability.ini]
[2022.12.19-04.40.15:461][  0]LogConfig: Setting CVar [[r.TranslucencyLightingVolumeDim:64]]
[2022.12.19-04.40.15:461][  0]LogConfig: Setting CVar [[r.RefractionQuality:2]]
[2022.12.19-04.40.15:461][  0]LogConfig: Setting CVar [[r.SSR.Quality:3]]
[2022.12.19-04.40.15:461][  0]LogConfig: Setting CVar [[r.SSR.HalfResSceneColor:0]]
[2022.12.19-04.40.15:461][  0]LogConfig: Setting CVar [[r.SceneColorFormat:4]]
[2022.12.19-04.40.15:461][  0]LogConfig: Setting CVar [[r.DetailMode:2]]
[2022.12.19-04.40.15:461][  0]LogConfig: Setting CVar [[r.TranslucencyVolumeBlur:1]]
[2022.12.19-04.40.15:461][  0]LogConfig: Setting CVar [[r.MaterialQualityLevel:1 ; High quality]]
[2022.12.19-04.40.15:461][  0]LogConfig: Setting CVar [[r.SSS.Scale:1]]
[2022.12.19-04.40.15:461][  0]LogConfig: Setting CVar [[r.SSS.SampleSet:2]]
[2022.12.19-04.40.15:461][  0]LogConfig: Setting CVar [[r.SSS.Quality:1]]
[2022.12.19-04.40.15:461][  0]LogConfig: Setting CVar [[r.SSS.HalfRes:0]]
[2022.12.19-04.40.15:461][  0]LogConfig: Setting CVar [[r.SSGI.Quality:3]]
[2022.12.19-04.40.15:461][  0]LogConfig: Setting CVar [[r.EmitterSpawnRateScale:1.0]]
[2022.12.19-04.40.15:461][  0]LogConfig: Setting CVar [[r.ParticleLightQuality:2]]
[2022.12.19-04.40.15:461][  0]LogConfig: Setting CVar [[r.SkyAtmosphere.AerialPerspectiveLUT.FastApplyOnOpaque:1 ; Always have FastSkyLUT 1 in this case to avoid wrong sky]]
[2022.12.19-04.40.15:461][  0]LogConfig: Setting CVar [[r.SkyAtmosphere.AerialPerspectiveLUT.SampleCountPerSlice:1]]
[2022.12.19-04.40.15:461][  0]LogConfig: Setting CVar [[r.SkyAtmosphere.AerialPerspectiveLUT.DepthResolution:16.0]]
[2022.12.19-04.40.15:461][  0]LogConfig: Setting CVar [[r.SkyAtmosphere.FastSkyLUT:1]]
[2022.12.19-04.40.15:461][  0]LogConfig: Setting CVar [[r.SkyAtmosphere.FastSkyLUT.SampleCountMin:4.0]]
[2022.12.19-04.40.15:461][  0]LogConfig: Setting CVar [[r.SkyAtmosphere.FastSkyLUT.SampleCountMax:32.0]]
[2022.12.19-04.40.15:461][  0]LogConfig: Setting CVar [[r.SkyAtmosphere.SampleCountMin:4.0]]
[2022.12.19-04.40.15:461][  0]LogConfig: Setting CVar [[r.SkyAtmosphere.SampleCountMax:32.0]]
[2022.12.19-04.40.15:461][  0]LogConfig: Setting CVar [[r.SkyAtmosphere.TransmittanceLUT.UseSmallFormat:0]]
[2022.12.19-04.40.15:461][  0]LogConfig: Setting CVar [[r.SkyAtmosphere.TransmittanceLUT.SampleCount:10.0]]
[2022.12.19-04.40.15:461][  0]LogConfig: Setting CVar [[r.SkyAtmosphere.MultiScatteringLUT.SampleCount:15.0]]
[2022.12.19-04.40.15:461][  0]LogConfig: Applying CVar settings from Section [FoliageQuality@3] File [D:/U03_ThirdPerson/U03_ThirdPerson_bk/Saved/Config/Windows/Scalability.ini]
[2022.12.19-04.40.15:461][  0]LogConfig: Setting CVar [[foliage.DensityScale:1.0]]
[2022.12.19-04.40.15:461][  0]LogConfig: Setting CVar [[grass.DensityScale:1.0]]
[2022.12.19-04.40.15:461][  0]LogConfig: Applying CVar settings from Section [ShadingQuality@3] File [D:/U03_ThirdPerson/U03_ThirdPerson_bk/Saved/Config/Windows/Scalability.ini]
[2022.12.19-04.40.15:461][  0]LogConfig: Setting CVar [[r.HairStrands.SkyLighting.SampleCount:16]]
[2022.12.19-04.40.15:461][  0]LogConfig: Setting CVar [[r.HairStrands.SkyLighting.JitterIntegration:0]]
[2022.12.19-04.40.15:461][  0]LogConfig: Setting CVar [[r.HairStrands.SkyAO.SampleCount:16]]
[2022.12.19-04.40.15:461][  0]LogConfig: Setting CVar [[r.HairStrands.DeepShadow.SuperSampling:0]]
[2022.12.19-04.40.15:461][  0]LogConfig: Setting CVar [[r.HairStrands.VisibilityPPLL:0]]
[2022.12.19-04.40.15:461][  0]LogConfig: Setting CVar [[r.HairStrands.RasterizationScale:0.5]]
[2022.12.19-04.40.15:461][  0]LogConfig: Setting CVar [[r.HairStrands.VelocityRasterizationScale:1]]
[2022.12.19-04.40.15:461][  0]LogInit: Selected Device Profile: [Windows]
[2022.12.19-04.40.15:461][  0]LogInit: Applying CVar settings loaded from the selected device profile: [Windows]
[2022.12.19-04.40.15:461][  0]LogHAL: Display: Platform has ~ 16 GB [17110802432 / 17179869184 / 16], which maps to Larger [LargestMinGB=32, LargerMinGB=12, DefaultMinGB=8, SmallerMinGB=6, SmallestMinGB=0)
[2022.12.19-04.40.15:461][  0]LogInit: Going up to parent DeviceProfile []
[2022.12.19-04.40.15:461][  0]LogConfig: Applying CVar settings from Section [ViewDistanceQuality@3] File [D:/U03_ThirdPerson/U03_ThirdPerson_bk/Saved/Config/Windows/Scalability.ini]
[2022.12.19-04.40.15:461][  0]LogConfig: Setting CVar [[r.SkeletalMeshLODBias:0]]
[2022.12.19-04.40.15:461][  0]LogConfig: Setting CVar [[r.ViewDistanceScale:1.0]]
[2022.12.19-04.40.15:461][  0]LogConfig: Applying CVar settings from Section [AntiAliasingQuality@3] File [D:/U03_ThirdPerson/U03_ThirdPerson_bk/Saved/Config/Windows/Scalability.ini]
[2022.12.19-04.40.15:461][  0]LogConfig: Setting CVar [[r.PostProcessAAQuality:4]]
[2022.12.19-04.40.15:461][  0]LogConfig: Applying CVar settings from Section [ShadowQuality@3] File [D:/U03_ThirdPerson/U03_ThirdPerson_bk/Saved/Config/Windows/Scalability.ini]
[2022.12.19-04.40.15:461][  0]LogConfig: Setting CVar [[r.LightFunctionQuality:1]]
[2022.12.19-04.40.15:461][  0]LogConfig: Setting CVar [[r.ShadowQuality:5]]
[2022.12.19-04.40.15:461][  0]LogConfig: Setting CVar [[r.Shadow.CSM.MaxCascades:10]]
[2022.12.19-04.40.15:461][  0]LogConfig: Setting CVar [[r.Shadow.MaxResolution:2048]]
[2022.12.19-04.40.15:461][  0]LogConfig: Setting CVar [[r.Shadow.MaxCSMResolution:2048]]
[2022.12.19-04.40.15:461][  0]LogConfig: Setting CVar [[r.Shadow.RadiusThreshold:0.01]]
[2022.12.19-04.40.15:461][  0]LogConfig: Setting CVar [[r.Shadow.DistanceScale:1.0]]
[2022.12.19-04.40.15:461][  0]LogConfig: Setting CVar [[r.Shadow.CSM.TransitionScale:1.0]]
[2022.12.19-04.40.15:461][  0]LogConfig: Setting CVar [[r.Shadow.PreShadowResolutionFactor:1.0]]
[2022.12.19-04.40.15:461][  0]LogConfig: Setting CVar [[r.DistanceFieldShadowing:1]]
[2022.12.19-04.40.15:461][  0]LogConfig: Setting CVar [[r.DistanceFieldAO:1]]
[2022.12.19-04.40.15:461][  0]LogConfig: Setting CVar [[r.AOQuality:2]]
[2022.12.19-04.40.15:461][  0]LogConfig: Setting CVar [[r.VolumetricFog:1]]
[2022.12.19-04.40.15:461][  0]LogConfig: Setting CVar [[r.VolumetricFog.GridPixelSize:8]]
[2022.12.19-04.40.15:461][  0]LogConfig: Setting CVar [[r.VolumetricFog.GridSizeZ:128]]
[2022.12.19-04.40.15:461][  0]LogConfig: Setting CVar [[r.VolumetricFog.HistoryMissSupersampleCount:4]]
[2022.12.19-04.40.15:461][  0]LogConfig: Setting CVar [[r.LightMaxDrawDistanceScale:1]]
[2022.12.19-04.40.15:461][  0]LogConfig: Setting CVar [[r.CapsuleShadows:1]]
[2022.12.19-04.40.15:461][  0]LogConfig: Applying CVar settings from Section [PostProcessQuality@3] File [D:/U03_ThirdPerson/U03_ThirdPerson_bk/Saved/Config/Windows/Scalability.ini]
[2022.12.19-04.40.15:461][  0]LogConfig: Setting CVar [[r.MotionBlurQuality:4]]
[2022.12.19-04.40.15:461][  0]LogConfig: Setting CVar [[r.AmbientOcclusionMipLevelFactor:0.4]]
[2022.12.19-04.40.15:461][  0]LogConfig: Setting CVar [[r.AmbientOcclusionMaxQuality:100]]
[2022.12.19-04.40.15:461][  0]LogConfig: Setting CVar [[r.AmbientOcclusionLevels:-1]]
[2022.12.19-04.40.15:462][  0]LogConfig: Setting CVar [[r.AmbientOcclusionRadiusScale:1.0]]
[2022.12.19-04.40.15:462][  0]LogConfig: Setting CVar [[r.DepthOfFieldQuality:2]]
[2022.12.19-04.40.15:462][  0]LogConfig: Setting CVar [[r.RenderTargetPoolMin:400]]
[2022.12.19-04.40.15:462][  0]LogConfig: Setting CVar [[r.LensFlareQuality:2]]
[2022.12.19-04.40.15:462][  0]LogConfig: Setting CVar [[r.SceneColorFringeQuality:1]]
[2022.12.19-04.40.15:462][  0]LogConfig: Setting CVar [[r.EyeAdaptationQuality:2]]
[2022.12.19-04.40.15:462][  0]LogConfig: Setting CVar [[r.BloomQuality:5]]
[2022.12.19-04.40.15:462][  0]LogConfig: Setting CVar [[r.FastBlurThreshold:100]]
[2022.12.19-04.40.15:462][  0]LogConfig: Setting CVar [[r.Upscale.Quality:3]]
[2022.12.19-04.40.15:462][  0]LogConfig: Setting CVar [[r.Tonemapper.GrainQuantization:1]]
[2022.12.19-04.40.15:462][  0]LogConfig: Setting CVar [[r.LightShaftQuality:1]]
[2022.12.19-04.40.15:462][  0]LogConfig: Setting CVar [[r.Filter.SizeScale:1]]
[2022.12.19-04.40.15:462][  0]LogConfig: Setting CVar [[r.Tonemapper.Quality:5]]
[2022.12.19-04.40.15:462][  0]LogConfig: Setting CVar [[r.DOF.Gather.AccumulatorQuality:1        ; higher gathering accumulator quality]]
[2022.12.19-04.40.15:462][  0]LogConfig: Setting CVar [[r.DOF.Gather.PostfilterMethod:1          ; Median3x3 postfilering method]]
[2022.12.19-04.40.15:462][  0]LogConfig: Setting CVar [[r.DOF.Gather.EnableBokehSettings:0       ; no bokeh simulation when gathering]]
[2022.12.19-04.40.15:462][  0]LogConfig: Setting CVar [[r.DOF.Gather.RingCount:4                 ; medium number of samples when gathering]]
[2022.12.19-04.40.15:462][  0]LogConfig: Setting CVar [[r.DOF.Scatter.ForegroundCompositing:1    ; additive foreground scattering]]
[2022.12.19-04.40.15:462][  0]LogConfig: Setting CVar [[r.DOF.Scatter.BackgroundCompositing:2    ; additive background scattering]]
[2022.12.19-04.40.15:462][  0]LogConfig: Setting CVar [[r.DOF.Scatter.EnableBokehSettings:1      ; bokeh simulation when scattering]]
[2022.12.19-04.40.15:462][  0]LogConfig: Setting CVar [[r.DOF.Scatter.MaxSpriteRatio:0.1         ; only a maximum of 10% of scattered bokeh]]
[2022.12.19-04.40.15:462][  0]LogConfig: Setting CVar [[r.DOF.Recombine.Quality:1                ; cheap slight out of focus]]
[2022.12.19-04.40.15:462][  0]LogConfig: Setting CVar [[r.DOF.Recombine.EnableBokehSettings:0    ; no bokeh simulation on slight out of focus]]
[2022.12.19-04.40.15:462][  0]LogConfig: Setting CVar [[r.DOF.TemporalAAQuality:1                ; more stable temporal accumulation]]
[2022.12.19-04.40.15:462][  0]LogConfig: Setting CVar [[r.DOF.Kernel.MaxForegroundRadius:0.025]]
[2022.12.19-04.40.15:462][  0]LogConfig: Setting CVar [[r.DOF.Kernel.MaxBackgroundRadius:0.025]]
[2022.12.19-04.40.15:462][  0]LogConfig: Applying CVar settings from Section [TextureQuality@3] File [D:/U03_ThirdPerson/U03_ThirdPerson_bk/Saved/Config/Windows/Scalability.ini]
[2022.12.19-04.40.15:462][  0]LogConfig: Setting CVar [[r.Streaming.MipBias:0]]
[2022.12.19-04.40.15:462][  0]LogConfig: Setting CVar [[r.Streaming.AmortizeCPUToGPUCopy:0]]
[2022.12.19-04.40.15:462][  0]LogConfig: Setting CVar [[r.Streaming.MaxNumTexturesToStreamPerFrame:0]]
[2022.12.19-04.40.15:462][  0]LogConfig: Setting CVar [[r.Streaming.Boost:1]]
[2022.12.19-04.40.15:462][  0]LogConfig: Setting CVar [[r.MaxAnisotropy:8]]
[2022.12.19-04.40.15:462][  0]LogConfig: Setting CVar [[r.VT.MaxAnisotropy:8]]
[2022.12.19-04.40.15:462][  0]LogConfig: Setting CVar [[r.Streaming.LimitPoolSizeToVRAM:0]]
[2022.12.19-04.40.15:462][  0]LogConfig: Setting CVar [[r.Streaming.PoolSize:1000]]
[2022.12.19-04.40.15:462][  0]LogConfig: Setting CVar [[r.Streaming.MaxEffectiveScreenSize:0]]
[2022.12.19-04.40.15:462][  0]LogConfig: Applying CVar settings from Section [EffectsQuality@3] File [D:/U03_ThirdPerson/U03_ThirdPerson_bk/Saved/Config/Windows/Scalability.ini]
[2022.12.19-04.40.15:462][  0]LogConfig: Setting CVar [[r.TranslucencyLightingVolumeDim:64]]
[2022.12.19-04.40.15:462][  0]LogConfig: Setting CVar [[r.RefractionQuality:2]]
[2022.12.19-04.40.15:462][  0]LogConfig: Setting CVar [[r.SSR.Quality:3]]
[2022.12.19-04.40.15:462][  0]LogConfig: Setting CVar [[r.SSR.HalfResSceneColor:0]]
[2022.12.19-04.40.15:462][  0]LogConfig: Setting CVar [[r.SceneColorFormat:4]]
[2022.12.19-04.40.15:462][  0]LogConfig: Setting CVar [[r.DetailMode:2]]
[2022.12.19-04.40.15:462][  0]LogConfig: Setting CVar [[r.TranslucencyVolumeBlur:1]]
[2022.12.19-04.40.15:462][  0]LogConfig: Setting CVar [[r.MaterialQualityLevel:1 ; High quality]]
[2022.12.19-04.40.15:462][  0]LogConfig: Setting CVar [[r.SSS.Scale:1]]
[2022.12.19-04.40.15:462][  0]LogConfig: Setting CVar [[r.SSS.SampleSet:2]]
[2022.12.19-04.40.15:462][  0]LogConfig: Setting CVar [[r.SSS.Quality:1]]
[2022.12.19-04.40.15:462][  0]LogConfig: Setting CVar [[r.SSS.HalfRes:0]]
[2022.12.19-04.40.15:462][  0]LogConfig: Setting CVar [[r.SSGI.Quality:3]]
[2022.12.19-04.40.15:462][  0]LogConfig: Setting CVar [[r.EmitterSpawnRateScale:1.0]]
[2022.12.19-04.40.15:462][  0]LogConfig: Setting CVar [[r.ParticleLightQuality:2]]
[2022.12.19-04.40.15:462][  0]LogConfig: Setting CVar [[r.SkyAtmosphere.AerialPerspectiveLUT.FastApplyOnOpaque:1 ; Always have FastSkyLUT 1 in this case to avoid wrong sky]]
[2022.12.19-04.40.15:462][  0]LogConfig: Setting CVar [[r.SkyAtmosphere.AerialPerspectiveLUT.SampleCountPerSlice:1]]
[2022.12.19-04.40.15:462][  0]LogConfig: Setting CVar [[r.SkyAtmosphere.AerialPerspectiveLUT.DepthResolution:16.0]]
[2022.12.19-04.40.15:462][  0]LogConfig: Setting CVar [[r.SkyAtmosphere.FastSkyLUT:1]]
[2022.12.19-04.40.15:462][  0]LogConfig: Setting CVar [[r.SkyAtmosphere.FastSkyLUT.SampleCountMin:4.0]]
[2022.12.19-04.40.15:462][  0]LogConfig: Setting CVar [[r.SkyAtmosphere.FastSkyLUT.SampleCountMax:32.0]]
[2022.12.19-04.40.15:462][  0]LogConfig: Setting CVar [[r.SkyAtmosphere.SampleCountMin:4.0]]
[2022.12.19-04.40.15:462][  0]LogConfig: Setting CVar [[r.SkyAtmosphere.SampleCountMax:32.0]]
[2022.12.19-04.40.15:462][  0]LogConfig: Setting CVar [[r.SkyAtmosphere.TransmittanceLUT.UseSmallFormat:0]]
[2022.12.19-04.40.15:462][  0]LogConfig: Setting CVar [[r.SkyAtmosphere.TransmittanceLUT.SampleCount:10.0]]
[2022.12.19-04.40.15:462][  0]LogConfig: Setting CVar [[r.SkyAtmosphere.MultiScatteringLUT.SampleCount:15.0]]
[2022.12.19-04.40.15:462][  0]LogConfig: Applying CVar settings from Section [FoliageQuality@3] File [D:/U03_ThirdPerson/U03_ThirdPerson_bk/Saved/Config/Windows/Scalability.ini]
[2022.12.19-04.40.15:462][  0]LogConfig: Setting CVar [[foliage.DensityScale:1.0]]
[2022.12.19-04.40.15:462][  0]LogConfig: Setting CVar [[grass.DensityScale:1.0]]
[2022.12.19-04.40.15:462][  0]LogConfig: Applying CVar settings from Section [ShadingQuality@3] File [D:/U03_ThirdPerson/U03_ThirdPerson_bk/Saved/Config/Windows/Scalability.ini]
[2022.12.19-04.40.15:462][  0]LogConfig: Setting CVar [[r.HairStrands.SkyLighting.SampleCount:16]]
[2022.12.19-04.40.15:462][  0]LogConfig: Setting CVar [[r.HairStrands.SkyLighting.JitterIntegration:0]]
[2022.12.19-04.40.15:462][  0]LogConfig: Setting CVar [[r.HairStrands.SkyAO.SampleCount:16]]
[2022.12.19-04.40.15:462][  0]LogConfig: Setting CVar [[r.HairStrands.DeepShadow.SuperSampling:0]]
[2022.12.19-04.40.15:462][  0]LogConfig: Setting CVar [[r.HairStrands.VisibilityPPLL:0]]
[2022.12.19-04.40.15:462][  0]LogConfig: Setting CVar [[r.HairStrands.RasterizationScale:0.5]]
[2022.12.19-04.40.15:462][  0]LogConfig: Setting CVar [[r.HairStrands.VelocityRasterizationScale:1]]
[2022.12.19-04.40.15:462][  0]LogConfig: Applying CVar settings from Section [Startup] File [../../../Engine/Config/ConsoleVariables.ini]
[2022.12.19-04.40.15:463][  0]LogConfig: Setting CVar [[net.UseAdaptiveNetUpdateFrequency:0]]
[2022.12.19-04.40.15:463][  0]LogConfig: Setting CVar [[p.chaos.AllowCreatePhysxBodies:1]]
[2022.12.19-04.40.15:463][  0]LogConfig: Setting CVar [[fx.SkipVectorVMBackendOptimizations:1]]
[2022.12.19-04.40.15:463][  0]LogConfig: Applying CVar settings from Section [ConsoleVariables] File [D:/U03_ThirdPerson/U03_ThirdPerson_bk/Saved/Config/Windows/Engine.ini]
[2022.12.19-04.40.15:463][  0]LogInit: Computer: DESKTOP-L0JLIHB
[2022.12.19-04.40.15:463][  0]LogInit: User: SGAC002
[2022.12.19-04.40.15:463][  0]LogInit: CPU Page size=4096, Cores=6
[2022.12.19-04.40.15:463][  0]LogInit: High frequency timer resolution =10.000000 MHz
[2022.12.19-04.40.15:463][  0]LogMemory: Memory total: Physical=15.9GB (16GB approx)
[2022.12.19-04.40.15:463][  0]LogMemory: Platform Memory Stats for Windows
[2022.12.19-04.40.15:463][  0]LogMemory: Process Physical Memory: 115.62 MB used, 115.63 MB peak
[2022.12.19-04.40.15:463][  0]LogMemory: Process Virtual Memory: 95.68 MB used, 95.68 MB peak
[2022.12.19-04.40.15:463][  0]LogMemory: Physical Memory: 5421.38 MB used,  10896.75 MB free, 16318.13 MB total
[2022.12.19-04.40.15:463][  0]LogMemory: Virtual Memory: 5139.10 MB used,  134212592.00 MB free, 134217728.00 MB total
[2022.12.19-04.40.15:467][  0]LogWindows: WindowsPlatformFeatures enabled
[2022.12.19-04.40.15:658][  0]LogInit: Physics initialised using underlying interface: PhysX
[2022.12.19-04.40.15:660][  0]LogInit: Using OS detected language (ko-KR).
[2022.12.19-04.40.15:660][  0]LogInit: Using OS detected locale (ko-KR).
[2022.12.19-04.40.15:662][  0]LogTextLocalizationManager: No specific localization for 'ko-KR' exists, so the 'ko' localization will be used.
[2022.12.19-04.40.15:777][  0]LogInit: Setting process to per monitor DPI aware
[2022.12.19-04.40.15:883][  0]LogSlate: New Slate User Created.  User Index 0, Is Virtual User: 0
[2022.12.19-04.40.15:883][  0]LogSlate: Slate User Registered.  User Index 0, Is Virtual User: 0
[2022.12.19-04.40.18:070][  0]LogHMD: Failed to initialize OpenVR with code 110
[2022.12.19-04.40.18:070][  0]LogD3D11RHI: D3D11 min allowed feature level: 11_0
[2022.12.19-04.40.18:070][  0]LogD3D11RHI: D3D11 max allowed feature level: 11_0
[2022.12.19-04.40.18:070][  0]LogD3D11RHI: D3D11 adapters:
[2022.12.19-04.40.18:162][  0]LogD3D11RHI:    0. 'NVIDIA GeForce GTX 1050' (Feature Level 11_0)
[2022.12.19-04.40.18:162][  0]LogD3D11RHI:       1977/0/8159 MB DedicatedVideo/DedicatedSystem/SharedSystem, Outputs:1, VendorId:0x10de
[2022.12.19-04.40.18:164][  0]LogD3D11RHI:    1. 'Microsoft Basic Render Driver' (Feature Level 11_0)
[2022.12.19-04.40.18:164][  0]LogD3D11RHI:       0/0/8159 MB DedicatedVideo/DedicatedSystem/SharedSystem, Outputs:0, VendorId:0x1414
[2022.12.19-04.40.18:164][  0]LogD3D11RHI: Chosen D3D11 Adapter: 0
[2022.12.19-04.40.18:168][  0]LogD3D11RHI: Creating new Direct3DDevice
[2022.12.19-04.40.18:168][  0]LogD3D11RHI:     GPU DeviceId: 0x1c81 (for the marketing name, search the web for "GPU Device Id")
[2022.12.19-04.40.18:168][  0]LogWindows: EnumDisplayDevices:
[2022.12.19-04.40.18:168][  0]LogWindows:    0. 'NVIDIA GeForce GTX 1050' (P:1 D:1)
[2022.12.19-04.40.18:168][  0]LogWindows:    1. 'NVIDIA GeForce GTX 1050' (P:0 D:0)
[2022.12.19-04.40.18:169][  0]LogWindows:    2. 'NVIDIA GeForce GTX 1050' (P:0 D:0)
[2022.12.19-04.40.18:169][  0]LogWindows:    3. 'NVIDIA GeForce GTX 1050' (P:0 D:0)
[2022.12.19-04.40.18:169][  0]LogWindows: DebugString: FoundDriverCount:4 
[2022.12.19-04.40.18:169][  0]LogD3D11RHI:     Adapter Name: NVIDIA GeForce GTX 1050
[2022.12.19-04.40.18:169][  0]LogD3D11RHI:   Driver Version: 516.94 (internal:31.0.15.1694, unified:516.94)
[2022.12.19-04.40.18:169][  0]LogD3D11RHI:      Driver Date: 7-21-2022
[2022.12.19-04.40.18:169][  0]LogRHI: Texture pool is 1384 MB (70% of 1977 MB)
[2022.12.19-04.40.18:223][  0]LogD3D11RHI: RHI has support for 64 bit atomics
[2022.12.19-04.40.18:223][  0]LogD3D11RHI: Async texture creation enabled
[2022.12.19-04.40.18:223][  0]LogD3D11RHI: Array index from any shader is supported
[2022.12.19-04.40.18:239][  0]LogD3D11RHI: GPU Timing Frequency: 1000.000000 (Debug: 2 1)
[2022.12.19-04.40.18:832][  0]LogTargetPlatformManager: Display: Loaded TargetPlatform 'AllDesktop'
[2022.12.19-04.40.18:865][  0]LogTargetPlatformManager: Display: Loaded TargetPlatform 'Android'
[2022.12.19-04.40.18:865][  0]LogTargetPlatformManager: Display: Loaded TargetPlatform 'Android_ASTC'
[2022.12.19-04.40.18:865][  0]LogTargetPlatformManager: Display: Loaded TargetPlatform 'Android_DXT'
[2022.12.19-04.40.18:865][  0]LogTargetPlatformManager: Display: Loaded TargetPlatform 'Android_ETC2'
[2022.12.19-04.40.18:865][  0]LogTargetPlatformManager: Display: Loaded TargetPlatform 'AndroidClient'
[2022.12.19-04.40.18:865][  0]LogTargetPlatformManager: Display: Loaded TargetPlatform 'Android_ASTCClient'
[2022.12.19-04.40.18:865][  0]LogTargetPlatformManager: Display: Loaded TargetPlatform 'Android_DXTClient'
[2022.12.19-04.40.18:865][  0]LogTargetPlatformManager: Display: Loaded TargetPlatform 'Android_ETC2Client'
[2022.12.19-04.40.18:865][  0]LogTargetPlatformManager: Display: Loaded TargetPlatform 'Android_Multi'
[2022.12.19-04.40.18:865][  0]LogTargetPlatformManager: Display: Loaded TargetPlatform 'Android_MultiClient'
[2022.12.19-04.40.18:929][  0]LogTargetPlatformManager: Display: Loaded TargetPlatform 'IOSClient'
[2022.12.19-04.40.18:929][  0]LogTargetPlatformManager: Display: Loaded TargetPlatform 'IOS'
[2022.12.19-04.40.18:957][  0]LogTargetPlatformManager: Display: Loaded TargetPlatform 'Linux'
[2022.12.19-04.40.18:976][  0]LogTargetPlatformManager: Display: Loaded TargetPlatform 'LinuxNoEditor'
[2022.12.19-04.40.18:996][  0]LogTargetPlatformManager: Display: Loaded TargetPlatform 'LinuxClient'
[2022.12.19-04.40.19:016][  0]LogTargetPlatformManager: Display: Loaded TargetPlatform 'LinuxServer'
[2022.12.19-04.40.19:036][  0]LogTargetPlatformManager: Display: Loaded TargetPlatform 'LinuxAArch64NoEditor'
[2022.12.19-04.40.19:056][  0]LogTargetPlatformManager: Display: Loaded TargetPlatform 'LinuxAArch64Client'
[2022.12.19-04.40.19:075][  0]LogTargetPlatformManager: Display: Loaded TargetPlatform 'LinuxAArch64Server'
[2022.12.19-04.40.19:112][  0]LogTargetPlatformManager: Display: Loaded TargetPlatform 'Lumin'
[2022.12.19-04.40.19:112][  0]LogTargetPlatformManager: Display: Loaded TargetPlatform 'LuminClient'
[2022.12.19-04.40.19:136][  0]LogTargetPlatformManager: Display: Loaded TargetPlatform 'TVOSClient'
[2022.12.19-04.40.19:136][  0]LogTargetPlatformManager: Display: Loaded TargetPlatform 'TVOS'
[2022.12.19-04.40.19:157][  0]LogTargetPlatformManager: Display: Loaded TargetPlatform 'WindowsNoEditor'
[2022.12.19-04.40.19:178][  0]LogTargetPlatformManager: Display: Loaded TargetPlatform 'Windows'
[2022.12.19-04.40.19:198][  0]LogTargetPlatformManager: Display: Loaded TargetPlatform 'WindowsClient'
[2022.12.19-04.40.19:219][  0]LogTargetPlatformManager: Display: Loaded TargetPlatform 'WindowsServer'
[2022.12.19-04.40.19:219][  0]LogTargetPlatformManager: Display: Building Assets For Windows
[2022.12.19-04.40.19:278][  0]LogAudioDebug: Display: Lib vorbis DLL was dynamically loaded.
[2022.12.19-04.40.19:573][  0]LogShaderCompilers: Guid format shader working directory is 0 characters bigger than the processId version (../../../../../U03_ThirdPerson/U03_ThirdPerson_bk/Intermediate/Shaders/WorkingDirectory/12340/).
[2022.12.19-04.40.19:573][  0]LogShaderCompilers: Cleaned the shader compiler working directory 'C:/Users/SGA_C_002/AppData/Local/Temp/UnrealShaderWorkingDir/36B2229546C750504FC825AB49C4A2AD/'.
[2022.12.19-04.40.19:573][  0]LogXGEController: Cleaning working directory: C:/Users/SGA_C_002/AppData/Local/Temp/UnrealXGEWorkingDir/
[2022.12.19-04.40.19:573][  0]LogXGEController: Cannot use XGE Controller as Incredibuild is not installed on this machine.
[2022.12.19-04.40.19:573][  0]LogShaderCompilers: Cannot use XGE Shader Compiler as Incredibuild is not installed on this machine.
[2022.12.19-04.40.19:573][  0]LogShaderCompilers: Display: Using Local Shader Compiler.
[2022.12.19-04.40.21:661][  0]LogDerivedDataCache: Display: Max Cache Size: 512 MB
[2022.12.19-04.40.21:705][  0]LogDerivedDataCache: Loaded boot cache 0.04s 76MB C:/Users/SGA_C_002/AppData/Local/UnrealEngine/4.25/DerivedDataCache/Boot.ddc.
[2022.12.19-04.40.21:705][  0]LogDerivedDataCache: Display: Loaded Boot cache: C:/Users/SGA_C_002/AppData/Local/UnrealEngine/4.25/DerivedDataCache/Boot.ddc
[2022.12.19-04.40.21:705][  0]LogDerivedDataCache: FDerivedDataBackendGraph:  Pak pak cache file ../../../../../U03_ThirdPerson/U03_ThirdPerson_bk/DerivedDataCache/DDC.ddp not found, will not use a pak cache.
[2022.12.19-04.40.21:705][  0]LogDerivedDataCache: Unable to find inner node Pak for hierarchical cache Hierarchy.
[2022.12.19-04.40.21:705][  0]LogDerivedDataCache: FDerivedDataBackendGraph:  CompressedPak pak cache file ../../../../../U03_ThirdPerson/U03_ThirdPerson_bk/DerivedDataCache/Compressed.ddp not found, will not use a pak cache.
[2022.12.19-04.40.21:705][  0]LogDerivedDataCache: Unable to find inner node CompressedPak for hierarchical cache Hierarchy.
[2022.12.19-04.40.21:720][  0]LogDerivedDataCache: Display: Pak cache opened for reading ../../../Engine/DerivedDataCache/Compressed.ddp.
[2022.12.19-04.40.21:720][  0]LogDerivedDataCache: FDerivedDataBackendGraph:  EnterprisePak pak cache file ../../../Enterprise/DerivedDataCache/Compressed.ddp not found, will not use a pak cache.
[2022.12.19-04.40.21:720][  0]LogDerivedDataCache: Unable to find inner node EnterprisePak for hierarchical cache Hierarchy.
[2022.12.19-04.40.21:721][  0]LogDerivedDataCache: Using Local data cache path C:/Users/SGA_C_002/AppData/Local/UnrealEngine/Common/DerivedDataCache: Writable
[2022.12.19-04.40.21:722][  0]LogDerivedDataCache: Shared data cache path not found in *engine.ini, will not use an Shared cache.
[2022.12.19-04.40.21:722][  0]LogDerivedDataCache: Unable to find inner node Shared for hierarchical cache Hierarchy.
[2022.12.19-04.40.21:765][  0]LogSlate: Using FreeType 2.10.0
[2022.12.19-04.40.21:891][  0]LogSlate: SlateFontServices - WITH_FREETYPE: 1, WITH_HARFBUZZ: 1
[2022.12.19-04.40.22:068][  0]LogAssetRegistry: FAssetRegistry took 0.0019 seconds to start up
[2022.12.19-04.40.22:259][  0]LogInit: Selected Device Profile: [Windows]
[2022.12.19-04.40.22:575][  0]LogMeshReduction: Using QuadricMeshReduction for automatic static mesh reduction
[2022.12.19-04.40.22:575][  0]LogMeshReduction: Using SimplygonMeshReduction for automatic skeletal mesh reduction
[2022.12.19-04.40.22:575][  0]LogMeshReduction: Using ProxyLODMeshReduction for automatic mesh merging
[2022.12.19-04.40.22:575][  0]LogMeshReduction: No distributed automatic mesh merging module available
[2022.12.19-04.40.22:575][  0]LogMeshMerging: No distributed automatic mesh merging module available
[2022.12.19-04.40.22:621][  0]LogNetVersion: U03_ThirdPerson 1.0.0, NetCL: 13144385, EngineNetVer: 14, GameNetVer: 0 (Checksum: 129161)
[2022.12.19-04.40.24:632][  0]LogAISub: UAISubsystem::UAISubsystem AISubsystem (000001FEFE4B9700), frame # 0
[2022.12.19-04.40.24:632][  0]LogAISub: UAISubsystem::UAISubsystem AIPerceptionSystem (000001FEFE3EE980), frame # 0
[2022.12.19-04.40.24:633][  0]LogAISub: UAISubsystem::UAISubsystem EnvQueryManager (000001FEFE546A00), frame # 0
[2022.12.19-04.40.24:671][  0]LogPackageLocalizationCache: Processed 19 localized package path(s) for 1 prioritized culture(s) in 0.023466 seconds
[2022.12.19-04.40.24:675][  0]LogUObjectArray: 15917 objects as part of root set at end of initial load.
[2022.12.19-04.40.24:675][  0]LogUObjectAllocator: 3965568 out of 0 bytes used by permanent object pool.
[2022.12.19-04.40.24:675][  0]LogUObjectArray: CloseDisregardForGC: 0/0 objects in disregard for GC pool
[2022.12.19-04.40.26:294][  0]LogTcpMessaging: Initializing TcpMessaging bridge
[2022.12.19-04.40.26:312][  0]LogUdpMessaging: Initializing bridge on interface 0.0.0.0:0 to multicast group 230.0.0.1:6666.
[2022.12.19-04.40.26:654][  0]SourceControl: 소스 컨트롤이 꺼졌습니다.
[2022.12.19-04.40.26:654][  0]SourceControl: 소스 컨트롤이 꺼졌습니다.
[2022.12.19-04.40.26:672][  0]SourceControl: 소스 컨트롤이 꺼졌습니다.
[2022.12.19-04.40.26:689][  0]SourceControl: 소스 컨트롤이 꺼졌습니다.
[2022.12.19-04.40.26:724][  0]SourceControl: 소스 컨트롤이 꺼졌습니다.
[2022.12.19-04.40.27:955][  0]LogAndroidPermission: UAndroidPermissionCallbackProxy::GetInstance
[2022.12.19-04.40.28:052][  0]LogAudioCaptureCore: Display: No Audio Capture implementations found. Audio input will be silent.
[2022.12.19-04.40.28:052][  0]LogAudioCaptureCore: Display: No Audio Capture implementations found. Audio input will be silent.
[2022.12.19-04.40.28:225][  0]LogOcInput: OculusInput pre-init called
[2022.12.19-04.40.28:262][  0]LogWindows: Failed to load 'OVRPlugin.dll' (GetLastError=126)
[2022.12.19-04.40.28:262][  0]LogWindows: File 'OVRPlugin.dll' does not exist
[2022.12.19-04.40.28:426][  0]LogEngine: Initializing Engine...
[2022.12.19-04.40.28:427][  0]LogHMD: Failed to initialize OpenVR with code 110
[2022.12.19-04.40.28:427][  0]LogMagicLeap: Warning: VR disabled because ZI is not enabled.  To enable, in the editor, Edit -> Project Settings -> Plugins -> Magic Leap Plugin -> Enable Zero Iteration
[2022.12.19-04.40.28:427][  0]LogStats: UGameplayTagsManager::InitializeManager -  0.000 s
[2022.12.19-04.40.28:650][  0]LogInit: Initializing FReadOnlyCVARCache
[2022.12.19-04.40.28:670][  0]LogAIModule: Creating AISystem for world Untitled
[2022.12.19-04.40.28:670][  0]LogAISub: UAISubsystem::UAISubsystem EnvQueryManager (000001FE84CB1C00), frame # 0
[2022.12.19-04.40.28:671][  0]LogAISub: UAISubsystem::UAISubsystem AIPerceptionSystem (000001FE84D091C0), frame # 0
[2022.12.19-04.40.28:687][  0]LogAudioMixer: Display: Audio Mixer Platform Settings:
[2022.12.19-04.40.28:687][  0]LogAudioMixer: Display: 	Sample Rate:						  48000
[2022.12.19-04.40.28:687][  0]LogAudioMixer: Display: 	Callback Buffer Frame Size Requested: 1024
[2022.12.19-04.40.28:687][  0]LogAudioMixer: Display: 	Callback Buffer Frame Size To Use:	  1024
[2022.12.19-04.40.28:687][  0]LogAudioMixer: Display: 	Number of buffers to queue:			  2
[2022.12.19-04.40.28:687][  0]LogAudioMixer: Display: 	Max Channels (voices):				  32
[2022.12.19-04.40.28:687][  0]LogAudioMixer: Display: 	Number of Async Source Workers:		  0
[2022.12.19-04.40.28:687][  0]LogAudio: Display: AudioDevice MaxSources: 32
[2022.12.19-04.40.28:688][  0]LogAudio: Display: Using built-in audio occlusion.
[2022.12.19-04.40.28:688][  0]LogAudioMixer: Display: Initializing audio mixer.
[2022.12.19-04.40.28:719][  0]LogAudioMixer: Display: Using Audio Device Unknown
[2022.12.19-04.40.28:721][  0]LogAudioMixer: Display: Initializing Sound Submixes...
[2022.12.19-04.40.28:736][  0]LogAudioMixer: Display: Creating Master Submix 'MasterSubmixDefault'
[2022.12.19-04.40.28:736][  0]LogAudioMixer: Display: Creating Master Submix 'MasterReverbSubmixDefault'
[2022.12.19-04.40.28:737][  0]LogAudioMixer: Display: Creating Master Submix 'MasterEQSubmixDefault'
[2022.12.19-04.40.28:739][  0]LogInit: FAudioDevice initialized.
[2022.12.19-04.40.28:739][  0]LogNetVersion: Set ProjectVersion to 1.0.0.0. Version Checksum will be recalculated on next use.
[2022.12.19-04.40.28:922][  0]LogDerivedDataCache: Saved boot cache 0.18s 76MB C:/Users/SGA_C_002/AppData/Local/UnrealEngine/4.25/DerivedDataCache/Boot.ddc.
[2022.12.19-04.40.28:923][  0]LogInit: Texture streaming: Enabled
[2022.12.19-04.40.28:988][  0]LogEngineSessionManager: EngineSessionManager initialized
[2022.12.19-04.40.28:988][  0]LogEditorSessionSummary: Verbose: Initializing EditorSessionSummaryWriter for editor session tracking
[2022.12.19-04.40.28:990][  0]LogEditorSessionSummary: EditorSessionSummaryWriter initialized
[2022.12.19-04.40.29:046][  0]LogInit: Transaction tracking system initialized
[2022.12.19-04.40.29:144][  0]BlueprintLog: New page: 에디터 로드
[2022.12.19-04.40.29:457][  0]LocalizationService: 현지화 서비스가 비활성화되었습니다.
[2022.12.19-04.40.30:243][  0]LogCook: Display: Max memory allowance for cook 16384mb min free memory 0mb
[2022.12.19-04.40.30:243][  0]LogCook: Display: Mobile HDR setting 1
[2022.12.19-04.40.31:715][  0]LogFileCache: Scanning file cache for directory 'D:/U03_ThirdPerson/U03_ThirdPerson_bk/Content/' took 0.00s
[2022.12.19-04.40.32:437][  0]SourceControl: 소스 컨트롤이 꺼졌습니다.
[2022.12.19-04.40.32:437][  0]LogUnrealEdMisc: Loading editor; pre map load, took 22.484
[2022.12.19-04.40.32:438][  0]Cmd: MAP LOAD FILE="../../../../../U03_ThirdPerson/U03_ThirdPerson_bk/Content/Maps/Demo.umap" TEMPLATE=0 SHOWPROGRESS=1 FEATURELEVEL=3
[2022.12.19-04.40.32:438][  0]LightingResults: New page: 라이팅 빌드
[2022.12.19-04.40.32:472][  0]LogWorld: UWorld::CleanupWorld for Untitled, bSessionEnded=true, bCleanupResources=true
[2022.12.19-04.40.32:472][  0]LogSlate: InvalidateAllWidgets triggered.  All widgets were invalidated
[2022.12.19-04.40.32:472][  0]MapCheck: New page: 맵 체크
[2022.12.19-04.40.32:472][  0]LightingResults: New page: 라이팅 빌드
[2022.12.19-04.40.32:486][  0]LogAISub: UAISubsystem::~UAISubsystem EnvQueryManager (000001FE84CB1C00), frame # 0
[2022.12.19-04.40.32:486][  0]LogAISub: UAISubsystem::~UAISubsystem AIPerceptionSystem (000001FE84D091C0), frame # 0
[2022.12.19-04.40.32:487][  0]LogUObjectHash: Compacting FUObjectHashTables data took   0.54ms
[2022.12.19-04.40.34:406][  0]LogBlueprint: Warning: [Compiler BP_DemoRoom] Set Text (String) : 'Set Text (String)' 사용은 폐기되었습니다. Use the SetText function taking an FText instead.
[2022.12.19-04.40.34:406][  0]LogBlueprint: Warning: [Compiler BP_DemoRoom] Set Text (String) : 'Set Text (String)' 사용은 폐기되었습니다. Use the SetText function taking an FText instead.
[2022.12.19-04.40.35:144][  0]LogTexture: Display: 텍스처 빌드: HQ_Lightmap0_2 (AutoDXT, 1024X1024)
[2022.12.19-04.40.35:144][  0]LogTexture: Display: 텍스처 빌드: HQ_Lightmap0_4 (AutoDXT, 1024X1024)
[2022.12.19-04.40.35:144][  0]LogTexture: Display: 텍스처 빌드: HQ_Lightmap0_1 (AutoDXT, 1024X1024)
[2022.12.19-04.40.35:144][  0]LogTexture: Display: 텍스처 빌드: HQ_Lightmap0_3 (AutoDXT, 1024X1024)
[2022.12.19-04.40.37:982][  0]LogTexture: Display: 텍스처 빌드: HQ_Lightmap0_5 (AutoDXT, 1024X1024)
[2022.12.19-04.40.37:982][  0]LogTexture: Display: 텍스처 빌드: HQ_Lightmap0_8 (AutoDXT, 64X64)
[2022.12.19-04.40.37:982][  0]LogTexture: Display: 텍스처 빌드: HQ_Lightmap0_7 (AutoDXT, 1024X1024)
[2022.12.19-04.40.37:982][  0]LogTexture: Display: 텍스처 빌드: HQ_Lightmap0_9 (AutoDXT, 64X64)
[2022.12.19-04.40.37:982][  0]LogTexture: Display: 텍스처 빌드: HQ_Lightmap0_6 (AutoDXT, 1024X1024)
[2022.12.19-04.40.37:982][  0]LogTexture: Display: 텍스처 빌드: LQ_Lightmap_0_1 (DXT1, 1024X1024)
[2022.12.19-04.40.37:982][  0]LogTexture: Display: 텍스처 빌드: LQ_Lightmap_0_2 (DXT1, 1024X1024)
[2022.12.19-04.40.37:982][  0]LogTexture: Display: 텍스처 빌드: LQ_Lightmap_0_3 (DXT1, 1024X1024)
[2022.12.19-04.40.37:982][  0]LogTexture: Display: 텍스처 빌드: LQ_Lightmap_0_4 (DXT1, 1024X1024)
[2022.12.19-04.40.37:982][  0]LogTexture: Display: 텍스처 빌드: LQ_Lightmap_0_5 (DXT1, 1024X1024)
[2022.12.19-04.40.37:982][  0]LogTexture: Display: 텍스처 빌드: LQ_Lightmap_0_6 (DXT1, 1024X1024)
[2022.12.19-04.40.37:982][  0]LogTexture: Display: 텍스처 빌드: LQ_Lightmap_0_7 (DXT1, 1024X1024)
[2022.12.19-04.40.37:982][  0]LogTexture: Display: 텍스처 빌드: LQ_Lightmap_0_8 (DXT1, 64X64)
[2022.12.19-04.40.37:982][  0]LogTexture: Display: 텍스처 빌드: LQ_Lightmap_0_9 (DXT1, 64X64)
[2022.12.19-04.40.37:982][  0]LogAIModule: Creating AISystem for world Demo
[2022.12.19-04.40.37:982][  0]LogAISub: UAISubsystem::UAISubsystem EnvQueryManager (000001FE98B94600), frame # 0
[2022.12.19-04.40.37:982][  0]LogAISub: UAISubsystem::UAISubsystem AIPerceptionSystem (000001FE98B86840), frame # 0
[2022.12.19-04.40.38:071][  0]LogEditorServer: Finished looking for orphan Actors (0.000 secs)
[2022.12.19-04.40.38:124][  0]LogUObjectHash: Compacting FUObjectHashTables data took   1.18ms
[2022.12.19-04.40.38:127][  0]Cmd: MAP CHECKDEP NOCLEARLOG
[2022.12.19-04.40.38:127][  0]MapCheck: 맵 체크 완료: 오류 0 회, 경고 0 회, 소요 시간 0.104ms.
[2022.12.19-04.40.38:127][  0]LogFileHelpers: Loading map 'Demo' took 5.690
[2022.12.19-04.40.38:128][  0]LogUnrealEdMisc: Total Editor Startup Time, took 28.175
[2022.12.19-04.40.38:273][  0]LogSlate: Updating window title bar state: overlay mode, drag disabled, window buttons hidden, title bar hidden
[2022.12.19-04.40.38:279][  0]LogSlate: Updating window title bar state: overlay mode, drag disabled, window buttons hidden, title bar hidden
[2022.12.19-04.40.38:285][  0]LogSlate: Updating window title bar state: overlay mode, drag disabled, window buttons hidden, title bar hidden
[2022.12.19-04.40.38:291][  0]LogSlate: Updating window title bar state: overlay mode, drag disabled, window buttons hidden, title bar hidden
[2022.12.19-04.40.38:310][  0]LogCollectionManager: Loaded 0 collections in 0.000868 seconds
[2022.12.19-04.40.38:322][  0]LogFileCache: Scanning file cache for directory 'D:/U03_ThirdPerson/U03_ThirdPerson_bk/Saved/Collections/' took 0.00s
[2022.12.19-04.40.38:322][  0]LogFileCache: Scanning file cache for directory 'D:/U03_ThirdPerson/U03_ThirdPerson_bk/Content/Developers/SGAC002/Collections/' took 0.00s
[2022.12.19-04.40.38:322][  0]LogFileCache: Scanning file cache for directory 'D:/U03_ThirdPerson/U03_ThirdPerson_bk/Content/Collections/' took 0.00s
[2022.12.19-04.40.38:322][  0]LogContentBrowser: Native class hierarchy populated in 0.0076 seconds. Added 3434 classes and 823 folders.
[2022.12.19-04.40.38:325][  0]LogContentBrowser: Native class hierarchy updated for 'WidgetCarousel' in 0.0002 seconds. Added 0 classes and 0 folders.
[2022.12.19-04.40.38:611][  0]LogContentBrowser: Native class hierarchy updated for 'AddContentDialog' in 0.0002 seconds. Added 0 classes and 0 folders.
[2022.12.19-04.40.38:619][  0]LogContentBrowser: Native class hierarchy updated for 'SceneOutliner' in 0.0002 seconds. Added 2 classes and 0 folders.
[2022.12.19-04.40.38:704][  0]LogSlate: Took 0.008042 seconds to synchronously load lazily loaded font '../../../Engine/Content/Slate/Fonts/Roboto-Regular.ttf' (155K)
[2022.12.19-04.40.38:709][  0]LogSlate: Took 0.004622 seconds to synchronously load lazily loaded font '../../../Engine/Content/Editor/Slate/Fonts/NanumGothic.ttf' (4243K)
[2022.12.19-04.40.38:714][  0]LogSlate: Took 0.004571 seconds to synchronously load lazily loaded font '../../../Engine/Content/Editor/Slate/Fonts/NanumGothicBold.ttf' (4188K)
[2022.12.19-04.40.38:718][  0]LogSlate: Took 0.003214 seconds to synchronously load lazily loaded font '../../../Engine/Content/Slate/Fonts/Roboto-Bold.ttf' (160K)
[2022.12.19-04.40.38:724][  0]LogSlate: Took 0.003667 seconds to synchronously load lazily loaded font '../../../Engine/Content/Editor/Slate/Fonts/FontAwesome.ttf' (139K)
[2022.12.19-04.40.38:799][  0]LogRenderer: Reallocating scene render targets to support 1244x568 Format 10 NumSamples 1 (Frame:1).
[2022.12.19-04.40.38:940][  0]LogContentBrowser: Native class hierarchy updated for 'HierarchicalLODOutliner' in 0.0002 seconds. Added 0 classes and 0 folders.
[2022.12.19-04.40.38:940][  0]LogLoad: (Engine Initialization) Total time: 28.99 seconds
[2022.12.19-04.40.38:940][  0]LogLoad: (Engine Initialization) Total Blueprint compile time: 0.00 seconds
[2022.12.19-04.40.38:985][  0]LogAssetRegistry: Asset discovery search completed in 16.9175 seconds
[2022.12.19-04.40.38:988][  0]LogCollectionManager: Fixed up redirectors for 0 collections in 0.000002 seconds (updated 0 objects)
[2022.12.19-04.40.38:989][  0]LogContentStreaming: Texture pool size now 1000 MB
[2022.12.19-04.40.39:010][  0]LogSlate: Took 0.003547 seconds to synchronously load lazily loaded font '../../../Engine/Content/Slate/Fonts/Roboto-Light.ttf' (167K)
[2022.12.19-04.40.39:969][ 77]LogSlate: Took 0.000141 seconds to synchronously load lazily loaded font '../../../Engine/Content/Slate/Fonts/Roboto-Light.ttf' (167K)
[2022.12.19-04.40.45:589][591]LogSlate: Window '메시지 로그' being destroyed
[2022.12.19-04.40.45:594][591]LogSlate: Window '메시지 로그' being destroyed
[2022.12.19-04.40.51:236][229]MapCheck: New page: 맵 체크
[2022.12.19-04.40.51:250][229]Cmd: MAP REBUILD ALLVISIBLE
[2022.12.19-04.40.51:250][229]LogEditorServer: Rebuildmap Clear paths rebuilt
[2022.12.19-04.40.51:265][229]LogWorld: UWorld::CleanupWorld for Demo, bSessionEnded=true, bCleanupResources=false
[2022.12.19-04.40.51:373][229]LightingResults: New page: 라이팅 빌드 - 2022. 12. 19. 오후 10:40:51
[2022.12.19-04.40.51:406][229]LogSwarmInterface: [OpenConnection] Registering TCP channel ...
[2022.12.19-04.40.51:453][229]LogSwarmInterface: [OpenConnection] Connecting to agent ...
[2022.12.19-04.40.51:464][229]LogSwarmInterface: [TryOpenConnection] Testing the Agent
[2022.12.19-04.40.51:983][229]LogSwarmInterface: [TryOpenConnection] Opening Connection to Agent
[2022.12.19-04.40.51:983][229]LogSwarmInterface: [TryOpenConnection] Local Process ID is 12340
[2022.12.19-04.40.54:183][229]LightingResults: Warning: 설정된 임포턴스 볼륨이 없는데다 씬이 꽤 커서 자동 합성된 볼륨으로는 괜찮은 결과가 나지 않을 것입니다. 씬의 퀄리티와 라이팅 빌드 시간 최적화를 위해 라이트매스 임포턴스 볼륨을 꼭 맞게 추가해 주시기 바랍니다.
[2022.12.19-04.40.54:183][229]LogStaticLightingSystem: Running Lightmass w/ ImmediateImport mode ENABLED
[2022.12.19-04.40.54:183][229]LogStaticLightingSystem: Running Lightmass w/ ImmediateProcess mode ENABLED
[2022.12.19-04.40.54:183][229]LogStaticLightingSystem: Running Lightmass w/ Sorting mode ENABLED
[2022.12.19-04.40.54:183][229]LogStaticLightingSystem: Running Lightmass w/ Mapping paddings ENABLED
[2022.12.19-04.40.54:183][229]LogStaticLightingSystem: Running Lightmass w/ Mapping debug paddings DISABLED
[2022.12.19-04.40.54:340][229]LogEditorBuildUtils: Build time 0:03
[2022.12.19-04.40.54:425][230]LogUObjectHash: Compacting FUObjectHashTables data took   0.79ms
[2022.12.19-04.41.43:107][303]Job is a success!
[2022.12.19-04.41.43:468][304]LogVolumetricLightmapImport: Imported Volumetric Lightmap in 0.074s
[2022.12.19-04.41.43:468][304]LogVolumetricLightmapImport:      Indirection Texture 32x32x32 = 0.1Mb
[2022.12.19-04.41.43:468][304]LogVolumetricLightmapImport:      BrickData (all levels) 2.3Mb
[2022.12.19-04.41.43:468][304]LogVolumetricLightmapImport:      Bricks at depth
[2022.12.19-04.41.43:468][304]LogVolumetricLightmapImport:          0: 1.9% covering 100.0% of volume
[2022.12.19-04.41.43:468][304]LogVolumetricLightmapImport:          1: 6.5% covering 5.5% of volume
[2022.12.19-04.41.43:468][304]LogVolumetricLightmapImport:          2: 91.6% covering 1.2% of volume
[2022.12.19-04.41.43:468][304]LogVolumetricLightmapImport:      Bricks in each level
[2022.12.19-04.41.43:468][304]LogVolumetricLightmapImport:          Demo 			 429 bricks 	 100.0% (Persistent Level)
[2022.12.19-04.41.51:012][304]LogTexture: Display: 텍스처 빌드: HQ_Lightmap1_1 (AutoDXT, 1024X1024)
[2022.12.19-04.41.51:012][304]LogTexture: Display: 텍스처 빌드: LQ_Lightmap_1_1 (DXT1, 1024X1024)
[2022.12.19-04.41.51:012][304]LogTexture: Display: 텍스처 빌드: HQ_Lightmap1_2 (AutoDXT, 1024X1024)
[2022.12.19-04.41.51:012][304]LogTexture: Display: 텍스처 빌드: LQ_Lightmap_1_2 (DXT1, 1024X1024)
[2022.12.19-04.41.51:012][304]LogTexture: Display: 텍스처 빌드: HQ_Lightmap1_3 (AutoDXT, 1024X1024)
[2022.12.19-04.41.51:012][304]LogTexture: Display: 텍스처 빌드: LQ_Lightmap_1_3 (DXT1, 1024X1024)
[2022.12.19-04.41.51:012][304]LogTexture: Display: 텍스처 빌드: HQ_Lightmap1_4 (AutoDXT, 1024X1024)
[2022.12.19-04.41.51:012][304]LogTexture: Display: 텍스처 빌드: LQ_Lightmap_1_4 (DXT1, 1024X1024)
[2022.12.19-04.41.51:012][304]LogTexture: Display: 텍스처 빌드: HQ_Lightmap1_5 (AutoDXT, 1024X1024)
[2022.12.19-04.41.51:012][304]LogTexture: Display: 텍스처 빌드: LQ_Lightmap_1_5 (DXT1, 1024X1024)
[2022.12.19-04.41.51:012][304]LogTexture: Display: 텍스처 빌드: HQ_Lightmap1_6 (AutoDXT, 1024X1024)
[2022.12.19-04.41.51:012][304]LogTexture: Display: 텍스처 빌드: LQ_Lightmap_1_6 (DXT1, 1024X1024)
[2022.12.19-04.41.51:012][304]LogTexture: Display: 텍스처 빌드: HQ_Lightmap1_7 (AutoDXT, 1024X1024)
[2022.12.19-04.41.51:012][304]LogTexture: Display: 텍스처 빌드: LQ_Lightmap_1_7 (DXT1, 1024X1024)
[2022.12.19-04.41.51:012][304]LogTexture: Display: 텍스처 빌드: HQ_Lightmap1_8 (AutoDXT, 1024X1024)
[2022.12.19-04.41.51:012][304]LogTexture: Display: 텍스처 빌드: LQ_Lightmap_1_8 (DXT1, 1024X1024)
[2022.12.19-04.41.51:012][304]LogTexture: Display: 텍스처 빌드: HQ_Lightmap1_9 (AutoDXT, 1024X1024)
[2022.12.19-04.41.51:012][304]LogTexture: Display: 텍스처 빌드: LQ_Lightmap_1_9 (DXT1, 1024X1024)
[2022.12.19-04.41.51:012][304]LogTexture: Display: 텍스처 빌드: HQ_Lightmap0_10 (AutoDXT, 1024X1024)
[2022.12.19-04.41.51:012][304]LogTexture: Display: 텍스처 빌드: LQ_Lightmap_0_10 (DXT1, 1024X1024)
[2022.12.19-04.41.51:012][304]LogTexture: Display: 텍스처 빌드: HQ_Lightmap0_11 (AutoDXT, 1024X1024)
[2022.12.19-04.41.51:012][304]LogTexture: Display: 텍스처 빌드: LQ_Lightmap_0_11 (DXT1, 1024X1024)
[2022.12.19-04.41.51:012][304]LogTexture: Display: 텍스처 빌드: HQ_Lightmap0_12 (AutoDXT, 1024X1024)
[2022.12.19-04.41.51:012][304]LogTexture: Display: 텍스처 빌드: LQ_Lightmap_0_12 (DXT1, 1024X1024)
[2022.12.19-04.41.51:012][304]LogTexture: Display: 텍스처 빌드: HQ_Lightmap0_13 (AutoDXT, 1024X1024)
[2022.12.19-04.41.51:012][304]LogTexture: Display: 텍스처 빌드: LQ_Lightmap_0_13 (DXT1, 1024X1024)
[2022.12.19-04.41.51:012][304]LogTexture: Display: 텍스처 빌드: HQ_Lightmap0_14 (AutoDXT, 1024X1024)
[2022.12.19-04.41.51:012][304]LogTexture: Display: 텍스처 빌드: LQ_Lightmap_0_14 (DXT1, 1024X1024)
[2022.12.19-04.41.51:012][304]LogTexture: Display: 텍스처 빌드: HQ_Lightmap0_15 (AutoDXT, 1024X1024)
[2022.12.19-04.41.51:012][304]LogTexture: Display: 텍스처 빌드: LQ_Lightmap_0_15 (DXT1, 1024X1024)
[2022.12.19-04.41.51:012][304]LogTexture: Display: 텍스처 빌드: HQ_Lightmap0_16 (AutoDXT, 512X512)
[2022.12.19-04.41.51:012][304]LogTexture: Display: 텍스처 빌드: LQ_Lightmap_0_16 (DXT1, 512X512)
[2022.12.19-04.41.51:012][304]LogTexture: Display: 텍스처 빌드: HQ_Lightmap0_17 (AutoDXT, 64X64)
[2022.12.19-04.41.51:012][304]LogTexture: Display: 텍스처 빌드: LQ_Lightmap_0_17 (DXT1, 64X64)
[2022.12.19-04.41.51:012][304]LogTexture: Display: 텍스처 빌드: HQ_Lightmap0_18 (AutoDXT, 64X64)
[2022.12.19-04.41.51:012][304]LogTexture: Display: 텍스처 빌드: LQ_Lightmap_0_18 (DXT1, 64X64)
[2022.12.19-04.41.51:012][304]LogTexture: Display: 텍스처 빌드: HQ_Lightmap0_19 (AutoDXT, 64X64)
[2022.12.19-04.41.51:012][304]LogTexture: Display: 텍스처 빌드: LQ_Lightmap_0_19 (DXT1, 64X64)
[2022.12.19-04.41.51:445][304]LogTexture: Display: 텍스처 빌드: ShadowMapTexture2D_7 (BGRA8, 1024X1024)
[2022.12.19-04.41.51:445][304]LogTexture: Display: 텍스처 빌드: ShadowMapTexture2D_10 (BGRA8, 1024X1024)
[2022.12.19-04.41.51:445][304]LogTexture: Display: 텍스처 빌드: ShadowMapTexture2D_8 (BGRA8, 1024X1024)
[2022.12.19-04.41.51:445][304]LogTexture: Display: 텍스처 빌드: ShadowMapTexture2D_9 (BGRA8, 1024X1024)
[2022.12.19-04.41.51:445][304]LogTexture: Display: 텍스처 빌드: ShadowMapTexture2D_6 (BGRA8, 1024X1024)
[2022.12.19-04.41.51:445][304]LogTexture: Display: 텍스처 빌드: ShadowMapTexture2D_15 (BGRA8, 64X32)
[2022.12.19-04.41.51:445][304]LogTexture: Display: 텍스처 빌드: ShadowMapTexture2D_16 (G8, 64X32)
[2022.12.19-04.41.51:445][304]LogTexture: Display: 텍스처 빌드: ShadowMapTexture2D_17 (G8, 32X32)
[2022.12.19-04.41.51:445][304]LogTexture: Display: 텍스처 빌드: ShadowMapTexture2D_14 (BGRA8, 512X256)
[2022.12.19-04.41.51:445][304]LogTexture: Display: 텍스처 빌드: ShadowMapTexture2D_13 (BGRA8, 1024X512)
[2022.12.19-04.41.51:445][304]LogTexture: Display: 텍스처 빌드: ShadowMapTexture2D_11 (BGRA8, 1024X1024)
[2022.12.19-04.41.51:445][304]LogTexture: Display: 텍스처 빌드: ShadowMapTexture2D_12 (BGRA8, 1024X1024)
[2022.12.19-04.41.51:445][304]Lightmass on DESKTOP-L0JLIHB: 56.3 sec total, 211 ms importing, 122 ms setup, 8.05 sec photons, 47.9 sec processing, 0 ms extra exporting [208/208 mappings]. Threads: 3:59 min total, 2:04 min processing.
[2022.12.19-04.41.51:457][304]LogStaticLightingSystem: Demo_BuiltData storing lightmap data for 167 meshes in 26 LightmapResourceClusters (6.4 Meshes per cluster).
[2022.12.19-04.41.51:481][304]LogUObjectHash: Compacting FUObjectHashTables data took   0.82ms
[2022.12.19-04.41.51:519][304]LogStaticLightingSystem: Illumination: 1:00 min (6.77 sec encoding lightmaps, 391 ms encoding shadowmaps)
[2022.12.19-04.41.51:519][304]LogStaticLightingSystem: Lightmap texture memory:  30.5 MB (30.5 MB streaming, 0.0 MB non-streaming), 38 textures
[2022.12.19-04.41.51:519][304]LogStaticLightingSystem: Shadowmap texture memory: 40.7 MB (40.7 MB streaming, 0.0 MB non-streaming), 12 textures
[2022.12.19-04.41.52:206][304]DumpUnbuiltLightIteractions
[2022.12.19-04.41.52:206][304]Lights with unbuilt interactions: 0
[2022.12.19-04.41.52:206][304]
[2022.12.19-04.41.52:207][304]Primitives with unbuilt interactions: 0
[2022.12.19-04.41.52:355][304]LogSlate: Took 0.000118 seconds to synchronously load lazily loaded font '../../../Engine/Content/Slate/Fonts/DroidSansMono.ttf' (77K)
[2022.12.19-04.41.52:356][304]LogSlate: Took 0.000784 seconds to synchronously load lazily loaded font '../../../Engine/Content/Editor/Slate/Fonts/NanumGothicExtraBold.ttf' (4074K)
[2022.12.19-04.41.52:357][305]Cmd: MAP CHECK NOTIFYRESULTS
[2022.12.19-04.41.52:357][305]MapCheck: New page: Demo - 2022. 12. 19. 오후 10:41:52
[2022.12.19-04.41.52:357][305]MapCheck: Warning: Box브러시 Box브러시 : 브러시에 제로 폴리곤이 있습니다 - 지워 주세요. 
[2022.12.19-04.41.52:358][305]MapCheck: 맵 체크 완료: 오류 0 회, 경고 1 회, 소요 시간 0.775ms.
[2022.12.19-04.41.57:589][806]LogSlate: Window '메시지 로그' being destroyed
[2022.12.19-04.41.57:592][806]LogSlate: Window '메시지 로그' being destroyed
