Log file open, 12/20/22 12:17:25
LogInit: Display: Running engine for game: U03_ThirdPerson
LogPlatformFile: Not using cached read wrapper
LogTaskGraph: Started task graph with 5 named threads and 20 total threads with 3 sets of task threads.
LogStats: Stats thread started at 0.159635
LogD3D11RHI: Loaded GFSDK_Aftermath_Lib.x64.dll
LogICUInternationalization: ICU TimeZone Detection - Raw Offset: +9:00, Platform Override: ''
LogPluginManager: Mounting plugin Paper2D
LogPluginManager: Mounting plugin AISupport
LogPluginManager: Mounting plugin LightPropagationVolume
LogPluginManager: Mounting plugin CameraShakePreviewer
LogPluginManager: Mounting plugin ActorLayerUtilities
LogPluginManager: Mounting plugin AnimationSharing
LogPluginManager: Mounting plugin CLionSourceCodeAccess
LogPluginManager: Mounting plugin CodeLiteSourceCodeAccess
LogPluginManager: Mounting plugin GitSourceControl
LogPluginManager: Mounting plugin KDevelopSourceCodeAccess
LogPluginManager: Mounting plugin NullSourceCodeAccess
LogPluginManager: Mounting plugin PerforceSourceControl
LogPluginManager: Mounting plugin PlasticSourceControl
LogPluginManager: Mounting plugin RiderSourceCodeAccess
LogPluginManager: Mounting plugin SubversionSourceControl
LogPluginManager: Mounting plugin UObjectPlugin
LogPluginManager: Mounting plugin VisualStudioCodeSourceCodeAccess
LogPluginManager: Mounting plugin VisualStudioSourceCodeAccess
LogPluginManager: Mounting plugin XCodeSourceCodeAccess
LogPluginManager: Mounting plugin AssetManagerEditor
LogPluginManager: Mounting plugin CryptoKeys
LogPluginManager: Mounting plugin CurveEditorTools
LogPluginManager: Mounting plugin DataValidation
LogPluginManager: Mounting plugin EditorScriptingUtilities
LogPluginManager: Mounting plugin FacialAnimation
LogPluginManager: Mounting plugin GameplayTagsEditor
LogPluginManager: Mounting plugin GeometryMode
LogPluginManager: Mounting plugin MacGraphicsSwitching
LogPluginManager: Mounting plugin MaterialAnalyzer
LogPluginManager: Mounting plugin MobileLauncherProfileWizard
LogPluginManager: Mounting plugin PluginBrowser
LogPluginManager: Mounting plugin SpeedTreeImporter
LogPluginManager: Mounting plugin DatasmithContent
LogPluginManager: Mounting plugin VariantManagerContent
LogPluginManager: Mounting plugin AlembicImporter
LogPluginManager: Mounting plugin AutomationUtils
LogPluginManager: Mounting plugin BackChannel
LogPluginManager: Mounting plugin ChaosCloth
LogPluginManager: Mounting plugin ChaosClothEditor
LogPluginManager: Mounting plugin ChaosEditor
LogPluginManager: Mounting plugin ChaosNiagara
LogPluginManager: Mounting plugin ChaosSolverPlugin
LogPluginManager: Mounting plugin CharacterAI
LogPluginManager: Mounting plugin GeometryCache
LogPluginManager: Mounting plugin GeometryCollectionPlugin
LogPluginManager: Mounting plugin GeometryProcessing
LogPluginManager: Mounting plugin PlanarCut
LogPluginManager: Mounting plugin PlatformCrypto
LogPluginManager: Mounting plugin ProxyLODPlugin
LogPluginManager: Mounting plugin SkeletalReduction
LogPluginManager: Mounting plugin Niagara
LogPluginManager: Mounting plugin MagicLeap
LogPluginManager: Mounting plugin MagicLeapLightEstimation
LogPluginManager: Mounting plugin MagicLeapMedia
LogPluginManager: Mounting plugin MagicLeapPassableWorld
LogPluginManager: Mounting plugin MLSDK
LogPluginManager: Mounting plugin AndroidMedia
LogPluginManager: Mounting plugin AvfMedia
LogPluginManager: Mounting plugin ImgMedia
LogPluginManager: Mounting plugin MediaCompositing
LogPluginManager: Mounting plugin MediaPlayerEditor
LogPluginManager: Mounting plugin WebMMedia
LogPluginManager: Mounting plugin WmfMedia
LogPluginManager: Mounting plugin MeshPainting
LogPluginManager: Mounting plugin TcpMessaging
LogPluginManager: Mounting plugin UdpMessaging
LogPluginManager: Mounting plugin ActorSequence
LogPluginManager: Mounting plugin LevelSequenceEditor
LogPluginManager: Mounting plugin MatineeToLevelSequence
LogPluginManager: Mounting plugin MovieRenderPipeline
LogPluginManager: Mounting plugin TemplateSequence
LogPluginManager: Mounting plugin NetcodeUnitTest
LogPluginManager: Mounting plugin NUTUnrealEngine4
LogPluginManager: Mounting plugin OnlineSubsystemGooglePlay
LogPluginManager: Mounting plugin OnlineSubsystemIOS
LogPluginManager: Mounting plugin OnlineSubsystem
LogPluginManager: Mounting plugin OnlineSubsystemNull
LogPluginManager: Mounting plugin OnlineSubsystemUtils
LogPluginManager: Mounting plugin LauncherChunkInstaller
LogPluginManager: Mounting plugin AndroidDeviceProfileSelector
LogPluginManager: Mounting plugin AndroidMoviePlayer
LogPluginManager: Mounting plugin AndroidPermission
LogPluginManager: Mounting plugin AppleImageUtils
LogPluginManager: Mounting plugin AppleMoviePlayer
LogPluginManager: Mounting plugin ArchVisCharacter
LogPluginManager: Mounting plugin AssetTags
LogPluginManager: Mounting plugin AudioCapture
LogPluginManager: Mounting plugin CableComponent
LogPluginManager: Mounting plugin CustomMeshComponent
LogPluginManager: Mounting plugin EditableMesh
LogPluginManager: Mounting plugin ExampleDeviceProfileSelector
LogPluginManager: Mounting plugin GoogleCloudMessaging
LogPluginManager: Mounting plugin GooglePAD
LogPluginManager: Mounting plugin IOSDeviceProfileSelector
LogPluginManager: Mounting plugin LinuxDeviceProfileSelector
LogPluginManager: Mounting plugin LocationServicesBPLibrary
LogPluginManager: Mounting plugin MobilePatchingUtils
LogPluginManager: Mounting plugin OculusVR
LogPluginManager: Mounting plugin PhysXVehicles
LogPluginManager: Mounting plugin PostSplashScreen
LogPluginManager: Mounting plugin ProceduralMeshComponent
LogPluginManager: Mounting plugin RuntimePhysXCooking
LogPluginManager: Mounting plugin SignificanceManager
LogPluginManager: Mounting plugin SoundFields
LogPluginManager: Mounting plugin SteamVR
LogPluginManager: Mounting plugin Synthesis
LogPluginManager: Mounting plugin WebMMoviePlayer
LogPluginManager: Mounting plugin WindowsMoviePlayer
LogPluginManager: Mounting plugin ScreenshotTools
LogInit: Using libcurl 7.55.1-DEV
LogInit:  - built for x86_64-pc-win32
LogInit:  - supports SSL with OpenSSL/1.1.1
LogInit:  - supports HTTP deflate (compression) using libz 1.2.8
LogInit:  - other features:
LogInit:      CURL_VERSION_SSL
LogInit:      CURL_VERSION_LIBZ
LogInit:      CURL_VERSION_IPV6
LogInit:      CURL_VERSION_ASYNCHDNS
LogInit:      CURL_VERSION_LARGEFILE
LogInit:      CURL_VERSION_IDN
LogInit:  CurlRequestOptions (configurable via config and command line):
LogInit:  - bVerifyPeer = true  - Libcurl will verify peer certificate
LogInit:  - bUseHttpProxy = false  - Libcurl will NOT use HTTP proxy
LogInit:  - bDontReuseConnections = false  - Libcurl will reuse connections
LogInit:  - MaxHostConnections = 16  - Libcurl will limit the number of connections to a host
LogInit:  - LocalHostAddr = Default
LogInit:  - BufferSize = 65536
LogOnline: OSS: Creating online subsystem instance for: NULL
LogInit: WinSock: version 1.1 (2.2), MaxSocks=32767, MaxUdp=65467
LogOnline: OSS: TryLoadSubsystemAndSetDefault: Loaded subsystem for module [NULL]
LogInit: Build: ++UE4+Release-4.25-CL-14469661
LogInit: Engine Version: 4.25.4-14469661+++UE4+Release-4.25
LogInit: Compatible Engine Version: 4.25.0-13144385+++UE4+Release-4.25
LogInit: Net CL: 13144385
LogInit: OS: Windows 10 (Release 2009) (), CPU: Intel(R) Core(TM) i5-9400F CPU @ 2.90GHz, GPU: NVIDIA GeForce GTX 1050
LogInit: Compiled (64-bit): Oct 11 2020 08:10:49
LogInit: Compiled with Visual C++: 19.24.28315.00
LogInit: Build Configuration: Development
LogInit: Branch Name: ++UE4+Release-4.25
LogInit: Command Line: 
LogInit: Base Directory: D:/ue4/UE_4.25/Engine/Binaries/Win64/
LogInit: Allocator: TBB
LogInit: Installed Engine Build: 1
LogDevObjectVersion: Number of dev versions registered: 26
LogDevObjectVersion:   Dev-Blueprints (B0D832E4-1F89-4F0D-ACCF-7EB736FD4AA2): 10
LogDevObjectVersion:   Dev-Build (E1C64328-A22C-4D53-A36C-8E866417BD8C): 0
LogDevObjectVersion:   Dev-Core (375EC13C-06E4-48FB-B500-84F0262A717E): 4
LogDevObjectVersion:   Dev-Editor (E4B068ED-F494-42E9-A231-DA0B2E46BB41): 38
LogDevObjectVersion:   Dev-Framework (CFFC743F-43B0-4480-9391-14DF171D2073): 37
LogDevObjectVersion:   Dev-Mobile (B02B49B5-BB20-44E9-A304-32B752E40360): 2
LogDevObjectVersion:   Dev-Networking (A4E4105C-59A1-49B5-A7C5-40C4547EDFEE): 0
LogDevObjectVersion:   Dev-Online (39C831C9-5AE6-47DC-9A44-9C173E1C8E7C): 0
LogDevObjectVersion:   Dev-Physics (78F01B33-EBEA-4F98-B9B4-84EACCB95AA2): 4
LogDevObjectVersion:   Dev-Platform (6631380F-2D4D-43E0-8009-CF276956A95A): 0
LogDevObjectVersion:   Dev-Rendering (12F88B9F-8875-4AFC-A67C-D90C383ABD29): 43
LogDevObjectVersion:   Dev-Sequencer (7B5AE74C-D270-4C10-A958-57980B212A5A): 12
LogDevObjectVersion:   Dev-VR (D7296918-1DD6-4BDD-9DE2-64A83CC13884): 3
LogDevObjectVersion:   Dev-LoadTimes (C2A15278-BFE7-4AFE-6C17-90FF531DF755): 1
LogDevObjectVersion:   Private-Geometry (6EACA3D4-40EC-4CC1-B786-8BED09428FC5): 3
LogDevObjectVersion:   Dev-AnimPhys (29E575DD-E0A3-4627-9D10-D276232CDCEA): 17
LogDevObjectVersion:   Dev-Anim (AF43A65D-7FD3-4947-9873-3E8ED9C1BB05): 7
LogDevObjectVersion:   Dev-ReflectionCapture (6B266CEC-1EC7-4B8F-A30B-E4D90942FC07): 1
LogDevObjectVersion:   Dev-Automation (0DF73D61-A23F-47EA-B727-89E90C41499A): 1
LogDevObjectVersion:   FortniteMain (601D1886-AC64-4F84-AA16-D3DE0DEAC7D6): 31
LogDevObjectVersion:   Dev-Enterprise (9DFFBCD6-494F-0158-E221-12823C92A888): 10
LogDevObjectVersion:   Dev-Niagara (F2AED0AC-9AFE-416F-8664-AA7FFA26D6FC): 1
LogDevObjectVersion:   Dev-Destruction (174F1F0B-B4C6-45A5-B13F-2EE8D0FB917D): 10
LogDevObjectVersion:   Dev-Physics-Ext (35F94A83-E258-406C-A318-09F59610247C): 37
LogDevObjectVersion:   Dev-PhysicsMaterial-Chaos (B68FC16E-8B1B-42E2-B453-215C058844FE): 1
LogDevObjectVersion:   Dev-CineCamera (B2E18506-4273-CFC2-A54E-F4BB758BBA07): 1
LogInit: Presizing for max 25165824 objects, including 0 objects not considered by GC, pre-allocating 0 bytes for permanent pool.
LogConfig: Applying CVar settings from Section [/Script/Engine.StreamingSettings] File [D:/U03_ThirdPerson/U03_ThirdPerson_bk/U03_ThirdPerson/Saved/Config/Windows/Engine.ini]
LogConfig: Setting CVar [[s.MinBulkDataSizeForAsyncLoading:131072]]
LogConfig: Setting CVar [[s.AsyncLoadingThreadEnabled:0]]
LogConfig: Setting CVar [[s.EventDrivenLoaderEnabled:1]]
LogConfig: Setting CVar [[s.WarnIfTimeLimitExceeded:0]]
LogConfig: Setting CVar [[s.TimeLimitExceededMultiplier:1.5]]
LogConfig: Setting CVar [[s.TimeLimitExceededMinTime:0.005]]
LogConfig: Setting CVar [[s.UseBackgroundLevelStreaming:1]]
LogConfig: Setting CVar [[s.PriorityAsyncLoadingExtraTime:15.0]]
LogConfig: Setting CVar [[s.LevelStreamingActorsUpdateTimeLimit:5.0]]
LogConfig: Setting CVar [[s.PriorityLevelStreamingActorsUpdateExtraTime:5.0]]
LogConfig: Setting CVar [[s.LevelStreamingComponentsRegistrationGranularity:10]]
LogConfig: Setting CVar [[s.UnregisterComponentsTimeLimit:1.0]]
LogConfig: Setting CVar [[s.LevelStreamingComponentsUnregistrationGranularity:5]]
LogConfig: Setting CVar [[s.FlushStreamingOnExit:1]]
LogInit: Object subsystem initialized
LogConfig: Setting CVar [[con.DebugEarlyDefault:1]]
LogConfig: Setting CVar [[r.setres:1280x720]]
[2022.12.20-03.17.25:211][  0]LogConfig: Setting CVar [[r.VSync:0]]
[2022.12.20-03.17.25:211][  0]LogConfig: Setting CVar [[r.RHICmdBypass:0]]
[2022.12.20-03.17.25:211][  0]LogConfig: Applying CVar settings from Section [/Script/Engine.RendererSettings] File [D:/U03_ThirdPerson/U03_ThirdPerson_bk/U03_ThirdPerson/Saved/Config/Windows/Engine.ini]
[2022.12.20-03.17.25:212][  0]LogConfig: Setting CVar [[r.GPUCrashDebugging:0]]
[2022.12.20-03.17.25:212][  0]LogConfig: Setting CVar [[r.CustomDepth:3]]
[2022.12.20-03.17.25:212][  0]LogConfig: Applying CVar settings from Section [/Script/Engine.RendererOverrideSettings] File [D:/U03_ThirdPerson/U03_ThirdPerson_bk/U03_ThirdPerson/Saved/Config/Windows/Engine.ini]
[2022.12.20-03.17.25:212][  0]LogConfig: Applying CVar settings from Section [/Script/Engine.StreamingSettings] File [D:/U03_ThirdPerson/U03_ThirdPerson_bk/U03_ThirdPerson/Saved/Config/Windows/Engine.ini]
[2022.12.20-03.17.25:212][  0]LogConfig: Setting CVar [[s.MinBulkDataSizeForAsyncLoading:131072]]
[2022.12.20-03.17.25:212][  0]LogConfig: Setting CVar [[s.AsyncLoadingThreadEnabled:0]]
[2022.12.20-03.17.25:212][  0]LogConfig: Setting CVar [[s.EventDrivenLoaderEnabled:1]]
[2022.12.20-03.17.25:212][  0]LogConfig: Setting CVar [[s.WarnIfTimeLimitExceeded:0]]
[2022.12.20-03.17.25:212][  0]LogConfig: Setting CVar [[s.TimeLimitExceededMultiplier:1.5]]
[2022.12.20-03.17.25:212][  0]LogConfig: Setting CVar [[s.TimeLimitExceededMinTime:0.005]]
[2022.12.20-03.17.25:212][  0]LogConfig: Setting CVar [[s.UseBackgroundLevelStreaming:1]]
[2022.12.20-03.17.25:212][  0]LogConfig: Setting CVar [[s.PriorityAsyncLoadingExtraTime:15.0]]
[2022.12.20-03.17.25:212][  0]LogConfig: Setting CVar [[s.LevelStreamingActorsUpdateTimeLimit:5.0]]
[2022.12.20-03.17.25:212][  0]LogConfig: Setting CVar [[s.PriorityLevelStreamingActorsUpdateExtraTime:5.0]]
[2022.12.20-03.17.25:212][  0]LogConfig: Setting CVar [[s.LevelStreamingComponentsRegistrationGranularity:10]]
[2022.12.20-03.17.25:212][  0]LogConfig: Setting CVar [[s.UnregisterComponentsTimeLimit:1.0]]
[2022.12.20-03.17.25:212][  0]LogConfig: Setting CVar [[s.LevelStreamingComponentsUnregistrationGranularity:5]]
[2022.12.20-03.17.25:212][  0]LogConfig: Setting CVar [[s.FlushStreamingOnExit:1]]
[2022.12.20-03.17.25:212][  0]LogConfig: Applying CVar settings from Section [/Script/Engine.GarbageCollectionSettings] File [D:/U03_ThirdPerson/U03_ThirdPerson_bk/U03_ThirdPerson/Saved/Config/Windows/Engine.ini]
[2022.12.20-03.17.25:212][  0]LogConfig: Setting CVar [[gc.MaxObjectsNotConsideredByGC:1]]
[2022.12.20-03.17.25:212][  0]LogConfig: Setting CVar [[gc.SizeOfPermanentObjectPool:0]]
[2022.12.20-03.17.25:212][  0]LogConfig: Setting CVar [[gc.FlushStreamingOnGC:0]]
[2022.12.20-03.17.25:212][  0]LogConfig: Setting CVar [[gc.NumRetriesBeforeForcingGC:10]]
[2022.12.20-03.17.25:212][  0]LogConfig: Setting CVar [[gc.AllowParallelGC:1]]
[2022.12.20-03.17.25:212][  0]LogConfig: Setting CVar [[gc.TimeBetweenPurgingPendingKillObjects:61.1]]
[2022.12.20-03.17.25:212][  0]LogConfig: Setting CVar [[gc.MaxObjectsInEditor:25165824]]
[2022.12.20-03.17.25:212][  0]LogConfig: Setting CVar [[gc.IncrementalBeginDestroyEnabled:1]]
[2022.12.20-03.17.25:212][  0]LogConfig: Setting CVar [[gc.CreateGCClusters:1]]
[2022.12.20-03.17.25:212][  0]LogConfig: Setting CVar [[gc.MinGCClusterSize:5]]
[2022.12.20-03.17.25:212][  0]LogConfig: Setting CVar [[gc.ActorClusteringEnabled:0]]
[2022.12.20-03.17.25:212][  0]LogConfig: Setting CVar [[gc.BlueprintClusteringEnabled:0]]
[2022.12.20-03.17.25:212][  0]LogConfig: Setting CVar [[gc.UseDisregardForGCOnDedicatedServers:0]]
[2022.12.20-03.17.25:212][  0]LogConfig: Applying CVar settings from Section [/Script/Engine.NetworkSettings] File [D:/U03_ThirdPerson/U03_ThirdPerson_bk/U03_ThirdPerson/Saved/Config/Windows/Engine.ini]
[2022.12.20-03.17.25:212][  0]LogConfig: Applying CVar settings from Section [/Script/UnrealEd.CookerSettings] File [D:/U03_ThirdPerson/U03_ThirdPerson_bk/U03_ThirdPerson/Saved/Config/Windows/Engine.ini]
[2022.12.20-03.17.25:214][  0]LogConfig: Applying CVar settings from Section [ViewDistanceQuality@3] File [D:/U03_ThirdPerson/U03_ThirdPerson_bk/U03_ThirdPerson/Saved/Config/Windows/Scalability.ini]
[2022.12.20-03.17.25:214][  0]LogConfig: Setting CVar [[r.SkeletalMeshLODBias:0]]
[2022.12.20-03.17.25:214][  0]LogConfig: Setting CVar [[r.ViewDistanceScale:1.0]]
[2022.12.20-03.17.25:214][  0]LogConfig: Applying CVar settings from Section [AntiAliasingQuality@3] File [D:/U03_ThirdPerson/U03_ThirdPerson_bk/U03_ThirdPerson/Saved/Config/Windows/Scalability.ini]
[2022.12.20-03.17.25:214][  0]LogConfig: Setting CVar [[r.PostProcessAAQuality:4]]
[2022.12.20-03.17.25:214][  0]LogConfig: Applying CVar settings from Section [ShadowQuality@3] File [D:/U03_ThirdPerson/U03_ThirdPerson_bk/U03_ThirdPerson/Saved/Config/Windows/Scalability.ini]
[2022.12.20-03.17.25:214][  0]LogConfig: Setting CVar [[r.LightFunctionQuality:1]]
[2022.12.20-03.17.25:214][  0]LogConfig: Setting CVar [[r.ShadowQuality:5]]
[2022.12.20-03.17.25:214][  0]LogConfig: Setting CVar [[r.Shadow.CSM.MaxCascades:10]]
[2022.12.20-03.17.25:214][  0]LogConfig: Setting CVar [[r.Shadow.MaxResolution:2048]]
[2022.12.20-03.17.25:214][  0]LogConfig: Setting CVar [[r.Shadow.MaxCSMResolution:2048]]
[2022.12.20-03.17.25:214][  0]LogConfig: Setting CVar [[r.Shadow.RadiusThreshold:0.01]]
[2022.12.20-03.17.25:214][  0]LogConfig: Setting CVar [[r.Shadow.DistanceScale:1.0]]
[2022.12.20-03.17.25:214][  0]LogConfig: Setting CVar [[r.Shadow.CSM.TransitionScale:1.0]]
[2022.12.20-03.17.25:214][  0]LogConfig: Setting CVar [[r.Shadow.PreShadowResolutionFactor:1.0]]
[2022.12.20-03.17.25:214][  0]LogConfig: Setting CVar [[r.DistanceFieldShadowing:1]]
[2022.12.20-03.17.25:214][  0]LogConfig: Setting CVar [[r.DistanceFieldAO:1]]
[2022.12.20-03.17.25:214][  0]LogConfig: Setting CVar [[r.AOQuality:2]]
[2022.12.20-03.17.25:214][  0]LogConfig: Setting CVar [[r.VolumetricFog:1]]
[2022.12.20-03.17.25:214][  0]LogConfig: Setting CVar [[r.VolumetricFog.GridPixelSize:8]]
[2022.12.20-03.17.25:214][  0]LogConfig: Setting CVar [[r.VolumetricFog.GridSizeZ:128]]
[2022.12.20-03.17.25:214][  0]LogConfig: Setting CVar [[r.VolumetricFog.HistoryMissSupersampleCount:4]]
[2022.12.20-03.17.25:214][  0]LogConfig: Setting CVar [[r.LightMaxDrawDistanceScale:1]]
[2022.12.20-03.17.25:214][  0]LogConfig: Setting CVar [[r.CapsuleShadows:1]]
[2022.12.20-03.17.25:214][  0]LogConfig: Applying CVar settings from Section [PostProcessQuality@3] File [D:/U03_ThirdPerson/U03_ThirdPerson_bk/U03_ThirdPerson/Saved/Config/Windows/Scalability.ini]
[2022.12.20-03.17.25:214][  0]LogConfig: Setting CVar [[r.MotionBlurQuality:4]]
[2022.12.20-03.17.25:214][  0]LogConfig: Setting CVar [[r.AmbientOcclusionMipLevelFactor:0.4]]
[2022.12.20-03.17.25:214][  0]LogConfig: Setting CVar [[r.AmbientOcclusionMaxQuality:100]]
[2022.12.20-03.17.25:214][  0]LogConfig: Setting CVar [[r.AmbientOcclusionLevels:-1]]
[2022.12.20-03.17.25:214][  0]LogConfig: Setting CVar [[r.AmbientOcclusionRadiusScale:1.0]]
[2022.12.20-03.17.25:214][  0]LogConfig: Setting CVar [[r.DepthOfFieldQuality:2]]
[2022.12.20-03.17.25:214][  0]LogConfig: Setting CVar [[r.RenderTargetPoolMin:400]]
[2022.12.20-03.17.25:214][  0]LogConfig: Setting CVar [[r.LensFlareQuality:2]]
[2022.12.20-03.17.25:214][  0]LogConfig: Setting CVar [[r.SceneColorFringeQuality:1]]
[2022.12.20-03.17.25:214][  0]LogConfig: Setting CVar [[r.EyeAdaptationQuality:2]]
[2022.12.20-03.17.25:214][  0]LogConfig: Setting CVar [[r.BloomQuality:5]]
[2022.12.20-03.17.25:214][  0]LogConfig: Setting CVar [[r.FastBlurThreshold:100]]
[2022.12.20-03.17.25:214][  0]LogConfig: Setting CVar [[r.Upscale.Quality:3]]
[2022.12.20-03.17.25:214][  0]LogConfig: Setting CVar [[r.Tonemapper.GrainQuantization:1]]
[2022.12.20-03.17.25:214][  0]LogConfig: Setting CVar [[r.LightShaftQuality:1]]
[2022.12.20-03.17.25:214][  0]LogConfig: Setting CVar [[r.Filter.SizeScale:1]]
[2022.12.20-03.17.25:214][  0]LogConfig: Setting CVar [[r.Tonemapper.Quality:5]]
[2022.12.20-03.17.25:214][  0]LogConfig: Setting CVar [[r.DOF.Gather.AccumulatorQuality:1        ; higher gathering accumulator quality]]
[2022.12.20-03.17.25:214][  0]LogConfig: Setting CVar [[r.DOF.Gather.PostfilterMethod:1          ; Median3x3 postfilering method]]
[2022.12.20-03.17.25:214][  0]LogConfig: Setting CVar [[r.DOF.Gather.EnableBokehSettings:0       ; no bokeh simulation when gathering]]
[2022.12.20-03.17.25:214][  0]LogConfig: Setting CVar [[r.DOF.Gather.RingCount:4                 ; medium number of samples when gathering]]
[2022.12.20-03.17.25:214][  0]LogConfig: Setting CVar [[r.DOF.Scatter.ForegroundCompositing:1    ; additive foreground scattering]]
[2022.12.20-03.17.25:214][  0]LogConfig: Setting CVar [[r.DOF.Scatter.BackgroundCompositing:2    ; additive background scattering]]
[2022.12.20-03.17.25:214][  0]LogConfig: Setting CVar [[r.DOF.Scatter.EnableBokehSettings:1      ; bokeh simulation when scattering]]
[2022.12.20-03.17.25:214][  0]LogConfig: Setting CVar [[r.DOF.Scatter.MaxSpriteRatio:0.1         ; only a maximum of 10% of scattered bokeh]]
[2022.12.20-03.17.25:214][  0]LogConfig: Setting CVar [[r.DOF.Recombine.Quality:1                ; cheap slight out of focus]]
[2022.12.20-03.17.25:214][  0]LogConfig: Setting CVar [[r.DOF.Recombine.EnableBokehSettings:0    ; no bokeh simulation on slight out of focus]]
[2022.12.20-03.17.25:214][  0]LogConfig: Setting CVar [[r.DOF.TemporalAAQuality:1                ; more stable temporal accumulation]]
[2022.12.20-03.17.25:214][  0]LogConfig: Setting CVar [[r.DOF.Kernel.MaxForegroundRadius:0.025]]
[2022.12.20-03.17.25:214][  0]LogConfig: Setting CVar [[r.DOF.Kernel.MaxBackgroundRadius:0.025]]
[2022.12.20-03.17.25:214][  0]LogConfig: Applying CVar settings from Section [TextureQuality@3] File [D:/U03_ThirdPerson/U03_ThirdPerson_bk/U03_ThirdPerson/Saved/Config/Windows/Scalability.ini]
[2022.12.20-03.17.25:214][  0]LogConfig: Setting CVar [[r.Streaming.MipBias:0]]
[2022.12.20-03.17.25:214][  0]LogConfig: Setting CVar [[r.Streaming.AmortizeCPUToGPUCopy:0]]
[2022.12.20-03.17.25:214][  0]LogConfig: Setting CVar [[r.Streaming.MaxNumTexturesToStreamPerFrame:0]]
[2022.12.20-03.17.25:214][  0]LogConfig: Setting CVar [[r.Streaming.Boost:1]]
[2022.12.20-03.17.25:214][  0]LogConfig: Setting CVar [[r.MaxAnisotropy:8]]
[2022.12.20-03.17.25:214][  0]LogConfig: Setting CVar [[r.VT.MaxAnisotropy:8]]
[2022.12.20-03.17.25:214][  0]LogConfig: Setting CVar [[r.Streaming.LimitPoolSizeToVRAM:0]]
[2022.12.20-03.17.25:214][  0]LogConfig: Setting CVar [[r.Streaming.PoolSize:1000]]
[2022.12.20-03.17.25:214][  0]LogConfig: Setting CVar [[r.Streaming.MaxEffectiveScreenSize:0]]
[2022.12.20-03.17.25:214][  0]LogConfig: Applying CVar settings from Section [EffectsQuality@3] File [D:/U03_ThirdPerson/U03_ThirdPerson_bk/U03_ThirdPerson/Saved/Config/Windows/Scalability.ini]
[2022.12.20-03.17.25:215][  0]LogConfig: Setting CVar [[r.TranslucencyLightingVolumeDim:64]]
[2022.12.20-03.17.25:215][  0]LogConfig: Setting CVar [[r.RefractionQuality:2]]
[2022.12.20-03.17.25:215][  0]LogConfig: Setting CVar [[r.SSR.Quality:3]]
[2022.12.20-03.17.25:215][  0]LogConfig: Setting CVar [[r.SSR.HalfResSceneColor:0]]
[2022.12.20-03.17.25:215][  0]LogConfig: Setting CVar [[r.SceneColorFormat:4]]
[2022.12.20-03.17.25:215][  0]LogConfig: Setting CVar [[r.DetailMode:2]]
[2022.12.20-03.17.25:215][  0]LogConfig: Setting CVar [[r.TranslucencyVolumeBlur:1]]
[2022.12.20-03.17.25:215][  0]LogConfig: Setting CVar [[r.MaterialQualityLevel:1 ; High quality]]
[2022.12.20-03.17.25:215][  0]LogConfig: Setting CVar [[r.SSS.Scale:1]]
[2022.12.20-03.17.25:215][  0]LogConfig: Setting CVar [[r.SSS.SampleSet:2]]
[2022.12.20-03.17.25:215][  0]LogConfig: Setting CVar [[r.SSS.Quality:1]]
[2022.12.20-03.17.25:215][  0]LogConfig: Setting CVar [[r.SSS.HalfRes:0]]
[2022.12.20-03.17.25:215][  0]LogConfig: Setting CVar [[r.SSGI.Quality:3]]
[2022.12.20-03.17.25:215][  0]LogConfig: Setting CVar [[r.EmitterSpawnRateScale:1.0]]
[2022.12.20-03.17.25:215][  0]LogConfig: Setting CVar [[r.ParticleLightQuality:2]]
[2022.12.20-03.17.25:215][  0]LogConfig: Setting CVar [[r.SkyAtmosphere.AerialPerspectiveLUT.FastApplyOnOpaque:1 ; Always have FastSkyLUT 1 in this case to avoid wrong sky]]
[2022.12.20-03.17.25:215][  0]LogConfig: Setting CVar [[r.SkyAtmosphere.AerialPerspectiveLUT.SampleCountPerSlice:1]]
[2022.12.20-03.17.25:215][  0]LogConfig: Setting CVar [[r.SkyAtmosphere.AerialPerspectiveLUT.DepthResolution:16.0]]
[2022.12.20-03.17.25:215][  0]LogConfig: Setting CVar [[r.SkyAtmosphere.FastSkyLUT:1]]
[2022.12.20-03.17.25:215][  0]LogConfig: Setting CVar [[r.SkyAtmosphere.FastSkyLUT.SampleCountMin:4.0]]
[2022.12.20-03.17.25:215][  0]LogConfig: Setting CVar [[r.SkyAtmosphere.FastSkyLUT.SampleCountMax:32.0]]
[2022.12.20-03.17.25:215][  0]LogConfig: Setting CVar [[r.SkyAtmosphere.SampleCountMin:4.0]]
[2022.12.20-03.17.25:215][  0]LogConfig: Setting CVar [[r.SkyAtmosphere.SampleCountMax:32.0]]
[2022.12.20-03.17.25:215][  0]LogConfig: Setting CVar [[r.SkyAtmosphere.TransmittanceLUT.UseSmallFormat:0]]
[2022.12.20-03.17.25:215][  0]LogConfig: Setting CVar [[r.SkyAtmosphere.TransmittanceLUT.SampleCount:10.0]]
[2022.12.20-03.17.25:215][  0]LogConfig: Setting CVar [[r.SkyAtmosphere.MultiScatteringLUT.SampleCount:15.0]]
[2022.12.20-03.17.25:215][  0]LogConfig: Applying CVar settings from Section [FoliageQuality@3] File [D:/U03_ThirdPerson/U03_ThirdPerson_bk/U03_ThirdPerson/Saved/Config/Windows/Scalability.ini]
[2022.12.20-03.17.25:215][  0]LogConfig: Setting CVar [[foliage.DensityScale:1.0]]
[2022.12.20-03.17.25:215][  0]LogConfig: Setting CVar [[grass.DensityScale:1.0]]
[2022.12.20-03.17.25:215][  0]LogConfig: Applying CVar settings from Section [ShadingQuality@3] File [D:/U03_ThirdPerson/U03_ThirdPerson_bk/U03_ThirdPerson/Saved/Config/Windows/Scalability.ini]
[2022.12.20-03.17.25:215][  0]LogConfig: Setting CVar [[r.HairStrands.SkyLighting.SampleCount:16]]
[2022.12.20-03.17.25:215][  0]LogConfig: Setting CVar [[r.HairStrands.SkyLighting.JitterIntegration:0]]
[2022.12.20-03.17.25:215][  0]LogConfig: Setting CVar [[r.HairStrands.SkyAO.SampleCount:16]]
[2022.12.20-03.17.25:215][  0]LogConfig: Setting CVar [[r.HairStrands.DeepShadow.SuperSampling:0]]
[2022.12.20-03.17.25:215][  0]LogConfig: Setting CVar [[r.HairStrands.VisibilityPPLL:0]]
[2022.12.20-03.17.25:215][  0]LogConfig: Setting CVar [[r.HairStrands.RasterizationScale:0.5]]
[2022.12.20-03.17.25:215][  0]LogConfig: Setting CVar [[r.HairStrands.VelocityRasterizationScale:1]]
[2022.12.20-03.17.25:215][  0]LogInit: Selected Device Profile: [Windows]
[2022.12.20-03.17.25:215][  0]LogInit: Applying CVar settings loaded from the selected device profile: [Windows]
[2022.12.20-03.17.25:215][  0]LogHAL: Display: Platform has ~ 16 GB [17110802432 / 17179869184 / 16], which maps to Larger [LargestMinGB=32, LargerMinGB=12, DefaultMinGB=8, SmallerMinGB=6, SmallestMinGB=0)
[2022.12.20-03.17.25:215][  0]LogInit: Going up to parent DeviceProfile []
[2022.12.20-03.17.25:215][  0]LogConfig: Applying CVar settings from Section [ViewDistanceQuality@3] File [D:/U03_ThirdPerson/U03_ThirdPerson_bk/U03_ThirdPerson/Saved/Config/Windows/Scalability.ini]
[2022.12.20-03.17.25:215][  0]LogConfig: Setting CVar [[r.SkeletalMeshLODBias:0]]
[2022.12.20-03.17.25:215][  0]LogConfig: Setting CVar [[r.ViewDistanceScale:1.0]]
[2022.12.20-03.17.25:215][  0]LogConfig: Applying CVar settings from Section [AntiAliasingQuality@3] File [D:/U03_ThirdPerson/U03_ThirdPerson_bk/U03_ThirdPerson/Saved/Config/Windows/Scalability.ini]
[2022.12.20-03.17.25:215][  0]LogConfig: Setting CVar [[r.PostProcessAAQuality:4]]
[2022.12.20-03.17.25:215][  0]LogConfig: Applying CVar settings from Section [ShadowQuality@3] File [D:/U03_ThirdPerson/U03_ThirdPerson_bk/U03_ThirdPerson/Saved/Config/Windows/Scalability.ini]
[2022.12.20-03.17.25:215][  0]LogConfig: Setting CVar [[r.LightFunctionQuality:1]]
[2022.12.20-03.17.25:215][  0]LogConfig: Setting CVar [[r.ShadowQuality:5]]
[2022.12.20-03.17.25:215][  0]LogConfig: Setting CVar [[r.Shadow.CSM.MaxCascades:10]]
[2022.12.20-03.17.25:215][  0]LogConfig: Setting CVar [[r.Shadow.MaxResolution:2048]]
[2022.12.20-03.17.25:215][  0]LogConfig: Setting CVar [[r.Shadow.MaxCSMResolution:2048]]
[2022.12.20-03.17.25:215][  0]LogConfig: Setting CVar [[r.Shadow.RadiusThreshold:0.01]]
[2022.12.20-03.17.25:215][  0]LogConfig: Setting CVar [[r.Shadow.DistanceScale:1.0]]
[2022.12.20-03.17.25:215][  0]LogConfig: Setting CVar [[r.Shadow.CSM.TransitionScale:1.0]]
[2022.12.20-03.17.25:215][  0]LogConfig: Setting CVar [[r.Shadow.PreShadowResolutionFactor:1.0]]
[2022.12.20-03.17.25:215][  0]LogConfig: Setting CVar [[r.DistanceFieldShadowing:1]]
[2022.12.20-03.17.25:215][  0]LogConfig: Setting CVar [[r.DistanceFieldAO:1]]
[2022.12.20-03.17.25:215][  0]LogConfig: Setting CVar [[r.AOQuality:2]]
[2022.12.20-03.17.25:215][  0]LogConfig: Setting CVar [[r.VolumetricFog:1]]
[2022.12.20-03.17.25:215][  0]LogConfig: Setting CVar [[r.VolumetricFog.GridPixelSize:8]]
[2022.12.20-03.17.25:215][  0]LogConfig: Setting CVar [[r.VolumetricFog.GridSizeZ:128]]
[2022.12.20-03.17.25:215][  0]LogConfig: Setting CVar [[r.VolumetricFog.HistoryMissSupersampleCount:4]]
[2022.12.20-03.17.25:215][  0]LogConfig: Setting CVar [[r.LightMaxDrawDistanceScale:1]]
[2022.12.20-03.17.25:215][  0]LogConfig: Setting CVar [[r.CapsuleShadows:1]]
[2022.12.20-03.17.25:215][  0]LogConfig: Applying CVar settings from Section [PostProcessQuality@3] File [D:/U03_ThirdPerson/U03_ThirdPerson_bk/U03_ThirdPerson/Saved/Config/Windows/Scalability.ini]
[2022.12.20-03.17.25:215][  0]LogConfig: Setting CVar [[r.MotionBlurQuality:4]]
[2022.12.20-03.17.25:215][  0]LogConfig: Setting CVar [[r.AmbientOcclusionMipLevelFactor:0.4]]
[2022.12.20-03.17.25:215][  0]LogConfig: Setting CVar [[r.AmbientOcclusionMaxQuality:100]]
[2022.12.20-03.17.25:215][  0]LogConfig: Setting CVar [[r.AmbientOcclusionLevels:-1]]
[2022.12.20-03.17.25:215][  0]LogConfig: Setting CVar [[r.AmbientOcclusionRadiusScale:1.0]]
[2022.12.20-03.17.25:215][  0]LogConfig: Setting CVar [[r.DepthOfFieldQuality:2]]
[2022.12.20-03.17.25:215][  0]LogConfig: Setting CVar [[r.RenderTargetPoolMin:400]]
[2022.12.20-03.17.25:215][  0]LogConfig: Setting CVar [[r.LensFlareQuality:2]]
[2022.12.20-03.17.25:215][  0]LogConfig: Setting CVar [[r.SceneColorFringeQuality:1]]
[2022.12.20-03.17.25:215][  0]LogConfig: Setting CVar [[r.EyeAdaptationQuality:2]]
[2022.12.20-03.17.25:215][  0]LogConfig: Setting CVar [[r.BloomQuality:5]]
[2022.12.20-03.17.25:215][  0]LogConfig: Setting CVar [[r.FastBlurThreshold:100]]
[2022.12.20-03.17.25:215][  0]LogConfig: Setting CVar [[r.Upscale.Quality:3]]
[2022.12.20-03.17.25:215][  0]LogConfig: Setting CVar [[r.Tonemapper.GrainQuantization:1]]
[2022.12.20-03.17.25:215][  0]LogConfig: Setting CVar [[r.LightShaftQuality:1]]
[2022.12.20-03.17.25:216][  0]LogConfig: Setting CVar [[r.Filter.SizeScale:1]]
[2022.12.20-03.17.25:216][  0]LogConfig: Setting CVar [[r.Tonemapper.Quality:5]]
[2022.12.20-03.17.25:216][  0]LogConfig: Setting CVar [[r.DOF.Gather.AccumulatorQuality:1        ; higher gathering accumulator quality]]
[2022.12.20-03.17.25:216][  0]LogConfig: Setting CVar [[r.DOF.Gather.PostfilterMethod:1          ; Median3x3 postfilering method]]
[2022.12.20-03.17.25:216][  0]LogConfig: Setting CVar [[r.DOF.Gather.EnableBokehSettings:0       ; no bokeh simulation when gathering]]
[2022.12.20-03.17.25:216][  0]LogConfig: Setting CVar [[r.DOF.Gather.RingCount:4                 ; medium number of samples when gathering]]
[2022.12.20-03.17.25:216][  0]LogConfig: Setting CVar [[r.DOF.Scatter.ForegroundCompositing:1    ; additive foreground scattering]]
[2022.12.20-03.17.25:216][  0]LogConfig: Setting CVar [[r.DOF.Scatter.BackgroundCompositing:2    ; additive background scattering]]
[2022.12.20-03.17.25:216][  0]LogConfig: Setting CVar [[r.DOF.Scatter.EnableBokehSettings:1      ; bokeh simulation when scattering]]
[2022.12.20-03.17.25:216][  0]LogConfig: Setting CVar [[r.DOF.Scatter.MaxSpriteRatio:0.1         ; only a maximum of 10% of scattered bokeh]]
[2022.12.20-03.17.25:216][  0]LogConfig: Setting CVar [[r.DOF.Recombine.Quality:1                ; cheap slight out of focus]]
[2022.12.20-03.17.25:216][  0]LogConfig: Setting CVar [[r.DOF.Recombine.EnableBokehSettings:0    ; no bokeh simulation on slight out of focus]]
[2022.12.20-03.17.25:216][  0]LogConfig: Setting CVar [[r.DOF.TemporalAAQuality:1                ; more stable temporal accumulation]]
[2022.12.20-03.17.25:216][  0]LogConfig: Setting CVar [[r.DOF.Kernel.MaxForegroundRadius:0.025]]
[2022.12.20-03.17.25:216][  0]LogConfig: Setting CVar [[r.DOF.Kernel.MaxBackgroundRadius:0.025]]
[2022.12.20-03.17.25:216][  0]LogConfig: Applying CVar settings from Section [TextureQuality@3] File [D:/U03_ThirdPerson/U03_ThirdPerson_bk/U03_ThirdPerson/Saved/Config/Windows/Scalability.ini]
[2022.12.20-03.17.25:216][  0]LogConfig: Setting CVar [[r.Streaming.MipBias:0]]
[2022.12.20-03.17.25:216][  0]LogConfig: Setting CVar [[r.Streaming.AmortizeCPUToGPUCopy:0]]
[2022.12.20-03.17.25:216][  0]LogConfig: Setting CVar [[r.Streaming.MaxNumTexturesToStreamPerFrame:0]]
[2022.12.20-03.17.25:216][  0]LogConfig: Setting CVar [[r.Streaming.Boost:1]]
[2022.12.20-03.17.25:216][  0]LogConfig: Setting CVar [[r.MaxAnisotropy:8]]
[2022.12.20-03.17.25:216][  0]LogConfig: Setting CVar [[r.VT.MaxAnisotropy:8]]
[2022.12.20-03.17.25:216][  0]LogConfig: Setting CVar [[r.Streaming.LimitPoolSizeToVRAM:0]]
[2022.12.20-03.17.25:216][  0]LogConfig: Setting CVar [[r.Streaming.PoolSize:1000]]
[2022.12.20-03.17.25:216][  0]LogConfig: Setting CVar [[r.Streaming.MaxEffectiveScreenSize:0]]
[2022.12.20-03.17.25:216][  0]LogConfig: Applying CVar settings from Section [EffectsQuality@3] File [D:/U03_ThirdPerson/U03_ThirdPerson_bk/U03_ThirdPerson/Saved/Config/Windows/Scalability.ini]
[2022.12.20-03.17.25:216][  0]LogConfig: Setting CVar [[r.TranslucencyLightingVolumeDim:64]]
[2022.12.20-03.17.25:216][  0]LogConfig: Setting CVar [[r.RefractionQuality:2]]
[2022.12.20-03.17.25:216][  0]LogConfig: Setting CVar [[r.SSR.Quality:3]]
[2022.12.20-03.17.25:216][  0]LogConfig: Setting CVar [[r.SSR.HalfResSceneColor:0]]
[2022.12.20-03.17.25:216][  0]LogConfig: Setting CVar [[r.SceneColorFormat:4]]
[2022.12.20-03.17.25:216][  0]LogConfig: Setting CVar [[r.DetailMode:2]]
[2022.12.20-03.17.25:216][  0]LogConfig: Setting CVar [[r.TranslucencyVolumeBlur:1]]
[2022.12.20-03.17.25:216][  0]LogConfig: Setting CVar [[r.MaterialQualityLevel:1 ; High quality]]
[2022.12.20-03.17.25:216][  0]LogConfig: Setting CVar [[r.SSS.Scale:1]]
[2022.12.20-03.17.25:216][  0]LogConfig: Setting CVar [[r.SSS.SampleSet:2]]
[2022.12.20-03.17.25:216][  0]LogConfig: Setting CVar [[r.SSS.Quality:1]]
[2022.12.20-03.17.25:216][  0]LogConfig: Setting CVar [[r.SSS.HalfRes:0]]
[2022.12.20-03.17.25:216][  0]LogConfig: Setting CVar [[r.SSGI.Quality:3]]
[2022.12.20-03.17.25:216][  0]LogConfig: Setting CVar [[r.EmitterSpawnRateScale:1.0]]
[2022.12.20-03.17.25:216][  0]LogConfig: Setting CVar [[r.ParticleLightQuality:2]]
[2022.12.20-03.17.25:216][  0]LogConfig: Setting CVar [[r.SkyAtmosphere.AerialPerspectiveLUT.FastApplyOnOpaque:1 ; Always have FastSkyLUT 1 in this case to avoid wrong sky]]
[2022.12.20-03.17.25:216][  0]LogConfig: Setting CVar [[r.SkyAtmosphere.AerialPerspectiveLUT.SampleCountPerSlice:1]]
[2022.12.20-03.17.25:216][  0]LogConfig: Setting CVar [[r.SkyAtmosphere.AerialPerspectiveLUT.DepthResolution:16.0]]
[2022.12.20-03.17.25:216][  0]LogConfig: Setting CVar [[r.SkyAtmosphere.FastSkyLUT:1]]
[2022.12.20-03.17.25:216][  0]LogConfig: Setting CVar [[r.SkyAtmosphere.FastSkyLUT.SampleCountMin:4.0]]
[2022.12.20-03.17.25:216][  0]LogConfig: Setting CVar [[r.SkyAtmosphere.FastSkyLUT.SampleCountMax:32.0]]
[2022.12.20-03.17.25:216][  0]LogConfig: Setting CVar [[r.SkyAtmosphere.SampleCountMin:4.0]]
[2022.12.20-03.17.25:216][  0]LogConfig: Setting CVar [[r.SkyAtmosphere.SampleCountMax:32.0]]
[2022.12.20-03.17.25:216][  0]LogConfig: Setting CVar [[r.SkyAtmosphere.TransmittanceLUT.UseSmallFormat:0]]
[2022.12.20-03.17.25:216][  0]LogConfig: Setting CVar [[r.SkyAtmosphere.TransmittanceLUT.SampleCount:10.0]]
[2022.12.20-03.17.25:216][  0]LogConfig: Setting CVar [[r.SkyAtmosphere.MultiScatteringLUT.SampleCount:15.0]]
[2022.12.20-03.17.25:216][  0]LogConfig: Applying CVar settings from Section [FoliageQuality@3] File [D:/U03_ThirdPerson/U03_ThirdPerson_bk/U03_ThirdPerson/Saved/Config/Windows/Scalability.ini]
[2022.12.20-03.17.25:216][  0]LogConfig: Setting CVar [[foliage.DensityScale:1.0]]
[2022.12.20-03.17.25:216][  0]LogConfig: Setting CVar [[grass.DensityScale:1.0]]
[2022.12.20-03.17.25:216][  0]LogConfig: Applying CVar settings from Section [ShadingQuality@3] File [D:/U03_ThirdPerson/U03_ThirdPerson_bk/U03_ThirdPerson/Saved/Config/Windows/Scalability.ini]
[2022.12.20-03.17.25:216][  0]LogConfig: Setting CVar [[r.HairStrands.SkyLighting.SampleCount:16]]
[2022.12.20-03.17.25:216][  0]LogConfig: Setting CVar [[r.HairStrands.SkyLighting.JitterIntegration:0]]
[2022.12.20-03.17.25:216][  0]LogConfig: Setting CVar [[r.HairStrands.SkyAO.SampleCount:16]]
[2022.12.20-03.17.25:216][  0]LogConfig: Setting CVar [[r.HairStrands.DeepShadow.SuperSampling:0]]
[2022.12.20-03.17.25:216][  0]LogConfig: Setting CVar [[r.HairStrands.VisibilityPPLL:0]]
[2022.12.20-03.17.25:216][  0]LogConfig: Setting CVar [[r.HairStrands.RasterizationScale:0.5]]
[2022.12.20-03.17.25:216][  0]LogConfig: Setting CVar [[r.HairStrands.VelocityRasterizationScale:1]]
[2022.12.20-03.17.25:216][  0]LogConfig: Applying CVar settings from Section [Startup] File [../../../Engine/Config/ConsoleVariables.ini]
[2022.12.20-03.17.25:216][  0]LogConfig: Setting CVar [[net.UseAdaptiveNetUpdateFrequency:0]]
[2022.12.20-03.17.25:216][  0]LogConfig: Setting CVar [[p.chaos.AllowCreatePhysxBodies:1]]
[2022.12.20-03.17.25:216][  0]LogConfig: Setting CVar [[fx.SkipVectorVMBackendOptimizations:1]]
[2022.12.20-03.17.25:216][  0]LogConfig: Applying CVar settings from Section [ConsoleVariables] File [D:/U03_ThirdPerson/U03_ThirdPerson_bk/U03_ThirdPerson/Saved/Config/Windows/Engine.ini]
[2022.12.20-03.17.25:217][  0]LogInit: Computer: DESKTOP-L0JLIHB
[2022.12.20-03.17.25:217][  0]LogInit: User: SGAC002
[2022.12.20-03.17.25:217][  0]LogInit: CPU Page size=4096, Cores=6
[2022.12.20-03.17.25:217][  0]LogInit: High frequency timer resolution =10.000000 MHz
[2022.12.20-03.17.25:217][  0]LogMemory: Memory total: Physical=15.9GB (16GB approx)
[2022.12.20-03.17.25:217][  0]LogMemory: Platform Memory Stats for Windows
[2022.12.20-03.17.25:217][  0]LogMemory: Process Physical Memory: 115.33 MB used, 115.34 MB peak
[2022.12.20-03.17.25:217][  0]LogMemory: Process Virtual Memory: 95.51 MB used, 95.51 MB peak
[2022.12.20-03.17.25:217][  0]LogMemory: Physical Memory: 6483.55 MB used,  9834.58 MB free, 16318.13 MB total
[2022.12.20-03.17.25:217][  0]LogMemory: Virtual Memory: 5139.10 MB used,  134212592.00 MB free, 134217728.00 MB total
[2022.12.20-03.17.25:221][  0]LogWindows: WindowsPlatformFeatures enabled
[2022.12.20-03.17.25:241][  0]LogInit: Physics initialised using underlying interface: PhysX
[2022.12.20-03.17.25:241][  0]LogInit: Using OS detected language (ko-KR).
[2022.12.20-03.17.25:241][  0]LogInit: Using OS detected locale (ko-KR).
[2022.12.20-03.17.25:243][  0]LogTextLocalizationManager: No specific localization for 'ko-KR' exists, so the 'ko' localization will be used.
[2022.12.20-03.17.25:315][  0]LogInit: Setting process to per monitor DPI aware
[2022.12.20-03.17.25:352][  0]LogSlate: New Slate User Created.  User Index 0, Is Virtual User: 0
[2022.12.20-03.17.25:352][  0]LogSlate: Slate User Registered.  User Index 0, Is Virtual User: 0
[2022.12.20-03.17.25:454][  0]LogHMD: Failed to initialize OpenVR with code 110
[2022.12.20-03.17.25:454][  0]LogD3D11RHI: D3D11 min allowed feature level: 11_0
[2022.12.20-03.17.25:454][  0]LogD3D11RHI: D3D11 max allowed feature level: 11_0
[2022.12.20-03.17.25:454][  0]LogD3D11RHI: D3D11 adapters:
[2022.12.20-03.17.25:541][  0]LogD3D11RHI:    0. 'NVIDIA GeForce GTX 1050' (Feature Level 11_0)
[2022.12.20-03.17.25:541][  0]LogD3D11RHI:       1977/0/8159 MB DedicatedVideo/DedicatedSystem/SharedSystem, Outputs:1, VendorId:0x10de
[2022.12.20-03.17.25:543][  0]LogD3D11RHI:    1. 'Microsoft Basic Render Driver' (Feature Level 11_0)
[2022.12.20-03.17.25:543][  0]LogD3D11RHI:       0/0/8159 MB DedicatedVideo/DedicatedSystem/SharedSystem, Outputs:0, VendorId:0x1414
[2022.12.20-03.17.25:543][  0]LogD3D11RHI: Chosen D3D11 Adapter: 0
[2022.12.20-03.17.25:547][  0]LogD3D11RHI: Creating new Direct3DDevice
[2022.12.20-03.17.25:547][  0]LogD3D11RHI:     GPU DeviceId: 0x1c81 (for the marketing name, search the web for "GPU Device Id")
[2022.12.20-03.17.25:547][  0]LogWindows: EnumDisplayDevices:
[2022.12.20-03.17.25:548][  0]LogWindows:    0. 'NVIDIA GeForce GTX 1050' (P:1 D:1)
[2022.12.20-03.17.25:548][  0]LogWindows:    1. 'NVIDIA GeForce GTX 1050' (P:0 D:0)
[2022.12.20-03.17.25:548][  0]LogWindows:    2. 'NVIDIA GeForce GTX 1050' (P:0 D:0)
[2022.12.20-03.17.25:548][  0]LogWindows:    3. 'NVIDIA GeForce GTX 1050' (P:0 D:0)
[2022.12.20-03.17.25:548][  0]LogWindows: DebugString: FoundDriverCount:4 
[2022.12.20-03.17.25:548][  0]LogD3D11RHI:     Adapter Name: NVIDIA GeForce GTX 1050
[2022.12.20-03.17.25:548][  0]LogD3D11RHI:   Driver Version: 516.94 (internal:31.0.15.1694, unified:516.94)
[2022.12.20-03.17.25:548][  0]LogD3D11RHI:      Driver Date: 7-21-2022
[2022.12.20-03.17.25:548][  0]LogRHI: Texture pool is 1384 MB (70% of 1977 MB)
[2022.12.20-03.17.25:602][  0]LogD3D11RHI: RHI has support for 64 bit atomics
[2022.12.20-03.17.25:602][  0]LogD3D11RHI: Async texture creation enabled
[2022.12.20-03.17.25:602][  0]LogD3D11RHI: Array index from any shader is supported
[2022.12.20-03.17.25:617][  0]LogD3D11RHI: GPU Timing Frequency: 1000.000000 (Debug: 2 1)
[2022.12.20-03.17.25:866][  0]LogTargetPlatformManager: Display: Loaded TargetPlatform 'AllDesktop'
[2022.12.20-03.17.25:883][  0]LogTargetPlatformManager: Display: Loaded TargetPlatform 'Android'
[2022.12.20-03.17.25:883][  0]LogTargetPlatformManager: Display: Loaded TargetPlatform 'Android_ASTC'
[2022.12.20-03.17.25:883][  0]LogTargetPlatformManager: Display: Loaded TargetPlatform 'Android_DXT'
[2022.12.20-03.17.25:883][  0]LogTargetPlatformManager: Display: Loaded TargetPlatform 'Android_ETC2'
[2022.12.20-03.17.25:884][  0]LogTargetPlatformManager: Display: Loaded TargetPlatform 'AndroidClient'
[2022.12.20-03.17.25:884][  0]LogTargetPlatformManager: Display: Loaded TargetPlatform 'Android_ASTCClient'
[2022.12.20-03.17.25:884][  0]LogTargetPlatformManager: Display: Loaded TargetPlatform 'Android_DXTClient'
[2022.12.20-03.17.25:884][  0]LogTargetPlatformManager: Display: Loaded TargetPlatform 'Android_ETC2Client'
[2022.12.20-03.17.25:884][  0]LogTargetPlatformManager: Display: Loaded TargetPlatform 'Android_Multi'
[2022.12.20-03.17.25:884][  0]LogTargetPlatformManager: Display: Loaded TargetPlatform 'Android_MultiClient'
[2022.12.20-03.17.25:902][  0]LogTargetPlatformManager: Display: Loaded TargetPlatform 'IOSClient'
[2022.12.20-03.17.25:902][  0]LogTargetPlatformManager: Display: Loaded TargetPlatform 'IOS'
[2022.12.20-03.17.25:910][  0]LogTargetPlatformManager: Display: Loaded TargetPlatform 'Linux'
[2022.12.20-03.17.25:918][  0]LogTargetPlatformManager: Display: Loaded TargetPlatform 'LinuxNoEditor'
[2022.12.20-03.17.25:925][  0]LogTargetPlatformManager: Display: Loaded TargetPlatform 'LinuxClient'
[2022.12.20-03.17.25:932][  0]LogTargetPlatformManager: Display: Loaded TargetPlatform 'LinuxServer'
[2022.12.20-03.17.25:940][  0]LogTargetPlatformManager: Display: Loaded TargetPlatform 'LinuxAArch64NoEditor'
[2022.12.20-03.17.25:947][  0]LogTargetPlatformManager: Display: Loaded TargetPlatform 'LinuxAArch64Client'
[2022.12.20-03.17.25:954][  0]LogTargetPlatformManager: Display: Loaded TargetPlatform 'LinuxAArch64Server'
[2022.12.20-03.17.25:975][  0]LogTargetPlatformManager: Display: Loaded TargetPlatform 'Lumin'
[2022.12.20-03.17.25:975][  0]LogTargetPlatformManager: Display: Loaded TargetPlatform 'LuminClient'
[2022.12.20-03.17.25:988][  0]LogTargetPlatformManager: Display: Loaded TargetPlatform 'TVOSClient'
[2022.12.20-03.17.25:988][  0]LogTargetPlatformManager: Display: Loaded TargetPlatform 'TVOS'
[2022.12.20-03.17.25:995][  0]LogTargetPlatformManager: Display: Loaded TargetPlatform 'WindowsNoEditor'
[2022.12.20-03.17.26:003][  0]LogTargetPlatformManager: Display: Loaded TargetPlatform 'Windows'
[2022.12.20-03.17.26:010][  0]LogTargetPlatformManager: Display: Loaded TargetPlatform 'WindowsClient'
[2022.12.20-03.17.26:017][  0]LogTargetPlatformManager: Display: Loaded TargetPlatform 'WindowsServer'
[2022.12.20-03.17.26:017][  0]LogTargetPlatformManager: Display: Building Assets For Windows
[2022.12.20-03.17.26:023][  0]LogAudioDebug: Display: Lib vorbis DLL was dynamically loaded.
[2022.12.20-03.17.26:066][  0]LogShaderCompilers: Guid format shader working directory is -16 characters bigger than the processId version (../../../../../U03_ThirdPerson/U03_ThirdPerson_bk/U03_ThirdPerson/Intermediate/Shaders/WorkingDirectory/13420/).
[2022.12.20-03.17.26:066][  0]LogShaderCompilers: Cleaned the shader compiler working directory 'C:/Users/SGA_C_002/AppData/Local/Temp/UnrealShaderWorkingDir/DDD591454FF4FB10577E36A3062539EB/'.
[2022.12.20-03.17.26:066][  0]LogXGEController: Cannot use XGE Controller as Incredibuild is not installed on this machine.
[2022.12.20-03.17.26:066][  0]LogShaderCompilers: Cannot use XGE Shader Compiler as Incredibuild is not installed on this machine.
[2022.12.20-03.17.26:066][  0]LogShaderCompilers: Display: Using Local Shader Compiler.
[2022.12.20-03.17.26:728][  0]LogDerivedDataCache: Display: Max Cache Size: 512 MB
[2022.12.20-03.17.26:770][  0]LogDerivedDataCache: Loaded boot cache 0.04s 76MB C:/Users/SGA_C_002/AppData/Local/UnrealEngine/4.25/DerivedDataCache/Boot.ddc.
[2022.12.20-03.17.26:771][  0]LogDerivedDataCache: Display: Loaded Boot cache: C:/Users/SGA_C_002/AppData/Local/UnrealEngine/4.25/DerivedDataCache/Boot.ddc
[2022.12.20-03.17.26:771][  0]LogDerivedDataCache: FDerivedDataBackendGraph:  Pak pak cache file ../../../../../U03_ThirdPerson/U03_ThirdPerson_bk/U03_ThirdPerson/DerivedDataCache/DDC.ddp not found, will not use a pak cache.
[2022.12.20-03.17.26:771][  0]LogDerivedDataCache: Unable to find inner node Pak for hierarchical cache Hierarchy.
[2022.12.20-03.17.26:771][  0]LogDerivedDataCache: FDerivedDataBackendGraph:  CompressedPak pak cache file ../../../../../U03_ThirdPerson/U03_ThirdPerson_bk/U03_ThirdPerson/DerivedDataCache/Compressed.ddp not found, will not use a pak cache.
[2022.12.20-03.17.26:771][  0]LogDerivedDataCache: Unable to find inner node CompressedPak for hierarchical cache Hierarchy.
[2022.12.20-03.17.26:780][  0]LogDerivedDataCache: Display: Pak cache opened for reading ../../../Engine/DerivedDataCache/Compressed.ddp.
[2022.12.20-03.17.26:780][  0]LogDerivedDataCache: FDerivedDataBackendGraph:  EnterprisePak pak cache file ../../../Enterprise/DerivedDataCache/Compressed.ddp not found, will not use a pak cache.
[2022.12.20-03.17.26:780][  0]LogDerivedDataCache: Unable to find inner node EnterprisePak for hierarchical cache Hierarchy.
[2022.12.20-03.17.26:781][  0]LogDerivedDataCache: Using Local data cache path C:/Users/SGA_C_002/AppData/Local/UnrealEngine/Common/DerivedDataCache: Writable
[2022.12.20-03.17.26:781][  0]LogDerivedDataCache: Shared data cache path not found in *engine.ini, will not use an Shared cache.
[2022.12.20-03.17.26:781][  0]LogDerivedDataCache: Unable to find inner node Shared for hierarchical cache Hierarchy.
[2022.12.20-03.17.26:826][  0]LogSlate: Using FreeType 2.10.0
[2022.12.20-03.17.26:827][  0]LogSlate: SlateFontServices - WITH_FREETYPE: 1, WITH_HARFBUZZ: 1
[2022.12.20-03.17.26:849][  0]LogAssetRegistry: FAssetRegistry took 0.0020 seconds to start up
[2022.12.20-03.17.27:038][  0]LogInit: Selected Device Profile: [Windows]
[2022.12.20-03.17.27:130][  0]LogMeshReduction: Using QuadricMeshReduction for automatic static mesh reduction
[2022.12.20-03.17.27:130][  0]LogMeshReduction: Using SimplygonMeshReduction for automatic skeletal mesh reduction
[2022.12.20-03.17.27:130][  0]LogMeshReduction: Using ProxyLODMeshReduction for automatic mesh merging
[2022.12.20-03.17.27:130][  0]LogMeshReduction: No distributed automatic mesh merging module available
[2022.12.20-03.17.27:130][  0]LogMeshMerging: No distributed automatic mesh merging module available
[2022.12.20-03.17.27:142][  0]LogNetVersion: U03_ThirdPerson 1.0.0, NetCL: 13144385, EngineNetVer: 14, GameNetVer: 0 (Checksum: 129161)
[2022.12.20-03.17.27:499][  0]LogAISub: UAISubsystem::UAISubsystem AISubsystem (0000028BC10F1C40), frame # 0
[2022.12.20-03.17.27:499][  0]LogAISub: UAISubsystem::UAISubsystem AIPerceptionSystem (0000028BC1074400), frame # 0
[2022.12.20-03.17.27:500][  0]LogAISub: UAISubsystem::UAISubsystem EnvQueryManager (0000028BC109A000), frame # 0
[2022.12.20-03.17.27:533][  0]LogPackageLocalizationCache: Processed 19 localized package path(s) for 1 prioritized culture(s) in 0.027921 seconds
[2022.12.20-03.17.27:537][  0]LogUObjectArray: 15917 objects as part of root set at end of initial load.
[2022.12.20-03.17.27:537][  0]LogUObjectAllocator: 3965568 out of 0 bytes used by permanent object pool.
[2022.12.20-03.17.27:537][  0]LogUObjectArray: CloseDisregardForGC: 0/0 objects in disregard for GC pool
[2022.12.20-03.17.27:784][  0]LogTcpMessaging: Initializing TcpMessaging bridge
[2022.12.20-03.17.27:787][  0]LogUdpMessaging: Initializing bridge on interface 0.0.0.0:0 to multicast group 230.0.0.1:6666.
[2022.12.20-03.17.27:847][  0]SourceControl: 소스 컨트롤이 꺼졌습니다.
[2022.12.20-03.17.27:847][  0]SourceControl: 소스 컨트롤이 꺼졌습니다.
[2022.12.20-03.17.27:849][  0]SourceControl: 소스 컨트롤이 꺼졌습니다.
[2022.12.20-03.17.27:852][  0]SourceControl: 소스 컨트롤이 꺼졌습니다.
[2022.12.20-03.17.27:857][  0]SourceControl: 소스 컨트롤이 꺼졌습니다.
[2022.12.20-03.17.28:036][  0]LogAndroidPermission: UAndroidPermissionCallbackProxy::GetInstance
[2022.12.20-03.17.28:051][  0]LogAudioCaptureCore: Display: No Audio Capture implementations found. Audio input will be silent.
[2022.12.20-03.17.28:051][  0]LogAudioCaptureCore: Display: No Audio Capture implementations found. Audio input will be silent.
[2022.12.20-03.17.28:087][  0]LogOcInput: OculusInput pre-init called
[2022.12.20-03.17.28:095][  0]LogWindows: Failed to load 'OVRPlugin.dll' (GetLastError=126)
[2022.12.20-03.17.28:095][  0]LogWindows: File 'OVRPlugin.dll' does not exist
[2022.12.20-03.17.28:143][  0]LogEngine: Initializing Engine...
[2022.12.20-03.17.28:144][  0]LogHMD: Failed to initialize OpenVR with code 110
[2022.12.20-03.17.28:144][  0]LogMagicLeap: Warning: VR disabled because ZI is not enabled.  To enable, in the editor, Edit -> Project Settings -> Plugins -> Magic Leap Plugin -> Enable Zero Iteration
[2022.12.20-03.17.28:144][  0]LogStats: UGameplayTagsManager::InitializeManager -  0.000 s
[2022.12.20-03.17.28:236][  0]LogInit: Initializing FReadOnlyCVARCache
[2022.12.20-03.17.28:241][  0]LogAIModule: Creating AISystem for world Untitled
[2022.12.20-03.17.28:241][  0]LogAISub: UAISubsystem::UAISubsystem EnvQueryManager (0000028BC7F77C00), frame # 0
[2022.12.20-03.17.28:241][  0]LogAISub: UAISubsystem::UAISubsystem AIPerceptionSystem (0000028BC7034A40), frame # 0
[2022.12.20-03.17.28:255][  0]LogAudioMixer: Display: Audio Mixer Platform Settings:
[2022.12.20-03.17.28:255][  0]LogAudioMixer: Display: 	Sample Rate:						  48000
[2022.12.20-03.17.28:255][  0]LogAudioMixer: Display: 	Callback Buffer Frame Size Requested: 1024
[2022.12.20-03.17.28:255][  0]LogAudioMixer: Display: 	Callback Buffer Frame Size To Use:	  1024
[2022.12.20-03.17.28:255][  0]LogAudioMixer: Display: 	Number of buffers to queue:			  2
[2022.12.20-03.17.28:255][  0]LogAudioMixer: Display: 	Max Channels (voices):				  32
[2022.12.20-03.17.28:255][  0]LogAudioMixer: Display: 	Number of Async Source Workers:		  0
[2022.12.20-03.17.28:255][  0]LogAudio: Display: AudioDevice MaxSources: 32
[2022.12.20-03.17.28:255][  0]LogAudio: Display: Using built-in audio occlusion.
[2022.12.20-03.17.28:255][  0]LogAudioMixer: Display: Initializing audio mixer.
[2022.12.20-03.17.28:262][  0]LogAudioMixer: Display: Using Audio Device Unknown
[2022.12.20-03.17.28:264][  0]LogAudioMixer: Display: Initializing Sound Submixes...
[2022.12.20-03.17.28:265][  0]LogAudioMixer: Display: Creating Master Submix 'MasterSubmixDefault'
[2022.12.20-03.17.28:265][  0]LogAudioMixer: Display: Creating Master Submix 'MasterReverbSubmixDefault'
[2022.12.20-03.17.28:266][  0]LogAudioMixer: Display: Creating Master Submix 'MasterEQSubmixDefault'
[2022.12.20-03.17.28:267][  0]LogInit: FAudioDevice initialized.
[2022.12.20-03.17.28:268][  0]LogNetVersion: Set ProjectVersion to 1.0.0.0. Version Checksum will be recalculated on next use.
[2022.12.20-03.17.28:556][  0]LogDerivedDataCache: Saved boot cache 0.29s 76MB C:/Users/SGA_C_002/AppData/Local/UnrealEngine/4.25/DerivedDataCache/Boot.ddc.
[2022.12.20-03.17.28:556][  0]LogInit: Texture streaming: Enabled
[2022.12.20-03.17.28:571][  0]LogEngineSessionManager: EngineSessionManager initialized
[2022.12.20-03.17.28:571][  0]LogEditorSessionSummary: Verbose: Initializing EditorSessionSummaryWriter for editor session tracking
[2022.12.20-03.17.28:573][  0]LogEditorSessionSummary: EditorSessionSummaryWriter initialized
[2022.12.20-03.17.28:597][  0]LogInit: Transaction tracking system initialized
[2022.12.20-03.17.28:613][  0]BlueprintLog: New page: 에디터 로드
[2022.12.20-03.17.28:664][  0]LocalizationService: 현지화 서비스가 비활성화되었습니다.
[2022.12.20-03.17.28:773][  0]LogCook: Display: Max memory allowance for cook 16384mb min free memory 0mb
[2022.12.20-03.17.28:773][  0]LogCook: Display: Mobile HDR setting 1
[2022.12.20-03.17.28:866][  0]LogFileCache: Scanning file cache for directory 'D:/U03_ThirdPerson/U03_ThirdPerson_bk/U03_ThirdPerson/Content/' took 0.01s
[2022.12.20-03.17.29:055][  0]SourceControl: 소스 컨트롤이 꺼졌습니다.
[2022.12.20-03.17.29:056][  0]LogUnrealEdMisc: Loading editor; pre map load, took 5.095
[2022.12.20-03.17.29:056][  0]Cmd: MAP LOAD FILE="../../../../../U03_ThirdPerson/U03_ThirdPerson_bk/U03_ThirdPerson/Content/Maps/Demo.umap" TEMPLATE=0 SHOWPROGRESS=1 FEATURELEVEL=3
[2022.12.20-03.17.29:056][  0]LightingResults: New page: 라이팅 빌드
[2022.12.20-03.17.29:078][  0]LogWorld: UWorld::CleanupWorld for Untitled, bSessionEnded=true, bCleanupResources=true
[2022.12.20-03.17.29:078][  0]LogSlate: InvalidateAllWidgets triggered.  All widgets were invalidated
[2022.12.20-03.17.29:078][  0]MapCheck: New page: 맵 체크
[2022.12.20-03.17.29:078][  0]LightingResults: New page: 라이팅 빌드
[2022.12.20-03.17.29:088][  0]LogAISub: UAISubsystem::~UAISubsystem EnvQueryManager (0000028BC7F77C00), frame # 0
[2022.12.20-03.17.29:088][  0]LogAISub: UAISubsystem::~UAISubsystem AIPerceptionSystem (0000028BC7034A40), frame # 0
[2022.12.20-03.17.29:089][  0]LogUObjectHash: Compacting FUObjectHashTables data took   0.60ms
[2022.12.20-03.17.29:626][  0]LogLinker: Warning: '../../../../../U03_ThirdPerson/U03_ThirdPerson_bk/U03_ThirdPerson/Content/Enemies/EQS/EQS_Exam.uasset' 로드 도중 '/Script/EnvironmentQueryEditor' 로드에 실패했습니다: 파일을 찾을 수 없습니다.
[2022.12.20-03.17.29:626][  0]LogLinker: Warning: '../../../../../U03_ThirdPerson/U03_ThirdPerson_bk/U03_ThirdPerson/Content/Enemies/EQS/EQS_Exam.uasset' 로드 도중 '/Script/EnvironmentQueryEditor' 로드에 실패했습니다: 애셋에 대한 파일을 찾을 수 없습니다.
[2022.12.20-03.17.29:626][  0]LogLinker: Warning: '../../../../../U03_ThirdPerson/U03_ThirdPerson_bk/U03_ThirdPerson/Content/Enemies/EQS/EQS_Exam.uasset' 로드 도중 '/Script/EnvironmentQueryEditor' 로드에 실패했습니다: 파일을 찾을 수 없습니다.
[2022.12.20-03.17.29:626][  0]LogLinker: Warning: '../../../../../U03_ThirdPerson/U03_ThirdPerson_bk/U03_ThirdPerson/Content/Enemies/EQS/EQS_Exam.uasset' 로드 도중 '/Script/EnvironmentQueryEditor' 로드에 실패했습니다: 애셋에 대한 파일을 찾을 수 없습니다.
[2022.12.20-03.17.29:626][  0]LogLinker: Warning: '../../../../../U03_ThirdPerson/U03_ThirdPerson_bk/U03_ThirdPerson/Content/Enemies/EQS/EQS_Exam.uasset' 로드 도중 '/Script/EnvironmentQueryEditor' 로드에 실패했습니다: 파일을 찾을 수 없습니다.
[2022.12.20-03.17.29:626][  0]LogLinker: Warning: '../../../../../U03_ThirdPerson/U03_ThirdPerson_bk/U03_ThirdPerson/Content/Enemies/EQS/EQS_Exam.uasset' 로드 도중 '/Script/EnvironmentQueryEditor' 로드에 실패했습니다: 애셋에 대한 파일을 찾을 수 없습니다.
[2022.12.20-03.17.29:626][  0]LogLinker: Warning: '../../../../../U03_ThirdPerson/U03_ThirdPerson_bk/U03_ThirdPerson/Content/Enemies/EQS/EQS_Exam.uasset' 로드 도중 '/Script/EnvironmentQueryEditor' 로드에 실패했습니다: 파일을 찾을 수 없습니다.
[2022.12.20-03.17.29:626][  0]LogLinker: Warning: '../../../../../U03_ThirdPerson/U03_ThirdPerson_bk/U03_ThirdPerson/Content/Enemies/EQS/EQS_Exam.uasset' 로드 도중 '/Script/EnvironmentQueryEditor' 로드에 실패했습니다: 애셋에 대한 파일을 찾을 수 없습니다.
[2022.12.20-03.17.29:626][  0]LogLinker: Warning: '../../../../../U03_ThirdPerson/U03_ThirdPerson_bk/U03_ThirdPerson/Content/Enemies/EQS/EQS_Exam.uasset' 로드 도중 '/Script/EnvironmentQueryEditor' 로드에 실패했습니다: 파일을 찾을 수 없습니다.
[2022.12.20-03.17.29:626][  0]LogLinker: Warning: '../../../../../U03_ThirdPerson/U03_ThirdPerson_bk/U03_ThirdPerson/Content/Enemies/EQS/EQS_Exam.uasset' 로드 도중 '/Script/EnvironmentQueryEditor' 로드에 실패했습니다: 애셋에 대한 파일을 찾을 수 없습니다.
[2022.12.20-03.17.29:626][  0]LogLinker: Warning: '../../../../../U03_ThirdPerson/U03_ThirdPerson_bk/U03_ThirdPerson/Content/Enemies/EQS/BT_EQS.uasset' 로드 도중 '/Script/EnvironmentQueryEditor' 로드에 실패했습니다: 파일을 찾을 수 없습니다.
[2022.12.20-03.17.29:626][  0]LogLinker: Warning: '../../../../../U03_ThirdPerson/U03_ThirdPerson_bk/U03_ThirdPerson/Content/Enemies/EQS/BT_EQS.uasset' 로드 도중 '/Script/EnvironmentQueryEditor' 로드에 실패했습니다: 애셋에 대한 파일을 찾을 수 없습니다.
[2022.12.20-03.17.29:626][  0]LogLinker: Warning: '../../../../../U03_ThirdPerson/U03_ThirdPerson_bk/U03_ThirdPerson/Content/Enemies/EQS/BT_EQS.uasset' 로드 도중 '/Script/EnvironmentQueryEditor' 로드에 실패했습니다: 파일을 찾을 수 없습니다.
[2022.12.20-03.17.29:626][  0]LogLinker: Warning: '../../../../../U03_ThirdPerson/U03_ThirdPerson_bk/U03_ThirdPerson/Content/Enemies/EQS/BT_EQS.uasset' 로드 도중 '/Script/EnvironmentQueryEditor' 로드에 실패했습니다: 애셋에 대한 파일을 찾을 수 없습니다.
[2022.12.20-03.17.29:626][  0]LogLinker: Warning: '../../../../../U03_ThirdPerson/U03_ThirdPerson_bk/U03_ThirdPerson/Content/Enemies/EQS/BT_EQS.uasset' 로드 도중 '/Script/EnvironmentQueryEditor' 로드에 실패했습니다: 파일을 찾을 수 없습니다.
[2022.12.20-03.17.29:626][  0]LogLinker: Warning: '../../../../../U03_ThirdPerson/U03_ThirdPerson_bk/U03_ThirdPerson/Content/Enemies/EQS/BT_EQS.uasset' 로드 도중 '/Script/EnvironmentQueryEditor' 로드에 실패했습니다: 애셋에 대한 파일을 찾을 수 없습니다.
[2022.12.20-03.17.29:626][  0]LogLinker: Warning: '../../../../../U03_ThirdPerson/U03_ThirdPerson_bk/U03_ThirdPerson/Content/Enemies/EQS/BT_EQS.uasset' 로드 도중 '/Script/EnvironmentQueryEditor' 로드에 실패했습니다: 파일을 찾을 수 없습니다.
[2022.12.20-03.17.29:626][  0]LogLinker: Warning: '../../../../../U03_ThirdPerson/U03_ThirdPerson_bk/U03_ThirdPerson/Content/Enemies/EQS/BT_EQS.uasset' 로드 도중 '/Script/EnvironmentQueryEditor' 로드에 실패했습니다: 애셋에 대한 파일을 찾을 수 없습니다.
[2022.12.20-03.17.29:626][  0]LogLinker: Warning: '../../../../../U03_ThirdPerson/U03_ThirdPerson_bk/U03_ThirdPerson/Content/Enemies/EQS/BT_EQS.uasset' 로드 도중 '/Script/EnvironmentQueryEditor' 로드에 실패했습니다: 파일을 찾을 수 없습니다.
[2022.12.20-03.17.29:626][  0]LogLinker: Warning: '../../../../../U03_ThirdPerson/U03_ThirdPerson_bk/U03_ThirdPerson/Content/Enemies/EQS/BT_EQS.uasset' 로드 도중 '/Script/EnvironmentQueryEditor' 로드에 실패했습니다: 애셋에 대한 파일을 찾을 수 없습니다.
[2022.12.20-03.17.29:626][  0]LogLinker: Warning: '../../../../../U03_ThirdPerson/U03_ThirdPerson_bk/U03_ThirdPerson/Content/Enemies/EQS/BT_EQS.uasset' 로드 도중 '/Script/EnvironmentQueryEditor' 로드에 실패했습니다: 파일을 찾을 수 없습니다.
[2022.12.20-03.17.29:626][  0]LogLinker: Warning: '../../../../../U03_ThirdPerson/U03_ThirdPerson_bk/U03_ThirdPerson/Content/Enemies/EQS/BT_EQS.uasset' 로드 도중 '/Script/EnvironmentQueryEditor' 로드에 실패했습니다: 애셋에 대한 파일을 찾을 수 없습니다.
[2022.12.20-03.17.29:626][  0]LogLinker: Warning: '../../../../../U03_ThirdPerson/U03_ThirdPerson_bk/U03_ThirdPerson/Content/Enemies/EQS/BT_EQS.uasset' 로드 도중 '/Script/EnvironmentQueryEditor' 로드에 실패했습니다: 파일을 찾을 수 없습니다.
[2022.12.20-03.17.29:626][  0]LogLinker: Warning: '../../../../../U03_ThirdPerson/U03_ThirdPerson_bk/U03_ThirdPerson/Content/Enemies/EQS/BT_EQS.uasset' 로드 도중 '/Script/EnvironmentQueryEditor' 로드에 실패했습니다: 애셋에 대한 파일을 찾을 수 없습니다.
[2022.12.20-03.17.29:626][  0]LogLinker: Warning: '../../../../../U03_ThirdPerson/U03_ThirdPerson_bk/U03_ThirdPerson/Content/Enemies/EQS/BT_EQS.uasset' 로드 도중 '/Script/EnvironmentQueryEditor' 로드에 실패했습니다: 파일을 찾을 수 없습니다.
[2022.12.20-03.17.29:626][  0]LogLinker: Warning: '../../../../../U03_ThirdPerson/U03_ThirdPerson_bk/U03_ThirdPerson/Content/Enemies/EQS/BT_EQS.uasset' 로드 도중 '/Script/EnvironmentQueryEditor' 로드에 실패했습니다: 애셋에 대한 파일을 찾을 수 없습니다.
[2022.12.20-03.17.29:626][  0]LogLinker: Warning: '../../../../../U03_ThirdPerson/U03_ThirdPerson_bk/U03_ThirdPerson/Content/Enemies/EQS/BT_EQS.uasset' 로드 도중 '/Script/EnvironmentQueryEditor' 로드에 실패했습니다: 파일을 찾을 수 없습니다.
[2022.12.20-03.17.29:626][  0]LogLinker: Warning: '../../../../../U03_ThirdPerson/U03_ThirdPerson_bk/U03_ThirdPerson/Content/Enemies/EQS/BT_EQS.uasset' 로드 도중 '/Script/EnvironmentQueryEditor' 로드에 실패했습니다: 애셋에 대한 파일을 찾을 수 없습니다.
[2022.12.20-03.17.29:626][  0]LogLinker: Warning: '../../../../../U03_ThirdPerson/U03_ThirdPerson_bk/U03_ThirdPerson/Content/Enemies/EQS/BT_EQS.uasset' 로드 도중 '/Script/EnvironmentQueryEditor' 로드에 실패했습니다: 파일을 찾을 수 없습니다.
[2022.12.20-03.17.29:626][  0]LogLinker: Warning: '../../../../../U03_ThirdPerson/U03_ThirdPerson_bk/U03_ThirdPerson/Content/Enemies/EQS/BT_EQS.uasset' 로드 도중 '/Script/EnvironmentQueryEditor' 로드에 실패했습니다: 애셋에 대한 파일을 찾을 수 없습니다.
[2022.12.20-03.17.29:626][  0]LogLinker: Warning: '../../../../../U03_ThirdPerson/U03_ThirdPerson_bk/U03_ThirdPerson/Content/Enemies/EQS/BT_EQS.uasset' 로드 도중 '/Script/EnvironmentQueryEditor' 로드에 실패했습니다: 파일을 찾을 수 없습니다.
[2022.12.20-03.17.29:627][  0]LogLinker: Warning: '../../../../../U03_ThirdPerson/U03_ThirdPerson_bk/U03_ThirdPerson/Content/Enemies/EQS/BT_EQS.uasset' 로드 도중 '/Script/EnvironmentQueryEditor' 로드에 실패했습니다: 애셋에 대한 파일을 찾을 수 없습니다.
[2022.12.20-03.17.29:627][  0]LogLinker: Warning: '../../../../../U03_ThirdPerson/U03_ThirdPerson_bk/U03_ThirdPerson/Content/Enemies/EQS/BT_EQS.uasset' 로드 도중 '/Script/EnvironmentQueryEditor' 로드에 실패했습니다: 파일을 찾을 수 없습니다.
[2022.12.20-03.17.29:627][  0]LogLinker: Warning: '../../../../../U03_ThirdPerson/U03_ThirdPerson_bk/U03_ThirdPerson/Content/Enemies/EQS/BT_EQS.uasset' 로드 도중 '/Script/EnvironmentQueryEditor' 로드에 실패했습니다: 애셋에 대한 파일을 찾을 수 없습니다.
[2022.12.20-03.17.29:627][  0]LogLinker: Warning: '../../../../../U03_ThirdPerson/U03_ThirdPerson_bk/U03_ThirdPerson/Content/Enemies/EQS/BT_EQS.uasset' 로드 도중 '/Script/EnvironmentQueryEditor' 로드에 실패했습니다: 파일을 찾을 수 없습니다.
[2022.12.20-03.17.29:627][  0]LogLinker: Warning: '../../../../../U03_ThirdPerson/U03_ThirdPerson_bk/U03_ThirdPerson/Content/Enemies/EQS/BT_EQS.uasset' 로드 도중 '/Script/EnvironmentQueryEditor' 로드에 실패했습니다: 애셋에 대한 파일을 찾을 수 없습니다.
[2022.12.20-03.17.29:627][  0]LogLinker: Warning: '../../../../../U03_ThirdPerson/U03_ThirdPerson_bk/U03_ThirdPerson/Content/Enemies/EQS/BT_EQS.uasset' 로드 도중 '/Script/EnvironmentQueryEditor' 로드에 실패했습니다: 파일을 찾을 수 없습니다.
[2022.12.20-03.17.29:627][  0]LogLinker: Warning: '../../../../../U03_ThirdPerson/U03_ThirdPerson_bk/U03_ThirdPerson/Content/Enemies/EQS/BT_EQS.uasset' 로드 도중 '/Script/EnvironmentQueryEditor' 로드에 실패했습니다: 애셋에 대한 파일을 찾을 수 없습니다.
[2022.12.20-03.17.29:627][  0]LogLinker: Warning: '../../../../../U03_ThirdPerson/U03_ThirdPerson_bk/U03_ThirdPerson/Content/Enemies/EQS/BT_EQS.uasset' 로드 도중 '/Script/EnvironmentQueryEditor' 로드에 실패했습니다: 파일을 찾을 수 없습니다.
[2022.12.20-03.17.29:627][  0]LogLinker: Warning: '../../../../../U03_ThirdPerson/U03_ThirdPerson_bk/U03_ThirdPerson/Content/Enemies/EQS/BT_EQS.uasset' 로드 도중 '/Script/EnvironmentQueryEditor' 로드에 실패했습니다: 애셋에 대한 파일을 찾을 수 없습니다.
[2022.12.20-03.17.29:627][  0]LogLinker: Warning: '../../../../../U03_ThirdPerson/U03_ThirdPerson_bk/U03_ThirdPerson/Content/Enemies/EQS/BT_EQS.uasset' 로드 도중 '/Script/EnvironmentQueryEditor' 로드에 실패했습니다: 파일을 찾을 수 없습니다.
[2022.12.20-03.17.29:627][  0]LogLinker: Warning: '../../../../../U03_ThirdPerson/U03_ThirdPerson_bk/U03_ThirdPerson/Content/Enemies/EQS/BT_EQS.uasset' 로드 도중 '/Script/EnvironmentQueryEditor' 로드에 실패했습니다: 애셋에 대한 파일을 찾을 수 없습니다.
[2022.12.20-03.17.29:627][  0]LogLinker: Warning: '../../../../../U03_ThirdPerson/U03_ThirdPerson_bk/U03_ThirdPerson/Content/Enemies/EQS/BT_EQS.uasset' 로드 도중 '/Script/EnvironmentQueryEditor' 로드에 실패했습니다: 파일을 찾을 수 없습니다.
[2022.12.20-03.17.29:627][  0]LogLinker: Warning: '../../../../../U03_ThirdPerson/U03_ThirdPerson_bk/U03_ThirdPerson/Content/Enemies/EQS/BT_EQS.uasset' 로드 도중 '/Script/EnvironmentQueryEditor' 로드에 실패했습니다: 애셋에 대한 파일을 찾을 수 없습니다.
[2022.12.20-03.17.29:627][  0]LogLinker: Warning: '../../../../../U03_ThirdPerson/U03_ThirdPerson_bk/U03_ThirdPerson/Content/Enemies/EQS/BT_EQS.uasset' 로드 도중 '/Script/EnvironmentQueryEditor' 로드에 실패했습니다: 파일을 찾을 수 없습니다.
[2022.12.20-03.17.29:627][  0]LogLinker: Warning: '../../../../../U03_ThirdPerson/U03_ThirdPerson_bk/U03_ThirdPerson/Content/Enemies/EQS/BT_EQS.uasset' 로드 도중 '/Script/EnvironmentQueryEditor' 로드에 실패했습니다: 애셋에 대한 파일을 찾을 수 없습니다.
[2022.12.20-03.17.29:677][  0]LogLinker: Warning: '../../../../../U03_ThirdPerson/U03_ThirdPerson_bk/U03_ThirdPerson/Content/Enemies/Strafe/EQS_StrafeLeft.uasset' 로드 도중 '/Script/EnvironmentQueryEditor' 로드에 실패했습니다: 파일을 찾을 수 없습니다.
[2022.12.20-03.17.29:677][  0]LogLinker: Warning: '../../../../../U03_ThirdPerson/U03_ThirdPerson_bk/U03_ThirdPerson/Content/Enemies/Strafe/EQS_StrafeLeft.uasset' 로드 도중 '/Script/EnvironmentQueryEditor' 로드에 실패했습니다: 애셋에 대한 파일을 찾을 수 없습니다.
[2022.12.20-03.17.29:677][  0]LogLinker: Warning: '../../../../../U03_ThirdPerson/U03_ThirdPerson_bk/U03_ThirdPerson/Content/Enemies/Strafe/EQS_StrafeLeft.uasset' 로드 도중 '/Script/EnvironmentQueryEditor' 로드에 실패했습니다: 파일을 찾을 수 없습니다.
[2022.12.20-03.17.29:677][  0]LogLinker: Warning: '../../../../../U03_ThirdPerson/U03_ThirdPerson_bk/U03_ThirdPerson/Content/Enemies/Strafe/EQS_StrafeLeft.uasset' 로드 도중 '/Script/EnvironmentQueryEditor' 로드에 실패했습니다: 애셋에 대한 파일을 찾을 수 없습니다.
[2022.12.20-03.17.29:677][  0]LogLinker: Warning: '../../../../../U03_ThirdPerson/U03_ThirdPerson_bk/U03_ThirdPerson/Content/Enemies/Strafe/EQS_StrafeLeft.uasset' 로드 도중 '/Script/EnvironmentQueryEditor' 로드에 실패했습니다: 파일을 찾을 수 없습니다.
[2022.12.20-03.17.29:677][  0]LogLinker: Warning: '../../../../../U03_ThirdPerson/U03_ThirdPerson_bk/U03_ThirdPerson/Content/Enemies/Strafe/EQS_StrafeLeft.uasset' 로드 도중 '/Script/EnvironmentQueryEditor' 로드에 실패했습니다: 애셋에 대한 파일을 찾을 수 없습니다.
[2022.12.20-03.17.29:677][  0]LogLinker: Warning: '../../../../../U03_ThirdPerson/U03_ThirdPerson_bk/U03_ThirdPerson/Content/Enemies/Strafe/EQS_StrafeLeft.uasset' 로드 도중 '/Script/EnvironmentQueryEditor' 로드에 실패했습니다: 파일을 찾을 수 없습니다.
[2022.12.20-03.17.29:677][  0]LogLinker: Warning: '../../../../../U03_ThirdPerson/U03_ThirdPerson_bk/U03_ThirdPerson/Content/Enemies/Strafe/EQS_StrafeLeft.uasset' 로드 도중 '/Script/EnvironmentQueryEditor' 로드에 실패했습니다: 애셋에 대한 파일을 찾을 수 없습니다.
[2022.12.20-03.17.29:677][  0]LogLinker: Warning: '../../../../../U03_ThirdPerson/U03_ThirdPerson_bk/U03_ThirdPerson/Content/Enemies/Strafe/EQS_StrafeLeft.uasset' 로드 도중 '/Script/EnvironmentQueryEditor' 로드에 실패했습니다: 파일을 찾을 수 없습니다.
[2022.12.20-03.17.29:677][  0]LogLinker: Warning: '../../../../../U03_ThirdPerson/U03_ThirdPerson_bk/U03_ThirdPerson/Content/Enemies/Strafe/EQS_StrafeLeft.uasset' 로드 도중 '/Script/EnvironmentQueryEditor' 로드에 실패했습니다: 애셋에 대한 파일을 찾을 수 없습니다.
[2022.12.20-03.17.29:677][  0]LogLinker: Warning: '../../../../../U03_ThirdPerson/U03_ThirdPerson_bk/U03_ThirdPerson/Content/Enemies/Strafe/BTService_StrafeAround.uasset' 로드 도중 '/Script/EnvironmentQueryEditor' 로드에 실패했습니다: 파일을 찾을 수 없습니다.
[2022.12.20-03.17.29:677][  0]LogLinker: Warning: '../../../../../U03_ThirdPerson/U03_ThirdPerson_bk/U03_ThirdPerson/Content/Enemies/Strafe/BTService_StrafeAround.uasset' 로드 도중 '/Script/EnvironmentQueryEditor' 로드에 실패했습니다: 애셋에 대한 파일을 찾을 수 없습니다.
[2022.12.20-03.17.29:677][  0]LogLinker: Warning: '../../../../../U03_ThirdPerson/U03_ThirdPerson_bk/U03_ThirdPerson/Content/Enemies/Strafe/BTService_StrafeAround.uasset' 로드 도중 '/Script/EnvironmentQueryEditor' 로드에 실패했습니다: 파일을 찾을 수 없습니다.
[2022.12.20-03.17.29:677][  0]LogLinker: Warning: '../../../../../U03_ThirdPerson/U03_ThirdPerson_bk/U03_ThirdPerson/Content/Enemies/Strafe/BTService_StrafeAround.uasset' 로드 도중 '/Script/EnvironmentQueryEditor' 로드에 실패했습니다: 애셋에 대한 파일을 찾을 수 없습니다.
[2022.12.20-03.17.29:677][  0]LogLinker: Warning: '../../../../../U03_ThirdPerson/U03_ThirdPerson_bk/U03_ThirdPerson/Content/Enemies/Strafe/BTService_StrafeAround.uasset' 로드 도중 '/Script/EnvironmentQueryEditor' 로드에 실패했습니다: 파일을 찾을 수 없습니다.
[2022.12.20-03.17.29:677][  0]LogLinker: Warning: '../../../../../U03_ThirdPerson/U03_ThirdPerson_bk/U03_ThirdPerson/Content/Enemies/Strafe/BTService_StrafeAround.uasset' 로드 도중 '/Script/EnvironmentQueryEditor' 로드에 실패했습니다: 애셋에 대한 파일을 찾을 수 없습니다.
[2022.12.20-03.17.29:677][  0]LogLinker: Warning: '../../../../../U03_ThirdPerson/U03_ThirdPerson_bk/U03_ThirdPerson/Content/Enemies/Strafe/BTService_StrafeAround.uasset' 로드 도중 '/Script/EnvironmentQueryEditor' 로드에 실패했습니다: 파일을 찾을 수 없습니다.
[2022.12.20-03.17.29:677][  0]LogLinker: Warning: '../../../../../U03_ThirdPerson/U03_ThirdPerson_bk/U03_ThirdPerson/Content/Enemies/Strafe/BTService_StrafeAround.uasset' 로드 도중 '/Script/EnvironmentQueryEditor' 로드에 실패했습니다: 애셋에 대한 파일을 찾을 수 없습니다.
[2022.12.20-03.17.29:677][  0]LogLinker: Warning: '../../../../../U03_ThirdPerson/U03_ThirdPerson_bk/U03_ThirdPerson/Content/Enemies/Strafe/BTService_StrafeAround.uasset' 로드 도중 '/Script/EnvironmentQueryEditor' 로드에 실패했습니다: 파일을 찾을 수 없습니다.
[2022.12.20-03.17.29:677][  0]LogLinker: Warning: '../../../../../U03_ThirdPerson/U03_ThirdPerson_bk/U03_ThirdPerson/Content/Enemies/Strafe/BTService_StrafeAround.uasset' 로드 도중 '/Script/EnvironmentQueryEditor' 로드에 실패했습니다: 애셋에 대한 파일을 찾을 수 없습니다.
[2022.12.20-03.17.29:677][  0]LogLinker: Warning: '../../../../../U03_ThirdPerson/U03_ThirdPerson_bk/U03_ThirdPerson/Content/Enemies/Strafe/BTService_StrafeAround.uasset' 로드 도중 '/Script/EnvironmentQueryEditor' 로드에 실패했습니다: 파일을 찾을 수 없습니다.
[2022.12.20-03.17.29:677][  0]LogLinker: Warning: '../../../../../U03_ThirdPerson/U03_ThirdPerson_bk/U03_ThirdPerson/Content/Enemies/Strafe/BTService_StrafeAround.uasset' 로드 도중 '/Script/EnvironmentQueryEditor' 로드에 실패했습니다: 애셋에 대한 파일을 찾을 수 없습니다.
[2022.12.20-03.17.29:677][  0]LogLinker: Warning: '../../../../../U03_ThirdPerson/U03_ThirdPerson_bk/U03_ThirdPerson/Content/Enemies/Strafe/BTService_StrafeAround.uasset' 로드 도중 '/Script/EnvironmentQueryEditor' 로드에 실패했습니다: 파일을 찾을 수 없습니다.
[2022.12.20-03.17.29:677][  0]LogLinker: Warning: '../../../../../U03_ThirdPerson/U03_ThirdPerson_bk/U03_ThirdPerson/Content/Enemies/Strafe/BTService_StrafeAround.uasset' 로드 도중 '/Script/EnvironmentQueryEditor' 로드에 실패했습니다: 애셋에 대한 파일을 찾을 수 없습니다.
[2022.12.20-03.17.29:677][  0]LogLinker: Warning: '../../../../../U03_ThirdPerson/U03_ThirdPerson_bk/U03_ThirdPerson/Content/Enemies/Strafe/BTService_StrafeAround.uasset' 로드 도중 '/Script/EnvironmentQueryEditor' 로드에 실패했습니다: 파일을 찾을 수 없습니다.
[2022.12.20-03.17.29:677][  0]LogLinker: Warning: '../../../../../U03_ThirdPerson/U03_ThirdPerson_bk/U03_ThirdPerson/Content/Enemies/Strafe/BTService_StrafeAround.uasset' 로드 도중 '/Script/EnvironmentQueryEditor' 로드에 실패했습니다: 애셋에 대한 파일을 찾을 수 없습니다.
[2022.12.20-03.17.29:864][  0]LogBlueprint: Warning: [Compiler BP_DemoRoom] Set Text (String) : 'Set Text (String)' 사용은 폐기되었습니다. Use the SetText function taking an FText instead.
[2022.12.20-03.17.29:864][  0]LogBlueprint: Warning: [Compiler BP_DemoRoom] Set Text (String) : 'Set Text (String)' 사용은 폐기되었습니다. Use the SetText function taking an FText instead.
[2022.12.20-03.17.30:321][  0]LogAIModule: Creating AISystem for world Demo
[2022.12.20-03.17.30:323][  0]LogAISub: UAISubsystem::UAISubsystem EnvQueryManager (0000028BD8215E00), frame # 0
[2022.12.20-03.17.30:324][  0]LogAISub: UAISubsystem::UAISubsystem AIPerceptionSystem (0000028BD8271A80), frame # 0
[2022.12.20-03.17.30:396][  0]LogEditorServer: Finished looking for orphan Actors (0.000 secs)
[2022.12.20-03.17.30:420][  0]LogUObjectHash: Compacting FUObjectHashTables data took   1.26ms
[2022.12.20-03.17.30:420][  0]Cmd: MAP CHECKDEP NOCLEARLOG
[2022.12.20-03.17.30:420][  0]MapCheck: 맵 체크 완료: 오류 0 회, 경고 0 회, 소요 시간 0.097ms.
[2022.12.20-03.17.30:420][  0]LogFileHelpers: Loading map 'Demo' took 1.365
[2022.12.20-03.17.30:422][  0]LogUnrealEdMisc: Total Editor Startup Time, took 6.461
[2022.12.20-03.17.30:541][  0]LogSlate: Updating window title bar state: overlay mode, drag disabled, window buttons hidden, title bar hidden
[2022.12.20-03.17.30:546][  0]LogSlate: Updating window title bar state: overlay mode, drag disabled, window buttons hidden, title bar hidden
[2022.12.20-03.17.30:552][  0]LogSlate: Updating window title bar state: overlay mode, drag disabled, window buttons hidden, title bar hidden
[2022.12.20-03.17.30:558][  0]LogSlate: Updating window title bar state: overlay mode, drag disabled, window buttons hidden, title bar hidden
[2022.12.20-03.17.30:562][  0]LogCollectionManager: Loaded 0 collections in 0.000863 seconds
[2022.12.20-03.17.30:574][  0]LogFileCache: Scanning file cache for directory 'D:/U03_ThirdPerson/U03_ThirdPerson_bk/U03_ThirdPerson/Saved/Collections/' took 0.00s
[2022.12.20-03.17.30:574][  0]LogFileCache: Scanning file cache for directory 'D:/U03_ThirdPerson/U03_ThirdPerson_bk/U03_ThirdPerson/Content/Developers/SGAC002/Collections/' took 0.00s
[2022.12.20-03.17.30:574][  0]LogFileCache: Scanning file cache for directory 'D:/U03_ThirdPerson/U03_ThirdPerson_bk/U03_ThirdPerson/Content/Collections/' took 0.00s
[2022.12.20-03.17.30:574][  0]LogContentBrowser: Native class hierarchy populated in 0.0075 seconds. Added 3427 classes and 821 folders.
[2022.12.20-03.17.30:577][  0]LogContentBrowser: Native class hierarchy updated for 'WidgetCarousel' in 0.0002 seconds. Added 0 classes and 0 folders.
[2022.12.20-03.17.30:612][  0]LogContentBrowser: Native class hierarchy updated for 'AddContentDialog' in 0.0002 seconds. Added 0 classes and 0 folders.
[2022.12.20-03.17.30:620][  0]LogContentBrowser: Native class hierarchy updated for 'SceneOutliner' in 0.0002 seconds. Added 2 classes and 0 folders.
[2022.12.20-03.17.30:652][  0]LogSlate: Took 0.000399 seconds to synchronously load lazily loaded font '../../../Engine/Content/Slate/Fonts/Roboto-Regular.ttf' (155K)
[2022.12.20-03.17.30:660][  0]LogSlate: Took 0.004622 seconds to synchronously load lazily loaded font '../../../Engine/Content/Editor/Slate/Fonts/NanumGothic.ttf' (4243K)
[2022.12.20-03.17.30:664][  0]LogSlate: Took 0.003334 seconds to synchronously load lazily loaded font '../../../Engine/Content/Editor/Slate/Fonts/NanumGothicBold.ttf' (4188K)
[2022.12.20-03.17.30:665][  0]LogSlate: Took 0.000182 seconds to synchronously load lazily loaded font '../../../Engine/Content/Slate/Fonts/Roboto-Bold.ttf' (160K)
[2022.12.20-03.17.30:671][  0]LogSlate: Took 0.000195 seconds to synchronously load lazily loaded font '../../../Engine/Content/Editor/Slate/Fonts/FontAwesome.ttf' (139K)
[2022.12.20-03.17.30:734][  0]LogRenderer: Reallocating scene render targets to support 1244x568 Format 10 NumSamples 1 (Frame:1).
[2022.12.20-03.17.30:817][  0]LogContentBrowser: Native class hierarchy updated for 'HierarchicalLODOutliner' in 0.0002 seconds. Added 0 classes and 0 folders.
[2022.12.20-03.17.30:817][  0]LogLoad: (Engine Initialization) Total time: 6.86 seconds
[2022.12.20-03.17.30:817][  0]LogLoad: (Engine Initialization) Total Blueprint compile time: 0.00 seconds
[2022.12.20-03.17.30:861][  0]LogAssetRegistry: Asset discovery search completed in 4.0127 seconds
[2022.12.20-03.17.30:864][  0]LogCollectionManager: Fixed up redirectors for 0 collections in 0.000002 seconds (updated 0 objects)
[2022.12.20-03.17.30:865][  0]LogContentStreaming: Texture pool size now 1000 MB
[2022.12.20-03.17.30:907][  0]LogSlate: Took 0.000423 seconds to synchronously load lazily loaded font '../../../Engine/Content/Slate/Fonts/Roboto-Light.ttf' (167K)
[2022.12.20-03.17.32:172][  4]LogSlate: Took 0.000559 seconds to synchronously load lazily loaded font '../../../Engine/Content/Slate/Fonts/Roboto-Light.ttf' (167K)
[2022.12.20-03.19.08:743][514]LogAssetEditorSubsystem: Opening Asset editor for Blueprint /Game/Enemies/Strafe/BP_Enemy_Strafe.BP_Enemy_Strafe
[2022.12.20-03.19.08:898][514]LogContentBrowser: Native class hierarchy updated for 'BlueprintGraph' in 0.0004 seconds. Added 125 classes and 0 folders.
[2022.12.20-03.19.13:702][949]LogSlate: Window 'BP_Enemy_Strafe' being destroyed
[2022.12.20-03.19.13:709][949]LogWorld: UWorld::CleanupWorld for World_4, bSessionEnded=true, bCleanupResources=true
[2022.12.20-03.19.13:709][949]LogSlate: InvalidateAllWidgets triggered.  All widgets were invalidated
[2022.12.20-03.19.13:754][949]LogAssetEditorSubsystem: Opening Asset editor for Blueprint /Game/Enemies/Strafe/BP_Enemy_Strafe.BP_Enemy_Strafe
[2022.12.20-03.19.14:113][949]LogSlate: Took 0.000138 seconds to synchronously load lazily loaded font '../../../Engine/Content/Slate/Fonts/Roboto-BoldCondensed.ttf' (158K)
[2022.12.20-03.19.18:293][419]LogSlate: Prevented a slow task dialog from being summoned while a context menu was open
[2022.12.20-03.19.18:293][419]LogAssetEditorSubsystem: Opening Asset editor for Blueprint /Game/Enemies/BP_Enemy.BP_Enemy
[2022.12.20-03.19.18:702][420]LogSlate: Took 0.000158 seconds to synchronously load lazily loaded font '../../../Engine/Content/Slate/Fonts/Roboto-Italic.ttf' (157K)
[2022.12.20-03.19.23:459][842]LogUObjectHash: Compacting FUObjectHashTables data took   2.08ms
[2022.12.20-03.19.23:475][842]Cmd: OBJ SAVEPACKAGE PACKAGE="/Game/Maps/Demo" FILE="../../../../../U03_ThirdPerson/U03_ThirdPerson_bk/U03_ThirdPerson/Content/Maps/Demo.umap" SILENT=true AUTOSAVING=false KEEPDIRTY=false
[2022.12.20-03.19.23:494][842]LogUObjectHash: Compacting FUObjectHashTables data took   1.57ms
[2022.12.20-03.19.23:583][842]LogSavePackage: Moving '../../../../../U03_ThirdPerson/U03_ThirdPerson_bk/U03_ThirdPerson/Saved/DemoAEEEC28A49BC5B1BF8904ABA49A4D503.tmp' to '../../../../../U03_ThirdPerson/U03_ThirdPerson_bk/U03_ThirdPerson/Content/Maps/Demo.umap'
[2022.12.20-03.19.23:593][842]LogFileHelpers: Saving map 'Demo' took 0.119
[2022.12.20-03.19.23:593][842]Cmd: OBJ SAVEPACKAGE PACKAGE="/Game/Maps/Demo_BuiltData" FILE="../../../../../U03_ThirdPerson/U03_ThirdPerson_bk/U03_ThirdPerson/Content/Maps/Demo_BuiltData.uasset" SILENT=true
[2022.12.20-03.19.24:783][842]LogSavePackage: Moving '../../../../../U03_ThirdPerson/U03_ThirdPerson_bk/U03_ThirdPerson/Saved/Demo_BuiltDataDA41307844899E39B13B21BC1A8B1784.tmp' to '../../../../../U03_ThirdPerson/U03_ThirdPerson_bk/U03_ThirdPerson/Content/Maps/Demo_BuiltData.uasset'
[2022.12.20-03.19.24:797][842]Cmd: OBJ SAVEPACKAGE PACKAGE="/Game/Enemies/BP_Enemy" FILE="../../../../../U03_ThirdPerson/U03_ThirdPerson_bk/U03_ThirdPerson/Content/Enemies/BP_Enemy.uasset" SILENT=true
[2022.12.20-03.19.24:844][842]LogSavePackage: Moving '../../../../../U03_ThirdPerson/U03_ThirdPerson_bk/U03_ThirdPerson/Saved/BP_EnemyD73CB3AE4831870F6B2854B64C14188F.tmp' to '../../../../../U03_ThirdPerson/U03_ThirdPerson_bk/U03_ThirdPerson/Content/Enemies/BP_Enemy.uasset'
[2022.12.20-03.19.24:859][842]Cmd: OBJ SAVEPACKAGE PACKAGE="/Game/Demo/BP_IMelee" FILE="../../../../../U03_ThirdPerson/U03_ThirdPerson_bk/U03_ThirdPerson/Content/Demo/BP_IMelee.uasset" SILENT=true
[2022.12.20-03.19.24:924][842]LogSavePackage: Moving '../../../../../U03_ThirdPerson/U03_ThirdPerson_bk/U03_ThirdPerson/Saved/BP_IMelee881581A84946E137A1AC72A7E9835D35.tmp' to '../../../../../U03_ThirdPerson/U03_ThirdPerson_bk/U03_ThirdPerson/Content/Demo/BP_IMelee.uasset'
[2022.12.20-03.19.24:940][842]Cmd: OBJ SAVEPACKAGE PACKAGE="/Game/Demo/BP_IThrow" FILE="../../../../../U03_ThirdPerson/U03_ThirdPerson_bk/U03_ThirdPerson/Content/Demo/BP_IThrow.uasset" SILENT=true
[2022.12.20-03.19.24:955][842]LogSavePackage: Moving '../../../../../U03_ThirdPerson/U03_ThirdPerson_bk/U03_ThirdPerson/Saved/BP_IThrow7364D00A41AE41CECBD98EBB90237E18.tmp' to '../../../../../U03_ThirdPerson/U03_ThirdPerson_bk/U03_ThirdPerson/Content/Demo/BP_IThrow.uasset'
[2022.12.20-03.19.24:964][842]Cmd: OBJ SAVEPACKAGE PACKAGE="/Game/Enemies/EQS/BP_Enemy_EQS" FILE="../../../../../U03_ThirdPerson/U03_ThirdPerson_bk/U03_ThirdPerson/Content/Enemies/EQS/BP_Enemy_EQS.uasset" SILENT=true
[2022.12.20-03.19.24:975][842]LogSavePackage: Moving '../../../../../U03_ThirdPerson/U03_ThirdPerson_bk/U03_ThirdPerson/Saved/BP_Enemy_EQS5C309BBE48ADF6767631EB8CDA68ADFD.tmp' to '../../../../../U03_ThirdPerson/U03_ThirdPerson_bk/U03_ThirdPerson/Content/Enemies/EQS/BP_Enemy_EQS.uasset'
[2022.12.20-03.19.24:985][842]Cmd: OBJ SAVEPACKAGE PACKAGE="/Game/Enemies/BP_Enemy_AI" FILE="../../../../../U03_ThirdPerson/U03_ThirdPerson_bk/U03_ThirdPerson/Content/Enemies/BP_Enemy_AI.uasset" SILENT=true
[2022.12.20-03.19.24:998][842]LogSavePackage: Moving '../../../../../U03_ThirdPerson/U03_ThirdPerson_bk/U03_ThirdPerson/Saved/BP_Enemy_AI3F5E5CD74520C64DD585BE84BB88D965.tmp' to '../../../../../U03_ThirdPerson/U03_ThirdPerson_bk/U03_ThirdPerson/Content/Enemies/BP_Enemy_AI.uasset'
[2022.12.20-03.19.25:019][842]LogSavePackage: Moving '../../../../../U03_ThirdPerson/U03_ThirdPerson_bk/U03_ThirdPerson/Saved/BP_Enemy_PerceptionCE68026A46A635614139A59C3D3D5E0C.tmp' to '../../../../../U03_ThirdPerson/U03_ThirdPerson_bk/U03_ThirdPerson/Content/Enemies/Perception/BP_Enemy_Perception.uasset'
[2022.12.20-03.19.25:028][842]Cmd: OBJ SAVEPACKAGE PACKAGE="/Game/Enemies/Strafe/BP_Enemy_Strafe" FILE="../../../../../U03_ThirdPerson/U03_ThirdPerson_bk/U03_ThirdPerson/Content/Enemies/Strafe/BP_Enemy_Strafe.uasset" SILENT=true
[2022.12.20-03.19.25:041][842]LogSavePackage: Moving '../../../../../U03_ThirdPerson/U03_ThirdPerson_bk/U03_ThirdPerson/Saved/BP_Enemy_StrafeC4B119DD46C94A0BF9595CBB67C5CFE0.tmp' to '../../../../../U03_ThirdPerson/U03_ThirdPerson_bk/U03_ThirdPerson/Content/Enemies/Strafe/BP_Enemy_Strafe.uasset'
[2022.12.20-03.19.25:092][842]AssetCheck: New page: 애셋 저장: 애셋이 다수입니다.
[2022.12.20-03.19.25:092][842]LogContentValidation: Display: World /Game/Maps/Demo.Demo 유효성 검사
[2022.12.20-03.19.25:092][842]LogContentValidation: Display: MapBuildDataRegistry /Game/Maps/Demo_BuiltData.Demo_BuiltData 유효성 검사
[2022.12.20-03.19.25:092][842]LogContentValidation: Display: Blueprint /Game/Enemies/BP_Enemy.BP_Enemy 유효성 검사
[2022.12.20-03.19.25:092][842]LogContentValidation: Display: Blueprint /Game/Demo/BP_IMelee.BP_IMelee 유효성 검사
[2022.12.20-03.19.25:092][842]LogContentValidation: Display: Blueprint /Game/Demo/BP_IThrow.BP_IThrow 유효성 검사
[2022.12.20-03.19.25:092][842]LogContentValidation: Display: Blueprint /Game/Enemies/EQS/BP_Enemy_EQS.BP_Enemy_EQS 유효성 검사
[2022.12.20-03.19.25:092][842]LogContentValidation: Display: Blueprint /Game/Enemies/BP_Enemy_AI.BP_Enemy_AI 유효성 검사
[2022.12.20-03.19.25:092][842]LogContentValidation: Display: Blueprint /Game/Enemies/Perception/BP_Enemy_Perception.BP_Enemy_Perception 유효성 검사
[2022.12.20-03.19.25:092][842]LogContentValidation: Display: Blueprint /Game/Enemies/Strafe/BP_Enemy_Strafe.BP_Enemy_Strafe 유효성 검사
[2022.12.20-03.19.25:494][881]BlueprintLog: New page: BP_Enemy 컴파일
[2022.12.20-03.19.25:672][881]LogUObjectHash: Compacting FUObjectHashTables data took   2.02ms
[2022.12.20-03.19.30:452][354]LogSlate: Window '플러그인' being destroyed
[2022.12.20-03.19.30:455][354]LogSlate: Window '플러그인' being destroyed
[2022.12.20-03.19.30:456][354]LogDirectoryWatcher: A directory notification for '../../../Engine/Plugins/' was aborted.
[2022.12.20-03.19.32:757][616]LogTemp: Repeating last play command: 선택된 뷰포트
[2022.12.20-03.19.32:764][616]LogPlayLevel: PlayLevel: No blueprints needed recompiling
[2022.12.20-03.19.32:764][616]PIE: New page: PIE 세션: Demo (2022. 12. 20. 오후 9:19:32)
[2022.12.20-03.19.32:765][616]LogOnline: OSS: Creating online subsystem instance for: NULL
[2022.12.20-03.19.32:766][616]LogOnline: OSS: TryLoadSubsystemAndSetDefault: Loaded subsystem for module [NULL]
[2022.12.20-03.19.32:766][616]LogPlayLevel: Creating play world package: /Game/Maps/UEDPIE_0_Demo
[2022.12.20-03.19.32:790][616]LogPlayLevel: PIE: StaticDuplicateObject took: (0.024600s)
[2022.12.20-03.19.32:791][616]LogAIModule: Creating AISystem for world Demo
[2022.12.20-03.19.32:791][616]LogAISub: UAISubsystem::UAISubsystem EnvQueryManager (0000028C3D8D7E00), frame # 4616
[2022.12.20-03.19.32:791][616]LogAISub: UAISubsystem::UAISubsystem AIPerceptionSystem (0000028BB5F5CF40), frame # 4616
[2022.12.20-03.19.32:791][616]LogPlayLevel: PIE: World Init took: (0.001118s)
[2022.12.20-03.19.32:791][616]LogPlayLevel: PIE: Created PIE world by copying editor world from /Game/Maps/Demo.Demo to /Game/Maps/UEDPIE_0_Demo.Demo (0.025875s)
[2022.12.20-03.19.32:817][616]LogUObjectHash: Compacting FUObjectHashTables data took   2.14ms
[2022.12.20-03.19.32:821][616]LogAudioMixer: Display: Audio Mixer Platform Settings:
[2022.12.20-03.19.32:821][616]LogAudioMixer: Display: 	Sample Rate:						  48000
[2022.12.20-03.19.32:821][616]LogAudioMixer: Display: 	Callback Buffer Frame Size Requested: 1024
[2022.12.20-03.19.32:821][616]LogAudioMixer: Display: 	Callback Buffer Frame Size To Use:	  1024
[2022.12.20-03.19.32:821][616]LogAudioMixer: Display: 	Number of buffers to queue:			  2
[2022.12.20-03.19.32:821][616]LogAudioMixer: Display: 	Max Channels (voices):				  32
[2022.12.20-03.19.32:821][616]LogAudioMixer: Display: 	Number of Async Source Workers:		  0
[2022.12.20-03.19.32:821][616]LogAudio: Display: AudioDevice MaxSources: 32
[2022.12.20-03.19.32:821][616]LogAudio: Display: Using built-in audio occlusion.
[2022.12.20-03.19.32:821][616]LogAudioMixer: Display: Initializing audio mixer.
[2022.12.20-03.19.32:822][616]LogAudioMixer: Display: Using Audio Device Unknown
[2022.12.20-03.19.32:822][616]LogAudioMixer: Display: Initializing Sound Submixes...
[2022.12.20-03.19.32:822][616]LogAudioMixer: Display: Creating Master Submix 'MasterSubmixDefault'
[2022.12.20-03.19.32:822][616]LogAudioMixer: Display: Creating Master Submix 'MasterReverbSubmixDefault'
[2022.12.20-03.19.32:822][616]LogAudioMixer: Display: Creating Master Submix 'MasterEQSubmixDefault'
[2022.12.20-03.19.32:825][616]LogInit: FAudioDevice initialized.
[2022.12.20-03.19.32:839][616]LogLoad: Game class is 'BP_GameMode_C'
[2022.12.20-03.19.32:855][616]LogWorld: Bringing World /Game/Maps/UEDPIE_0_Demo.Demo up for play (max tick rate 0) at 2022.12.20-12.19.32
[2022.12.20-03.19.32:859][616]LogWorld: Bringing up level for play took: 0.019171
[2022.12.20-03.19.32:859][616]LogOnline: OSS: Creating online subsystem instance for: :Context_15
[2022.12.20-03.19.32:862][616]LogContentBrowser: Native class hierarchy updated for 'MovieSceneCapture' in 0.0003 seconds. Added 20 classes and 0 folders.
[2022.12.20-03.19.32:873][616]PIE: 서버가 로그인했습니다.
[2022.12.20-03.19.32:874][616]PIE: 에디터에서 플레이 총 시작 시간 0.114초입니다.
[2022.12.20-03.19.43:199][816]LogBlueprintUserMessages: [BP_Enemy_Strafe_2] 5.726707
[2022.12.20-03.19.44:903][ 17]LogBlueprintUserMessages: [BP_Enemy_Strafe_2] 5.894238
[2022.12.20-03.19.46:470][205]LogBlueprintUserMessages: [BP_Enemy_Strafe_2] 5.0
[2022.12.20-03.19.47:204][293]LogBlueprintUserMessages: [BP_Enemy_Strafe_2] 15.0
[2022.12.20-03.19.48:278][422]LogBlueprintUserMessages: [BP_Enemy_Strafe_2] 30.0
[2022.12.20-03.19.49:903][617]LogBlueprintUserMessages: [BP_Enemy_Strafe_2] 5.0
[2022.12.20-03.19.51:846][850]LogBlueprintUserMessages: [BP_Enemy_Strafe_2] 5.625172
[2022.12.20-03.19.52:570][937]LogBlueprintUserMessages: [BP_Enemy_Strafe_2] 17.523315
[2022.12.20-03.19.53:596][ 60]LogBlueprintUserMessages: [BP_Enemy_Strafe_2] 33.203255
[2022.12.20-03.19.57:319][491]LogSlate: Updating window title bar state: overlay mode, drag disabled, window buttons hidden, title bar hidden
[2022.12.20-03.19.57:319][491]LogWorld: BeginTearingDown for /Game/Maps/UEDPIE_0_Demo
[2022.12.20-03.19.57:321][491]LogWorld: UWorld::CleanupWorld for Demo, bSessionEnded=true, bCleanupResources=true
[2022.12.20-03.19.57:332][491]LogSlate: InvalidateAllWidgets triggered.  All widgets were invalidated
[2022.12.20-03.19.57:343][491]LogPlayLevel: Display: Shutting down PIE online subsystems
[2022.12.20-03.19.57:350][491]LogSlate: InvalidateAllWidgets triggered.  All widgets were invalidated
[2022.12.20-03.19.57:380][491]LogSlate: Updating window title bar state: overlay mode, drag disabled, window buttons hidden, title bar hidden
[2022.12.20-03.19.57:390][491]LogAISub: UAISubsystem::~UAISubsystem AIPerceptionSystem (0000028BB5F5CF40), frame # 7491
[2022.12.20-03.19.57:390][491]LogAISub: UAISubsystem::~UAISubsystem EnvQueryManager (0000028C3D8D7E00), frame # 7491
[2022.12.20-03.19.57:405][491]LogUObjectHash: Compacting FUObjectHashTables data took   3.27ms
[2022.12.20-03.19.57:423][492]LogPlayLevel: Display: Destroying online subsystem :Context_15
